[0.009s] Invoking command in '/home/han/Desktop/Han_ws/10.minibot/build/minibot_hardware_interface': /usr/bin/cmake /home/han/Desktop/Han_ws/10.minibot/src/pinklab_minibot_robot/minibot_hardware_interface -DCMAKE_INSTALL_PREFIX=/home/han/Desktop/Han_ws/10.minibot/install/minibot_hardware_interface
[0.029s] -- Configuring incomplete, errors occurred!
[0.029s] See also "/home/han/Desktop/Han_ws/10.minibot/build/minibot_hardware_interface/CMakeFiles/CMakeOutput.log".
[0.029s] [31mCMake Error at CMakeLists.txt:15 (find_package):
[0.029s]   By not providing "Findament_cmake.cmake" in CMAKE_MODULE_PATH this project
[0.029s]   has asked CMake to find a package configuration file provided by
[0.029s]   "ament_cmake", but CMake did not find one.
[0.029s] 
[0.029s]   Could not find a package configuration file provided by "ament_cmake" with
[0.029s]   any of the following names:
[0.029s] 
[0.029s]     ament_cmakeConfig.cmake
[0.029s]     ament_cmake-config.cmake
[0.029s] 
[0.030s]   Add the installation prefix of "ament_cmake" to CMAKE_PREFIX_PATH or set
[0.030s]   "ament_cmake_DIR" to a directory containing one of the above files.  If
[0.030s]   "ament_cmake" provides a separate development package or SDK, be sure it
[0.030s]   has been installed.
[0.030s] 
[0.030s] [0m
[0.032s] Invoked command in '/home/han/Desktop/Han_ws/10.minibot/build/minibot_hardware_interface' returned '1': /usr/bin/cmake /home/han/Desktop/Han_ws/10.minibot/src/pinklab_minibot_robot/minibot_hardware_interface -DCMAKE_INSTALL_PREFIX=/home/han/Desktop/Han_ws/10.minibot/install/minibot_hardware_interface
