[0.015s] Invoking command in '/home/han/Desktop/Han_ws/10.minibot/build/minibot_navigation2': CMAKE_PREFIX_PATH=/opt/ros/humble /usr/bin/cmake --build /home/han/Desktop/Han_ws/10.minibot/build/minibot_navigation2 -- -j12 -l12
[0.050s] Invoked command in '/home/han/Desktop/Han_ws/10.minibot/build/minibot_navigation2' returned '0': CMAKE_PREFIX_PATH=/opt/ros/humble /usr/bin/cmake --build /home/han/Desktop/Han_ws/10.minibot/build/minibot_navigation2 -- -j12 -l12
[0.074s] Invoking command in '/home/han/Desktop/Han_ws/10.minibot/build/minibot_navigation2': CMAKE_PREFIX_PATH=/opt/ros/humble /usr/bin/cmake --install /home/han/Desktop/Han_ws/10.minibot/build/minibot_navigation2
[0.085s] -- Install configuration: ""
[0.086s] -- Up-to-date: /home/han/Desktop/Han_ws/10.minibot/install/minibot_navigation2/share/minibot_navigation2/config
[0.086s] -- Up-to-date: /home/han/Desktop/Han_ws/10.minibot/install/minibot_navigation2/share/minibot_navigation2/config/mapper_params.yaml
[0.087s] -- Up-to-date: /home/han/Desktop/Han_ws/10.minibot/install/minibot_navigation2/share/minibot_navigation2/launch
[0.087s] -- Up-to-date: /home/han/Desktop/Han_ws/10.minibot/install/minibot_navigation2/share/minibot_navigation2/launch/rviz_launch.py
[0.087s] -- Up-to-date: /home/han/Desktop/Han_ws/10.minibot/install/minibot_navigation2/share/minibot_navigation2/launch/bringup_launch.py
[0.087s] -- Up-to-date: /home/han/Desktop/Han_ws/10.minibot/install/minibot_navigation2/share/minibot_navigation2/launch/map_building.launch.py
[0.087s] -- Up-to-date: /home/han/Desktop/Han_ws/10.minibot/install/minibot_navigation2/share/minibot_navigation2/launch/localization_launch.py
[0.088s] -- Up-to-date: /home/han/Desktop/Han_ws/10.minibot/install/minibot_navigation2/share/minibot_navigation2/launch/navigation_launch.py
[0.089s] -- Up-to-date: /home/han/Desktop/Han_ws/10.minibot/install/minibot_navigation2/share/minibot_navigation2/maps
[0.089s] -- Up-to-date: /home/han/Desktop/Han_ws/10.minibot/install/minibot_navigation2/share/minibot_navigation2/maps/simple_building.pgm
[0.090s] -- Up-to-date: /home/han/Desktop/Han_ws/10.minibot/install/minibot_navigation2/share/minibot_navigation2/maps/simple_building.yaml
[0.090s] -- Up-to-date: /home/han/Desktop/Han_ws/10.minibot/install/minibot_navigation2/share/minibot_navigation2/maps/pinklab_test1.yaml
[0.090s] -- Up-to-date: /home/han/Desktop/Han_ws/10.minibot/install/minibot_navigation2/share/minibot_navigation2/maps/.empty
[0.091s] -- Up-to-date: /home/han/Desktop/Han_ws/10.minibot/install/minibot_navigation2/share/minibot_navigation2/maps/pinklab_test1.pgm
[0.092s] -- Up-to-date: /home/han/Desktop/Han_ws/10.minibot/install/minibot_navigation2/share/minibot_navigation2/params
[0.092s] -- Up-to-date: /home/han/Desktop/Han_ws/10.minibot/install/minibot_navigation2/share/minibot_navigation2/params/nav2_params.yaml
[0.092s] -- Up-to-date: /home/han/Desktop/Han_ws/10.minibot/install/minibot_navigation2/share/minibot_navigation2/rviz
[0.093s] -- Up-to-date: /home/han/Desktop/Han_ws/10.minibot/install/minibot_navigation2/share/minibot_navigation2/rviz/nav2_view.rviz
[0.093s] -- Up-to-date: /home/han/Desktop/Han_ws/10.minibot/install/minibot_navigation2/share/minibot_navigation2/rviz/map_building.rviz
[0.093s] -- Up-to-date: /home/han/Desktop/Han_ws/10.minibot/install/minibot_navigation2/share/ament_index/resource_index/package_run_dependencies/minibot_navigation2
[0.093s] -- Up-to-date: /home/han/Desktop/Han_ws/10.minibot/install/minibot_navigation2/share/ament_index/resource_index/parent_prefix_path/minibot_navigation2
[0.094s] -- Up-to-date: /home/han/Desktop/Han_ws/10.minibot/install/minibot_navigation2/share/minibot_navigation2/environment/ament_prefix_path.sh
[0.094s] -- Up-to-date: /home/han/Desktop/Han_ws/10.minibot/install/minibot_navigation2/share/minibot_navigation2/environment/ament_prefix_path.dsv
[0.095s] -- Up-to-date: /home/han/Desktop/Han_ws/10.minibot/install/minibot_navigation2/share/minibot_navigation2/environment/path.sh
[0.095s] -- Up-to-date: /home/han/Desktop/Han_ws/10.minibot/install/minibot_navigation2/share/minibot_navigation2/environment/path.dsv
[0.096s] -- Up-to-date: /home/han/Desktop/Han_ws/10.minibot/install/minibot_navigation2/share/minibot_navigation2/local_setup.bash
[0.096s] -- Up-to-date: /home/han/Desktop/Han_ws/10.minibot/install/minibot_navigation2/share/minibot_navigation2/local_setup.sh
[0.096s] -- Up-to-date: /home/han/Desktop/Han_ws/10.minibot/install/minibot_navigation2/share/minibot_navigation2/local_setup.zsh
[0.096s] -- Up-to-date: /home/han/Desktop/Han_ws/10.minibot/install/minibot_navigation2/share/minibot_navigation2/local_setup.dsv
[0.096s] -- Installing: /home/han/Desktop/Han_ws/10.minibot/install/minibot_navigation2/share/minibot_navigation2/package.dsv
[0.096s] -- Up-to-date: /home/han/Desktop/Han_ws/10.minibot/install/minibot_navigation2/share/ament_index/resource_index/packages/minibot_navigation2
[0.096s] -- Up-to-date: /home/han/Desktop/Han_ws/10.minibot/install/minibot_navigation2/share/minibot_navigation2/cmake/minibot_navigation2Config.cmake
[0.096s] -- Up-to-date: /home/han/Desktop/Han_ws/10.minibot/install/minibot_navigation2/share/minibot_navigation2/cmake/minibot_navigation2Config-version.cmake
[0.096s] -- Up-to-date: /home/han/Desktop/Han_ws/10.minibot/install/minibot_navigation2/share/minibot_navigation2/package.xml
[0.097s] Invoked command in '/home/han/Desktop/Han_ws/10.minibot/build/minibot_navigation2' returned '0': CMAKE_PREFIX_PATH=/opt/ros/humble /usr/bin/cmake --install /home/han/Desktop/Han_ws/10.minibot/build/minibot_navigation2
