[0.603s] Invoking command in '/home/han/Desktop/Han_ws/09.ROS/src/my_first_package': PYTHONPATH=/home/han/Desktop/Han_ws/09.ROS/build/my_first_package/prefix_override:/home/han/Desktop/Han_ws/09.ROS/install/my_first_package/lib/python3.10/site-packages:${PYTHONPATH} /usr/bin/python3 -W ignore:setup.py install is deprecated setup.py egg_info --egg-base ../../build/my_first_package build --build-base /home/han/Desktop/Han_ws/09.ROS/build/my_first_package/build install --record /home/han/Desktop/Han_ws/09.ROS/build/my_first_package/install.log --single-version-externally-managed install_data
[0.833s] running egg_info
[0.833s] writing ../../build/my_first_package/my_first_package.egg-info/PKG-INFO
[0.833s] writing dependency_links to ../../build/my_first_package/my_first_package.egg-info/dependency_links.txt
[0.834s] writing entry points to ../../build/my_first_package/my_first_package.egg-info/entry_points.txt
[0.834s] writing requirements to ../../build/my_first_package/my_first_package.egg-info/requires.txt
[0.834s] writing top-level names to ../../build/my_first_package/my_first_package.egg-info/top_level.txt
[0.836s] reading manifest file '../../build/my_first_package/my_first_package.egg-info/SOURCES.txt'
[0.837s] writing manifest file '../../build/my_first_package/my_first_package.egg-info/SOURCES.txt'
[0.837s] running build
[0.837s] running build_py
[0.837s] running install
[0.838s] running install_lib
[0.840s] running install_data
[0.840s] running install_egg_info
[0.841s] removing '/home/han/Desktop/Han_ws/09.ROS/install/my_first_package/lib/python3.10/site-packages/my_first_package-0.0.0-py3.10.egg-info' (and everything under it)
[0.841s] Copying ../../build/my_first_package/my_first_package.egg-info to /home/han/Desktop/Han_ws/09.ROS/install/my_first_package/lib/python3.10/site-packages/my_first_package-0.0.0-py3.10.egg-info
[0.842s] running install_scripts
[0.861s] Installing dist_turtle_action_server script to /home/han/Desktop/Han_ws/09.ROS/install/my_first_package/lib/my_first_package
[0.861s] Installing my_first_node script to /home/han/Desktop/Han_ws/09.ROS/install/my_first_package/lib/my_first_package
[0.861s] Installing my_publisher script to /home/han/Desktop/Han_ws/09.ROS/install/my_first_package/lib/my_first_package
[0.861s] Installing my_service_server script to /home/han/Desktop/Han_ws/09.ROS/install/my_first_package/lib/my_first_package
[0.862s] Installing my_subscriber script to /home/han/Desktop/Han_ws/09.ROS/install/my_first_package/lib/my_first_package
[0.862s] Installing turtle_cmd_and_pose script to /home/han/Desktop/Han_ws/09.ROS/install/my_first_package/lib/my_first_package
[0.862s] writing list of installed files to '/home/han/Desktop/Han_ws/09.ROS/build/my_first_package/install.log'
[0.889s] Invoked command in '/home/han/Desktop/Han_ws/09.ROS/src/my_first_package' returned '0': PYTHONPATH=/home/han/Desktop/Han_ws/09.ROS/build/my_first_package/prefix_override:/home/han/Desktop/Han_ws/09.ROS/install/my_first_package/lib/python3.10/site-packages:${PYTHONPATH} /usr/bin/python3 -W ignore:setup.py install is deprecated setup.py egg_info --egg-base ../../build/my_first_package build --build-base /home/han/Desktop/Han_ws/09.ROS/build/my_first_package/build install --record /home/han/Desktop/Han_ws/09.ROS/build/my_first_package/install.log --single-version-externally-managed install_data
