[0.014s] Invoking command in '/home/han/Desktop/Han_ws/10.minibot/build/minibot_interfaces': CMAKE_PREFIX_PATH=/opt/ros/humble /usr/bin/cmake --build /home/han/Desktop/Han_ws/10.minibot/build/minibot_interfaces -- -j12 -l12
[0.044s] [35m[1mConsolidate compiler generated dependencies of target minibot_interfaces__rosidl_generator_c[0m
[0.053s] [  2%] Built target minibot_interfaces__cpp
[0.054s] [ 12%] Built target minibot_interfaces__rosidl_generator_c
[0.064s] [35m[1mConsolidate compiler generated dependencies of target minibot_interfaces__rosidl_typesupport_c[0m
[0.064s] [ 12%] Built target ament_cmake_python_copy_minibot_interfaces
[0.064s] [35m[1mConsolidate compiler generated dependencies of target minibot_interfaces__rosidl_typesupport_cpp[0m
[0.064s] [35m[1mConsolidate compiler generated dependencies of target minibot_interfaces__rosidl_typesupport_fastrtps_c[0m
[0.064s] [35m[1mConsolidate compiler generated dependencies of target minibot_interfaces__rosidl_typesupport_fastrtps_cpp[0m
[0.064s] [35m[1mConsolidate compiler generated dependencies of target minibot_interfaces__rosidl_typesupport_introspection_c[0m
[0.064s] [35m[1mConsolidate compiler generated dependencies of target minibot_interfaces__rosidl_typesupport_introspection_cpp[0m
[0.079s] [ 23%] Built target minibot_interfaces__rosidl_typesupport_c
[0.079s] [ 33%] Built target minibot_interfaces__rosidl_typesupport_introspection_c
[0.079s] [ 46%] Built target minibot_interfaces__rosidl_typesupport_fastrtps_cpp
[0.079s] [ 56%] Built target minibot_interfaces__rosidl_typesupport_fastrtps_c
[0.079s] [ 64%] Built target minibot_interfaces__rosidl_typesupport_cpp
[0.079s] [ 74%] Built target minibot_interfaces__rosidl_typesupport_introspection_cpp
[0.095s] [ 74%] Built target minibot_interfaces
[0.110s] [ 76%] Built target minibot_interfaces__py
[0.118s] [35m[1mConsolidate compiler generated dependencies of target minibot_interfaces__rosidl_generator_py[0m
[0.132s] [ 84%] Built target minibot_interfaces__rosidl_generator_py
[0.139s] [35m[1mConsolidate compiler generated dependencies of target minibot_interfaces__rosidl_typesupport_c__pyext[0m
[0.140s] [35m[1mConsolidate compiler generated dependencies of target minibot_interfaces__rosidl_typesupport_fastrtps_c__pyext[0m
[0.140s] [35m[1mConsolidate compiler generated dependencies of target minibot_interfaces__rosidl_typesupport_introspection_c__pyext[0m
[0.150s] [100%] Built target minibot_interfaces__rosidl_typesupport_c__pyext
[0.150s] [100%] Built target minibot_interfaces__rosidl_typesupport_fastrtps_c__pyext
[0.150s] [100%] Built target minibot_interfaces__rosidl_typesupport_introspection_c__pyext
[0.312s] running egg_info
[0.312s] writing minibot_interfaces.egg-info/PKG-INFO
[0.312s] writing dependency_links to minibot_interfaces.egg-info/dependency_links.txt
[0.313s] writing top-level names to minibot_interfaces.egg-info/top_level.txt
[0.315s] reading manifest file 'minibot_interfaces.egg-info/SOURCES.txt'
[0.315s] writing manifest file 'minibot_interfaces.egg-info/SOURCES.txt'
[0.334s] [100%] Built target ament_cmake_python_build_minibot_interfaces_egg
