[0.723s] Invoking command in '/home/han/Desktop/Han_ws/09.ROS/src/my_first_package': PYTHONPATH=/home/han/Desktop/Han_ws/09.ROS/build/my_first_package/prefix_override:/home/han/Desktop/Han_ws/09.ROS/install/my_first_package/lib/python3.10/site-packages:${PYTHONPATH} /usr/bin/python3 -W ignore:setup.py install is deprecated setup.py egg_info --egg-base ../../build/my_first_package build --build-base /home/han/Desktop/Han_ws/09.ROS/build/my_first_package/build install --record /home/han/Desktop/Han_ws/09.ROS/build/my_first_package/install.log --single-version-externally-managed install_data
[1.060s] running egg_info
[1.061s] writing ../../build/my_first_package/my_first_package.egg-info/PKG-INFO
[1.061s] writing dependency_links to ../../build/my_first_package/my_first_package.egg-info/dependency_links.txt
[1.061s] writing entry points to ../../build/my_first_package/my_first_package.egg-info/entry_points.txt
[1.061s] writing requirements to ../../build/my_first_package/my_first_package.egg-info/requires.txt
[1.061s] writing top-level names to ../../build/my_first_package/my_first_package.egg-info/top_level.txt
[1.063s] reading manifest file '../../build/my_first_package/my_first_package.egg-info/SOURCES.txt'
[1.064s] writing manifest file '../../build/my_first_package/my_first_package.egg-info/SOURCES.txt'
[1.064s] running build
[1.064s] running build_py
[1.064s] copying my_first_package/dist_turtle_action_server.py -> /home/han/Desktop/Han_ws/09.ROS/build/my_first_package/build/lib/my_first_package
[1.065s] running install
[1.065s] running install_lib
[1.068s] copying /home/han/Desktop/Han_ws/09.ROS/build/my_first_package/build/lib/my_first_package/dist_turtle_action_server.py -> /home/han/Desktop/Han_ws/09.ROS/install/my_first_package/lib/python3.10/site-packages/my_first_package
[1.069s] byte-compiling /home/han/Desktop/Han_ws/09.ROS/install/my_first_package/lib/python3.10/site-packages/my_first_package/dist_turtle_action_server.py to dist_turtle_action_server.cpython-310.pyc
[1.070s] running install_data
[1.070s] running install_egg_info
[1.072s] removing '/home/han/Desktop/Han_ws/09.ROS/install/my_first_package/lib/python3.10/site-packages/my_first_package-0.0.0-py3.10.egg-info' (and everything under it)
[1.072s] Copying ../../build/my_first_package/my_first_package.egg-info to /home/han/Desktop/Han_ws/09.ROS/install/my_first_package/lib/python3.10/site-packages/my_first_package-0.0.0-py3.10.egg-info
[1.073s] running install_scripts
[1.099s] Installing dist_turtle_action_server script to /home/han/Desktop/Han_ws/09.ROS/install/my_first_package/lib/my_first_package
[1.099s] Installing my_first_node script to /home/han/Desktop/Han_ws/09.ROS/install/my_first_package/lib/my_first_package
[1.099s] Installing my_multi_thread script to /home/han/Desktop/Han_ws/09.ROS/install/my_first_package/lib/my_first_package
[1.100s] Installing my_publisher script to /home/han/Desktop/Han_ws/09.ROS/install/my_first_package/lib/my_first_package
[1.100s] Installing my_service_server script to /home/han/Desktop/Han_ws/09.ROS/install/my_first_package/lib/my_first_package
[1.100s] Installing my_subscriber script to /home/han/Desktop/Han_ws/09.ROS/install/my_first_package/lib/my_first_package
[1.100s] Installing turtle_cmd_and_pose script to /home/han/Desktop/Han_ws/09.ROS/install/my_first_package/lib/my_first_package
[1.100s] writing list of installed files to '/home/han/Desktop/Han_ws/09.ROS/build/my_first_package/install.log'
[1.147s] Invoked command in '/home/han/Desktop/Han_ws/09.ROS/src/my_first_package' returned '0': PYTHONPATH=/home/han/Desktop/Han_ws/09.ROS/build/my_first_package/prefix_override:/home/han/Desktop/Han_ws/09.ROS/install/my_first_package/lib/python3.10/site-packages:${PYTHONPATH} /usr/bin/python3 -W ignore:setup.py install is deprecated setup.py egg_info --egg-base ../../build/my_first_package build --build-base /home/han/Desktop/Han_ws/09.ROS/build/my_first_package/build install --record /home/han/Desktop/Han_ws/09.ROS/build/my_first_package/install.log --single-version-externally-managed install_data
