[0.006s] Invoking command in '/home/han/Desktop/Han_ws/10.minibot/build/minibot_bringup': AMENT_PREFIX_PATH=/home/han/Desktop/Han_ws/10.minibot/install/minibot_gazebo:/home/han/Desktop/Han_ws/10.minibot/install/minibot_description:${AMENT_PREFIX_PATH} CMAKE_PREFIX_PATH=/home/han/Desktop/Han_ws/10.minibot/install/minibot_gazebo:/home/han/Desktop/Han_ws/10.minibot/install/minibot_description:/opt/ros/humble /usr/bin/cmake /home/han/Desktop/Han_ws/10.minibot/src/pinklab_minibot_robot/minibot_bringup -DCMAKE_INSTALL_PREFIX=/home/han/Desktop/Han_ws/10.minibot/install/minibot_bringup
[0.050s] -- The C compiler identification is GNU 11.4.0
[0.097s] -- The CXX compiler identification is GNU 11.4.0
[0.102s] -- Detecting C compiler ABI info
[0.156s] -- Detecting C compiler ABI info - done
[0.168s] -- Check for working C compiler: /usr/bin/cc - skipped
[0.168s] -- Detecting C compile features
[0.169s] -- Detecting C compile features - done
[0.173s] -- Detecting CXX compiler ABI info
[0.235s] -- Detecting CXX compiler ABI info - done
[0.242s] -- Check for working CXX compiler: /usr/bin/c++ - skipped
[0.242s] -- Detecting CXX compile features
[0.242s] -- Detecting CXX compile features - done
[0.244s] -- Found ament_cmake: 1.3.9 (/opt/ros/humble/share/ament_cmake/cmake)
[0.362s] -- Found Python3: /usr/bin/python3 (found version "3.10.12") found components: Interpreter 
[0.440s] -- Found minibot_gazebo: 0.0.0 (/home/han/Desktop/Han_ws/10.minibot/install/minibot_gazebo/share/minibot_gazebo/cmake)
[0.441s] -- Found minibot_description: 0.0.0 (/home/han/Desktop/Han_ws/10.minibot/install/minibot_description/share/minibot_description/cmake)
[0.442s] -- Found ament_lint_auto: 0.12.11 (/opt/ros/humble/share/ament_lint_auto/cmake)
[0.531s] -- Added test 'copyright' to check source files copyright and LICENSE
[0.533s] -- Added test 'flake8' to check Python code syntax and style conventions
[0.534s] -- Added test 'lint_cmake' to check CMake code style
[0.535s] -- Added test 'pep257' to check Python code against some of the docstring style conventions in PEP 257
[0.536s] -- Added test 'xmllint' to check XML markup files
[0.537s] -- Configuring done
[0.540s] -- Generating done
[0.541s] -- Build files have been written to: /home/han/Desktop/Han_ws/10.minibot/build/minibot_bringup
[0.548s] Invoked command in '/home/han/Desktop/Han_ws/10.minibot/build/minibot_bringup' returned '0': AMENT_PREFIX_PATH=/home/han/Desktop/Han_ws/10.minibot/install/minibot_gazebo:/home/han/Desktop/Han_ws/10.minibot/install/minibot_description:${AMENT_PREFIX_PATH} CMAKE_PREFIX_PATH=/home/han/Desktop/Han_ws/10.minibot/install/minibot_gazebo:/home/han/Desktop/Han_ws/10.minibot/install/minibot_description:/opt/ros/humble /usr/bin/cmake /home/han/Desktop/Han_ws/10.minibot/src/pinklab_minibot_robot/minibot_bringup -DCMAKE_INSTALL_PREFIX=/home/han/Desktop/Han_ws/10.minibot/install/minibot_bringup
[0.549s] Invoking command in '/home/han/Desktop/Han_ws/10.minibot/build/minibot_bringup': AMENT_PREFIX_PATH=/home/han/Desktop/Han_ws/10.minibot/install/minibot_gazebo:/home/han/Desktop/Han_ws/10.minibot/install/minibot_description:${AMENT_PREFIX_PATH} CMAKE_PREFIX_PATH=/home/han/Desktop/Han_ws/10.minibot/install/minibot_gazebo:/home/han/Desktop/Han_ws/10.minibot/install/minibot_description:/opt/ros/humble /usr/bin/cmake --build /home/han/Desktop/Han_ws/10.minibot/build/minibot_bringup -- -j12 -l12
[0.581s] Invoked command in '/home/han/Desktop/Han_ws/10.minibot/build/minibot_bringup' returned '0': AMENT_PREFIX_PATH=/home/han/Desktop/Han_ws/10.minibot/install/minibot_gazebo:/home/han/Desktop/Han_ws/10.minibot/install/minibot_description:${AMENT_PREFIX_PATH} CMAKE_PREFIX_PATH=/home/han/Desktop/Han_ws/10.minibot/install/minibot_gazebo:/home/han/Desktop/Han_ws/10.minibot/install/minibot_description:/opt/ros/humble /usr/bin/cmake --build /home/han/Desktop/Han_ws/10.minibot/build/minibot_bringup -- -j12 -l12
[0.599s] Invoking command in '/home/han/Desktop/Han_ws/10.minibot/build/minibot_bringup': AMENT_PREFIX_PATH=/home/han/Desktop/Han_ws/10.minibot/install/minibot_gazebo:/home/han/Desktop/Han_ws/10.minibot/install/minibot_description:${AMENT_PREFIX_PATH} CMAKE_PREFIX_PATH=/home/han/Desktop/Han_ws/10.minibot/install/minibot_gazebo:/home/han/Desktop/Han_ws/10.minibot/install/minibot_description:/opt/ros/humble /usr/bin/cmake --install /home/han/Desktop/Han_ws/10.minibot/build/minibot_bringup
[0.605s] -- Install configuration: ""
[0.605s] -- Installing: /home/han/Desktop/Han_ws/10.minibot/install/minibot_bringup/share/minibot_bringup/config
[0.605s] -- Installing: /home/han/Desktop/Han_ws/10.minibot/install/minibot_bringup/share/minibot_bringup/config/minibot_controllers.yaml
[0.605s] -- Installing: /home/han/Desktop/Han_ws/10.minibot/install/minibot_bringup/share/minibot_bringup/config/minibot_controllers_gazebo.yaml
[0.605s] -- Installing: /home/han/Desktop/Han_ws/10.minibot/install/minibot_bringup/share/minibot_bringup/config/ydlidar.yaml
[0.605s] -- Installing: /home/han/Desktop/Han_ws/10.minibot/install/minibot_bringup/share/minibot_bringup/launch
[0.605s] -- Installing: /home/han/Desktop/Han_ws/10.minibot/install/minibot_bringup/share/minibot_bringup/launch/bringup_robot.launch.py
[0.605s] -- Installing: /home/han/Desktop/Han_ws/10.minibot/install/minibot_bringup/share/minibot_bringup/launch/bringup_robot_gazebo.launch.py
[0.605s] -- Installing: /home/han/Desktop/Han_ws/10.minibot/install/minibot_bringup/share/minibot_bringup/rviz
[0.606s] -- Installing: /home/han/Desktop/Han_ws/10.minibot/install/minibot_bringup/share/minibot_bringup/rviz/robot.rviz
[0.606s] -- Installing: /home/han/Desktop/Han_ws/10.minibot/install/minibot_bringup/share/minibot_bringup/rviz/.empty
[0.606s] -- Installing: /home/han/Desktop/Han_ws/10.minibot/install/minibot_bringup/share/ament_index/resource_index/package_run_dependencies/minibot_bringup
[0.606s] -- Installing: /home/han/Desktop/Han_ws/10.minibot/install/minibot_bringup/share/ament_index/resource_index/parent_prefix_path/minibot_bringup
[0.606s] -- Installing: /home/han/Desktop/Han_ws/10.minibot/install/minibot_bringup/share/minibot_bringup/environment/ament_prefix_path.sh
[0.606s] -- Installing: /home/han/Desktop/Han_ws/10.minibot/install/minibot_bringup/share/minibot_bringup/environment/ament_prefix_path.dsv
[0.606s] -- Installing: /home/han/Desktop/Han_ws/10.minibot/install/minibot_bringup/share/minibot_bringup/environment/path.sh
[0.606s] -- Installing: /home/han/Desktop/Han_ws/10.minibot/install/minibot_bringup/share/minibot_bringup/environment/path.dsv
[0.606s] -- Installing: /home/han/Desktop/Han_ws/10.minibot/install/minibot_bringup/share/minibot_bringup/local_setup.bash
[0.606s] -- Installing: /home/han/Desktop/Han_ws/10.minibot/install/minibot_bringup/share/minibot_bringup/local_setup.sh
[0.606s] -- Installing: /home/han/Desktop/Han_ws/10.minibot/install/minibot_bringup/share/minibot_bringup/local_setup.zsh
[0.607s] -- Installing: /home/han/Desktop/Han_ws/10.minibot/install/minibot_bringup/share/minibot_bringup/local_setup.dsv
[0.607s] -- Installing: /home/han/Desktop/Han_ws/10.minibot/install/minibot_bringup/share/minibot_bringup/package.dsv
[0.607s] -- Installing: /home/han/Desktop/Han_ws/10.minibot/install/minibot_bringup/share/ament_index/resource_index/packages/minibot_bringup
[0.607s] -- Installing: /home/han/Desktop/Han_ws/10.minibot/install/minibot_bringup/share/minibot_bringup/cmake/minibot_bringupConfig.cmake
[0.607s] -- Installing: /home/han/Desktop/Han_ws/10.minibot/install/minibot_bringup/share/minibot_bringup/cmake/minibot_bringupConfig-version.cmake
[0.607s] -- Installing: /home/han/Desktop/Han_ws/10.minibot/install/minibot_bringup/share/minibot_bringup/package.xml
[0.611s] Invoked command in '/home/han/Desktop/Han_ws/10.minibot/build/minibot_bringup' returned '0': AMENT_PREFIX_PATH=/home/han/Desktop/Han_ws/10.minibot/install/minibot_gazebo:/home/han/Desktop/Han_ws/10.minibot/install/minibot_description:${AMENT_PREFIX_PATH} CMAKE_PREFIX_PATH=/home/han/Desktop/Han_ws/10.minibot/install/minibot_gazebo:/home/han/Desktop/Han_ws/10.minibot/install/minibot_description:/opt/ros/humble /usr/bin/cmake --install /home/han/Desktop/Han_ws/10.minibot/build/minibot_bringup
