[0.013s] Invoking command in '/home/han/Desktop/Han_ws/10.minibot/build/minibot_interfaces': CMAKE_PREFIX_PATH=/opt/ros/humble /usr/bin/cmake --build /home/han/Desktop/Han_ws/10.minibot/build/minibot_interfaces -- -j12 -l12
[0.053s] [ 12%] Built target minibot_interfaces__cpp
[0.053s] [ 12%] Built target minibot_interfaces__rosidl_generator_c
[0.064s] [ 12%] Built target ament_cmake_python_copy_minibot_interfaces
[0.075s] [ 25%] Built target minibot_interfaces__rosidl_typesupport_cpp
[0.075s] [ 33%] Built target minibot_interfaces__rosidl_typesupport_introspection_c
[0.076s] [ 51%] Built target minibot_interfaces__rosidl_typesupport_fastrtps_cpp
[0.076s] [ 53%] Built target minibot_interfaces__rosidl_typesupport_c
[0.076s] [ 64%] Built target minibot_interfaces__rosidl_typesupport_fastrtps_c
[0.079s] [ 74%] Built target minibot_interfaces__rosidl_typesupport_introspection_cpp
[0.101s] [ 74%] Built target minibot_interfaces
[0.111s] [ 76%] Built target minibot_interfaces__py
[0.131s] [ 84%] Built target minibot_interfaces__rosidl_generator_py
[0.149s] [100%] Built target minibot_interfaces__rosidl_typesupport_fastrtps_c__pyext
[0.149s] [100%] Built target minibot_interfaces__rosidl_typesupport_c__pyext
[0.149s] [100%] Built target minibot_interfaces__rosidl_typesupport_introspection_c__pyext
[0.296s] running egg_info
[0.297s] writing minibot_interfaces.egg-info/PKG-INFO
[0.297s] writing dependency_links to minibot_interfaces.egg-info/dependency_links.txt
[0.297s] writing top-level names to minibot_interfaces.egg-info/top_level.txt
[0.299s] reading manifest file 'minibot_interfaces.egg-info/SOURCES.txt'
[0.299s] writing manifest file 'minibot_interfaces.egg-info/SOURCES.txt'
[0.317s] [100%] Built target ament_cmake_python_build_minibot_interfaces_egg
