[0.531s] Invoking command in '/home/han/Desktop/Han_ws/09.ROS/src/my_first_package': PYTHONPATH=/home/han/Desktop/Han_ws/09.ROS/build/my_first_package/prefix_override:/home/han/Desktop/Han_ws/09.ROS/install/my_first_package/lib/python3.10/site-packages:${PYTHONPATH} /usr/bin/python3 -W ignore:setup.py install is deprecated setup.py egg_info --egg-base ../../build/my_first_package build --build-base /home/han/Desktop/Han_ws/09.ROS/build/my_first_package/build install --record /home/han/Desktop/Han_ws/09.ROS/build/my_first_package/install.log --single-version-externally-managed install_data
[0.732s] running egg_info
[0.733s] writing ../../build/my_first_package/my_first_package.egg-info/PKG-INFO
[0.733s] writing dependency_links to ../../build/my_first_package/my_first_package.egg-info/dependency_links.txt
[0.733s] writing entry points to ../../build/my_first_package/my_first_package.egg-info/entry_points.txt
[0.733s] writing requirements to ../../build/my_first_package/my_first_package.egg-info/requires.txt
[0.733s] writing top-level names to ../../build/my_first_package/my_first_package.egg-info/top_level.txt
[0.735s] reading manifest file '../../build/my_first_package/my_first_package.egg-info/SOURCES.txt'
[0.736s] writing manifest file '../../build/my_first_package/my_first_package.egg-info/SOURCES.txt'
[0.736s] running build
[0.736s] running build_py
[0.736s] running install
[0.737s] running install_lib
[0.738s] running install_data
[0.738s] running install_egg_info
[0.740s] removing '/home/han/Desktop/Han_ws/09.ROS/install/my_first_package/lib/python3.10/site-packages/my_first_package-0.0.0-py3.10.egg-info' (and everything under it)
[0.740s] Copying ../../build/my_first_package/my_first_package.egg-info to /home/han/Desktop/Han_ws/09.ROS/install/my_first_package/lib/python3.10/site-packages/my_first_package-0.0.0-py3.10.egg-info
[0.741s] running install_scripts
[0.757s] Installing my_first_node script to /home/han/Desktop/Han_ws/09.ROS/install/my_first_package/lib/my_first_package
[0.757s] Installing my_publisher script to /home/han/Desktop/Han_ws/09.ROS/install/my_first_package/lib/my_first_package
[0.757s] Installing my_subscriber script to /home/han/Desktop/Han_ws/09.ROS/install/my_first_package/lib/my_first_package
[0.757s] writing list of installed files to '/home/han/Desktop/Han_ws/09.ROS/build/my_first_package/install.log'
[0.781s] Invoked command in '/home/han/Desktop/Han_ws/09.ROS/src/my_first_package' returned '0': PYTHONPATH=/home/han/Desktop/Han_ws/09.ROS/build/my_first_package/prefix_override:/home/han/Desktop/Han_ws/09.ROS/install/my_first_package/lib/python3.10/site-packages:${PYTHONPATH} /usr/bin/python3 -W ignore:setup.py install is deprecated setup.py egg_info --egg-base ../../build/my_first_package build --build-base /home/han/Desktop/Han_ws/09.ROS/build/my_first_package/build install --record /home/han/Desktop/Han_ws/09.ROS/build/my_first_package/install.log --single-version-externally-managed install_data
