[0.016s] Invoking command in '/home/han/Desktop/Han_ws/10.minibot/build/minibot_description': CMAKE_PREFIX_PATH=/opt/ros/humble /usr/bin/cmake /home/han/Desktop/Han_ws/10.minibot/src/pinklab_minibot_robot/minibot_description -DCMAKE_INSTALL_PREFIX=/home/han/Desktop/Han_ws/10.minibot/install/minibot_description
[0.031s] -- Found ament_cmake: 1.3.9 (/opt/ros/humble/share/ament_cmake/cmake)
[0.156s] -- Found Python3: /usr/bin/python3 (found version "3.10.12") found components: Interpreter 
[0.236s] -- Found xacro: 2.0.8 (/opt/ros/humble/share/xacro/cmake)
[0.238s] -- Found ament_lint_auto: 0.12.11 (/opt/ros/humble/share/ament_lint_auto/cmake)
[0.301s] -- Added test 'copyright' to check source files copyright and LICENSE
[0.303s] -- Added test 'flake8' to check Python code syntax and style conventions
[0.304s] -- Added test 'lint_cmake' to check CMake code style
[0.304s] -- Added test 'pep257' to check Python code against some of the docstring style conventions in PEP 257
[0.306s] -- Added test 'xmllint' to check XML markup files
[0.307s] -- Configuring done
[0.309s] -- Generating done
[0.310s] -- Build files have been written to: /home/han/Desktop/Han_ws/10.minibot/build/minibot_description
[0.312s] Invoked command in '/home/han/Desktop/Han_ws/10.minibot/build/minibot_description' returned '0': CMAKE_PREFIX_PATH=/opt/ros/humble /usr/bin/cmake /home/han/Desktop/Han_ws/10.minibot/src/pinklab_minibot_robot/minibot_description -DCMAKE_INSTALL_PREFIX=/home/han/Desktop/Han_ws/10.minibot/install/minibot_description
[0.313s] Invoking command in '/home/han/Desktop/Han_ws/10.minibot/build/minibot_description': CMAKE_PREFIX_PATH=/opt/ros/humble /usr/bin/cmake --build /home/han/Desktop/Han_ws/10.minibot/build/minibot_description -- -j12 -l12
[0.343s] Invoked command in '/home/han/Desktop/Han_ws/10.minibot/build/minibot_description' returned '0': CMAKE_PREFIX_PATH=/opt/ros/humble /usr/bin/cmake --build /home/han/Desktop/Han_ws/10.minibot/build/minibot_description -- -j12 -l12
[0.365s] Invoking command in '/home/han/Desktop/Han_ws/10.minibot/build/minibot_description': CMAKE_PREFIX_PATH=/opt/ros/humble /usr/bin/cmake --install /home/han/Desktop/Han_ws/10.minibot/build/minibot_description
[0.371s] -- Install configuration: ""
[0.371s] -- Installing: /home/han/Desktop/Han_ws/10.minibot/install/minibot_description/share/minibot_description/launch
[0.371s] -- Installing: /home/han/Desktop/Han_ws/10.minibot/install/minibot_description/share/minibot_description/launch/view_robot.launch.py
[0.371s] -- Installing: /home/han/Desktop/Han_ws/10.minibot/install/minibot_description/share/minibot_description/launch/upload_robot.launch.py
[0.371s] -- Installing: /home/han/Desktop/Han_ws/10.minibot/install/minibot_description/share/minibot_description/meshes
[0.371s] -- Installing: /home/han/Desktop/Han_ws/10.minibot/install/minibot_description/share/minibot_description/meshes/collision
[0.371s] -- Installing: /home/han/Desktop/Han_ws/10.minibot/install/minibot_description/share/minibot_description/meshes/collision/base_link.stl
[0.371s] -- Installing: /home/han/Desktop/Han_ws/10.minibot/install/minibot_description/share/minibot_description/meshes/collision/front_camera.stl
[0.372s] -- Installing: /home/han/Desktop/Han_ws/10.minibot/install/minibot_description/share/minibot_description/meshes/collision/ul_sensor.stl
[0.372s] -- Installing: /home/han/Desktop/Han_ws/10.minibot/install/minibot_description/share/minibot_description/meshes/collision/wheel.stl
[0.372s] -- Installing: /home/han/Desktop/Han_ws/10.minibot/install/minibot_description/share/minibot_description/meshes/collision/ydlidar_x2_assy.stl
[0.372s] -- Installing: /home/han/Desktop/Han_ws/10.minibot/install/minibot_description/share/minibot_description/meshes/visual
[0.373s] -- Installing: /home/han/Desktop/Han_ws/10.minibot/install/minibot_description/share/minibot_description/meshes/visual/wheel.png
[0.373s] -- Installing: /home/han/Desktop/Han_ws/10.minibot/install/minibot_description/share/minibot_description/meshes/visual/base_link.dae
[0.373s] -- Installing: /home/han/Desktop/Han_ws/10.minibot/install/minibot_description/share/minibot_description/meshes/visual/wheel.dae
[0.373s] -- Installing: /home/han/Desktop/Han_ws/10.minibot/install/minibot_description/share/minibot_description/meshes/visual/ul_sensor.dae
[0.373s] -- Installing: /home/han/Desktop/Han_ws/10.minibot/install/minibot_description/share/minibot_description/meshes/visual/ydlidar_x2.png
[0.373s] -- Installing: /home/han/Desktop/Han_ws/10.minibot/install/minibot_description/share/minibot_description/meshes/visual/ydlidar_x2_assy.dae
[0.381s] -- Installing: /home/han/Desktop/Han_ws/10.minibot/install/minibot_description/share/minibot_description/meshes/visual/front_camera.dae
[0.382s] -- Installing: /home/han/Desktop/Han_ws/10.minibot/install/minibot_description/share/minibot_description/meshes/visual/front_camera.png
[0.382s] -- Installing: /home/han/Desktop/Han_ws/10.minibot/install/minibot_description/share/minibot_description/rviz
[0.383s] -- Installing: /home/han/Desktop/Han_ws/10.minibot/install/minibot_description/share/minibot_description/rviz/view_robot.rviz
[0.383s] -- Installing: /home/han/Desktop/Han_ws/10.minibot/install/minibot_description/share/minibot_description/urdf
[0.383s] -- Installing: /home/han/Desktop/Han_ws/10.minibot/install/minibot_description/share/minibot_description/urdf/common
[0.383s] -- Installing: /home/han/Desktop/Han_ws/10.minibot/install/minibot_description/share/minibot_description/urdf/common/inertia_macro.urdf.xacro
[0.383s] -- Installing: /home/han/Desktop/Han_ws/10.minibot/install/minibot_description/share/minibot_description/urdf/minibot_ros2_control.urdf.xacro
[0.383s] -- Installing: /home/han/Desktop/Han_ws/10.minibot/install/minibot_description/share/minibot_description/urdf/minibot.urdf.xacro
[0.383s] -- Installing: /home/han/Desktop/Han_ws/10.minibot/install/minibot_description/share/minibot_description/urdf/robot.urdf.xacro
[0.383s] -- Installing: /home/han/Desktop/Han_ws/10.minibot/install/minibot_description/share/minibot_description/urdf/minibot_gazebo.urdf.xacro
[0.383s] -- Installing: /home/han/Desktop/Han_ws/10.minibot/install/minibot_description/share/ament_index/resource_index/package_run_dependencies/minibot_description
[0.383s] -- Installing: /home/han/Desktop/Han_ws/10.minibot/install/minibot_description/share/ament_index/resource_index/parent_prefix_path/minibot_description
[0.384s] -- Installing: /home/han/Desktop/Han_ws/10.minibot/install/minibot_description/share/minibot_description/environment/ament_prefix_path.sh
[0.384s] -- Installing: /home/han/Desktop/Han_ws/10.minibot/install/minibot_description/share/minibot_description/environment/ament_prefix_path.dsv
[0.384s] -- Installing: /home/han/Desktop/Han_ws/10.minibot/install/minibot_description/share/minibot_description/environment/path.sh
[0.384s] -- Installing: /home/han/Desktop/Han_ws/10.minibot/install/minibot_description/share/minibot_description/environment/path.dsv
[0.384s] -- Installing: /home/han/Desktop/Han_ws/10.minibot/install/minibot_description/share/minibot_description/local_setup.bash
[0.384s] -- Installing: /home/han/Desktop/Han_ws/10.minibot/install/minibot_description/share/minibot_description/local_setup.sh
[0.384s] -- Installing: /home/han/Desktop/Han_ws/10.minibot/install/minibot_description/share/minibot_description/local_setup.zsh
[0.385s] -- Installing: /home/han/Desktop/Han_ws/10.minibot/install/minibot_description/share/minibot_description/local_setup.dsv
[0.385s] -- Installing: /home/han/Desktop/Han_ws/10.minibot/install/minibot_description/share/minibot_description/package.dsv
[0.385s] -- Installing: /home/han/Desktop/Han_ws/10.minibot/install/minibot_description/share/ament_index/resource_index/packages/minibot_description
[0.385s] -- Installing: /home/han/Desktop/Han_ws/10.minibot/install/minibot_description/share/minibot_description/cmake/minibot_descriptionConfig.cmake
[0.385s] -- Installing: /home/han/Desktop/Han_ws/10.minibot/install/minibot_description/share/minibot_description/cmake/minibot_descriptionConfig-version.cmake
[0.385s] -- Installing: /home/han/Desktop/Han_ws/10.minibot/install/minibot_description/share/minibot_description/package.xml
[0.387s] Invoked command in '/home/han/Desktop/Han_ws/10.minibot/build/minibot_description' returned '0': CMAKE_PREFIX_PATH=/opt/ros/humble /usr/bin/cmake --install /home/han/Desktop/Han_ws/10.minibot/build/minibot_description
