[0.579s] Invoking command in '/home/han/Desktop/Han_ws/09.ROS/src/my_first_package': PYTHONPATH=/home/han/Desktop/Han_ws/09.ROS/build/my_first_package/prefix_override:/home/han/Desktop/Han_ws/09.ROS/install/my_first_package/lib/python3.10/site-packages:${PYTHONPATH} /usr/bin/python3 -W ignore:setup.py install is deprecated setup.py egg_info --egg-base ../../build/my_first_package build --build-base /home/han/Desktop/Han_ws/09.ROS/build/my_first_package/build install --record /home/han/Desktop/Han_ws/09.ROS/build/my_first_package/install.log --single-version-externally-managed install_data
[0.783s] running egg_info
[0.783s] creating ../../build/my_first_package/my_first_package.egg-info
[0.784s] writing ../../build/my_first_package/my_first_package.egg-info/PKG-INFO
[0.784s] writing dependency_links to ../../build/my_first_package/my_first_package.egg-info/dependency_links.txt
[0.784s] writing entry points to ../../build/my_first_package/my_first_package.egg-info/entry_points.txt
[0.784s] writing requirements to ../../build/my_first_package/my_first_package.egg-info/requires.txt
[0.784s] writing top-level names to ../../build/my_first_package/my_first_package.egg-info/top_level.txt
[0.784s] writing manifest file '../../build/my_first_package/my_first_package.egg-info/SOURCES.txt'
[0.786s] reading manifest file '../../build/my_first_package/my_first_package.egg-info/SOURCES.txt'
[0.786s] writing manifest file '../../build/my_first_package/my_first_package.egg-info/SOURCES.txt'
[0.787s] running build
[0.787s] running build_py
[0.787s] creating /home/han/Desktop/Han_ws/09.ROS/build/my_first_package/build
[0.787s] creating /home/han/Desktop/Han_ws/09.ROS/build/my_first_package/build/lib
[0.787s] creating /home/han/Desktop/Han_ws/09.ROS/build/my_first_package/build/lib/my_first_package
[0.787s] copying my_first_package/__init__.py -> /home/han/Desktop/Han_ws/09.ROS/build/my_first_package/build/lib/my_first_package
[0.787s] copying my_first_package/my_first_node.py -> /home/han/Desktop/Han_ws/09.ROS/build/my_first_package/build/lib/my_first_package
[0.787s] running install
[0.787s] running install_lib
[0.788s] creating /home/han/Desktop/Han_ws/09.ROS/install/my_first_package/lib/python3.10/site-packages/my_first_package
[0.788s] copying /home/han/Desktop/Han_ws/09.ROS/build/my_first_package/build/lib/my_first_package/__init__.py -> /home/han/Desktop/Han_ws/09.ROS/install/my_first_package/lib/python3.10/site-packages/my_first_package
[0.788s] copying /home/han/Desktop/Han_ws/09.ROS/build/my_first_package/build/lib/my_first_package/my_first_node.py -> /home/han/Desktop/Han_ws/09.ROS/install/my_first_package/lib/python3.10/site-packages/my_first_package
[0.788s] byte-compiling /home/han/Desktop/Han_ws/09.ROS/install/my_first_package/lib/python3.10/site-packages/my_first_package/__init__.py to __init__.cpython-310.pyc
[0.788s] byte-compiling /home/han/Desktop/Han_ws/09.ROS/install/my_first_package/lib/python3.10/site-packages/my_first_package/my_first_node.py to my_first_node.cpython-310.pyc
[0.789s] running install_data
[0.789s] creating /home/han/Desktop/Han_ws/09.ROS/install/my_first_package/share/ament_index
[0.789s] creating /home/han/Desktop/Han_ws/09.ROS/install/my_first_package/share/ament_index/resource_index
[0.789s] creating /home/han/Desktop/Han_ws/09.ROS/install/my_first_package/share/ament_index/resource_index/packages
[0.789s] copying resource/my_first_package -> /home/han/Desktop/Han_ws/09.ROS/install/my_first_package/share/ament_index/resource_index/packages
[0.789s] copying package.xml -> /home/han/Desktop/Han_ws/09.ROS/install/my_first_package/share/my_first_package
[0.789s] running install_egg_info
[0.790s] Copying ../../build/my_first_package/my_first_package.egg-info to /home/han/Desktop/Han_ws/09.ROS/install/my_first_package/lib/python3.10/site-packages/my_first_package-0.0.0-py3.10.egg-info
[0.791s] running install_scripts
[0.808s] Installing my_first_node script to /home/han/Desktop/Han_ws/09.ROS/install/my_first_package/lib/my_first_package
[0.808s] writing list of installed files to '/home/han/Desktop/Han_ws/09.ROS/build/my_first_package/install.log'
[0.827s] Invoked command in '/home/han/Desktop/Han_ws/09.ROS/src/my_first_package' returned '0': PYTHONPATH=/home/han/Desktop/Han_ws/09.ROS/build/my_first_package/prefix_override:/home/han/Desktop/Han_ws/09.ROS/install/my_first_package/lib/python3.10/site-packages:${PYTHONPATH} /usr/bin/python3 -W ignore:setup.py install is deprecated setup.py egg_info --egg-base ../../build/my_first_package build --build-base /home/han/Desktop/Han_ws/09.ROS/build/my_first_package/build install --record /home/han/Desktop/Han_ws/09.ROS/build/my_first_package/install.log --single-version-externally-managed install_data
