[0.083s] DEBUG:colcon:Command line arguments: ['/usr/bin/colcon', 'build']
[0.083s] DEBUG:colcon:Parsed command line arguments: Namespace(log_base=None, log_level=None, verb_name='build', build_base='build', install_base='install', merge_install=False, symlink_install=False, test_result_base=None, continue_on_error=False, executor='parallel', parallel_workers=12, event_handlers=None, ignore_user_meta=False, metas=['./colcon.meta'], base_paths=['.'], packages_ignore=None, packages_ignore_regex=None, paths=None, packages_up_to=None, packages_up_to_regex=None, packages_above=None, packages_above_and_dependencies=None, packages_above_depth=None, packages_select_by_dep=None, packages_skip_by_dep=None, packages_skip_up_to=None, packages_select_build_failed=False, packages_skip_build_finished=False, packages_select_test_failures=False, packages_skip_test_passed=False, packages_select=None, packages_skip=None, packages_select_regex=None, packages_skip_regex=None, packages_start=None, packages_end=None, allow_overriding=[], cmake_args=None, cmake_target=None, cmake_target_skip_unavailable=False, cmake_clean_cache=False, cmake_clean_first=False, cmake_force_configure=False, ament_cmake_args=None, catkin_cmake_args=None, catkin_skip_building_tests=False, mixin_files=None, mixin=None, verb_parser=<colcon_mixin.mixin.mixin_argument.MixinArgumentDecorator object at 0x73f6cde34580>, verb_extension=<colcon_core.verb.build.BuildVerb object at 0x73f6cdf44c70>, main=<bound method BuildVerb.main of <colcon_core.verb.build.BuildVerb object at 0x73f6cdf44c70>>, mixin_verb=('build',))
[0.220s] Level 1:colcon.colcon_core.package_discovery:discover_packages(colcon_meta) check parameters
[0.220s] Level 1:colcon.colcon_core.package_discovery:discover_packages(recursive) check parameters
[0.220s] Level 1:colcon.colcon_core.package_discovery:discover_packages(ignore) check parameters
[0.220s] Level 1:colcon.colcon_core.package_discovery:discover_packages(path) check parameters
[0.220s] Level 1:colcon.colcon_core.package_discovery:discover_packages(colcon_meta) discover
[0.220s] Level 1:colcon.colcon_core.package_discovery:discover_packages(recursive) discover
[0.220s] INFO:colcon.colcon_core.package_discovery:Crawling recursively for packages in '/home/han/Desktop/Han_ws/10.minibot'
[0.220s] Level 1:colcon.colcon_core.package_identification:_identify(.) by extensions ['ignore', 'ignore_ament_install']
[0.221s] Level 1:colcon.colcon_core.package_identification:_identify(.) by extension 'ignore'
[0.221s] Level 1:colcon.colcon_core.package_identification:_identify(.) by extension 'ignore_ament_install'
[0.221s] Level 1:colcon.colcon_core.package_identification:_identify(.) by extensions ['colcon_pkg']
[0.221s] Level 1:colcon.colcon_core.package_identification:_identify(.) by extension 'colcon_pkg'
[0.221s] Level 1:colcon.colcon_core.package_identification:_identify(.) by extensions ['colcon_meta']
[0.221s] Level 1:colcon.colcon_core.package_identification:_identify(.) by extension 'colcon_meta'
[0.221s] Level 1:colcon.colcon_core.package_identification:_identify(.) by extensions ['ros']
[0.221s] Level 1:colcon.colcon_core.package_identification:_identify(.) by extension 'ros'
[0.228s] Level 1:colcon.colcon_core.package_identification:_identify(.) by extensions ['cmake', 'python']
[0.228s] Level 1:colcon.colcon_core.package_identification:_identify(.) by extension 'cmake'
[0.228s] Level 1:colcon.colcon_core.package_identification:_identify(.) by extension 'python'
[0.228s] Level 1:colcon.colcon_core.package_identification:_identify(.) by extensions ['python_setup_py']
[0.228s] Level 1:colcon.colcon_core.package_identification:_identify(.) by extension 'python_setup_py'
[0.228s] Level 1:colcon.colcon_core.package_identification:_identify(build) by extensions ['ignore', 'ignore_ament_install']
[0.229s] Level 1:colcon.colcon_core.package_identification:_identify(build) by extension 'ignore'
[0.229s] Level 1:colcon.colcon_core.package_identification:_identify(build) ignored
[0.229s] Level 1:colcon.colcon_core.package_identification:_identify(install) by extensions ['ignore', 'ignore_ament_install']
[0.229s] Level 1:colcon.colcon_core.package_identification:_identify(install) by extension 'ignore'
[0.229s] Level 1:colcon.colcon_core.package_identification:_identify(install) ignored
[0.229s] Level 1:colcon.colcon_core.package_identification:_identify(log) by extensions ['ignore', 'ignore_ament_install']
[0.229s] Level 1:colcon.colcon_core.package_identification:_identify(log) by extension 'ignore'
[0.229s] Level 1:colcon.colcon_core.package_identification:_identify(log) ignored
[0.229s] Level 1:colcon.colcon_core.package_identification:_identify(src) by extensions ['ignore', 'ignore_ament_install']
[0.229s] Level 1:colcon.colcon_core.package_identification:_identify(src) by extension 'ignore'
[0.229s] Level 1:colcon.colcon_core.package_identification:_identify(src) by extension 'ignore_ament_install'
[0.229s] Level 1:colcon.colcon_core.package_identification:_identify(src) by extensions ['colcon_pkg']
[0.229s] Level 1:colcon.colcon_core.package_identification:_identify(src) by extension 'colcon_pkg'
[0.229s] Level 1:colcon.colcon_core.package_identification:_identify(src) by extensions ['colcon_meta']
[0.229s] Level 1:colcon.colcon_core.package_identification:_identify(src) by extension 'colcon_meta'
[0.229s] Level 1:colcon.colcon_core.package_identification:_identify(src) by extensions ['ros']
[0.229s] Level 1:colcon.colcon_core.package_identification:_identify(src) by extension 'ros'
[0.229s] Level 1:colcon.colcon_core.package_identification:_identify(src) by extensions ['cmake', 'python']
[0.229s] Level 1:colcon.colcon_core.package_identification:_identify(src) by extension 'cmake'
[0.229s] Level 1:colcon.colcon_core.package_identification:_identify(src) by extension 'python'
[0.229s] Level 1:colcon.colcon_core.package_identification:_identify(src) by extensions ['python_setup_py']
[0.229s] Level 1:colcon.colcon_core.package_identification:_identify(src) by extension 'python_setup_py'
[0.229s] Level 1:colcon.colcon_core.package_identification:_identify(src/pinklab_minibot_robot) by extensions ['ignore', 'ignore_ament_install']
[0.230s] Level 1:colcon.colcon_core.package_identification:_identify(src/pinklab_minibot_robot) by extension 'ignore'
[0.230s] Level 1:colcon.colcon_core.package_identification:_identify(src/pinklab_minibot_robot) by extension 'ignore_ament_install'
[0.230s] Level 1:colcon.colcon_core.package_identification:_identify(src/pinklab_minibot_robot) by extensions ['colcon_pkg']
[0.230s] Level 1:colcon.colcon_core.package_identification:_identify(src/pinklab_minibot_robot) by extension 'colcon_pkg'
[0.230s] Level 1:colcon.colcon_core.package_identification:_identify(src/pinklab_minibot_robot) by extensions ['colcon_meta']
[0.230s] Level 1:colcon.colcon_core.package_identification:_identify(src/pinklab_minibot_robot) by extension 'colcon_meta'
[0.230s] Level 1:colcon.colcon_core.package_identification:_identify(src/pinklab_minibot_robot) by extensions ['ros']
[0.230s] Level 1:colcon.colcon_core.package_identification:_identify(src/pinklab_minibot_robot) by extension 'ros'
[0.230s] Level 1:colcon.colcon_core.package_identification:_identify(src/pinklab_minibot_robot) by extensions ['cmake', 'python']
[0.230s] Level 1:colcon.colcon_core.package_identification:_identify(src/pinklab_minibot_robot) by extension 'cmake'
[0.230s] Level 1:colcon.colcon_core.package_identification:_identify(src/pinklab_minibot_robot) by extension 'python'
[0.230s] Level 1:colcon.colcon_core.package_identification:_identify(src/pinklab_minibot_robot) by extensions ['python_setup_py']
[0.230s] Level 1:colcon.colcon_core.package_identification:_identify(src/pinklab_minibot_robot) by extension 'python_setup_py'
[0.230s] Level 1:colcon.colcon_core.package_identification:_identify(src/pinklab_minibot_robot/docs) by extensions ['ignore', 'ignore_ament_install']
[0.230s] Level 1:colcon.colcon_core.package_identification:_identify(src/pinklab_minibot_robot/docs) by extension 'ignore'
[0.230s] Level 1:colcon.colcon_core.package_identification:_identify(src/pinklab_minibot_robot/docs) by extension 'ignore_ament_install'
[0.230s] Level 1:colcon.colcon_core.package_identification:_identify(src/pinklab_minibot_robot/docs) by extensions ['colcon_pkg']
[0.230s] Level 1:colcon.colcon_core.package_identification:_identify(src/pinklab_minibot_robot/docs) by extension 'colcon_pkg'
[0.230s] Level 1:colcon.colcon_core.package_identification:_identify(src/pinklab_minibot_robot/docs) by extensions ['colcon_meta']
[0.230s] Level 1:colcon.colcon_core.package_identification:_identify(src/pinklab_minibot_robot/docs) by extension 'colcon_meta'
[0.230s] Level 1:colcon.colcon_core.package_identification:_identify(src/pinklab_minibot_robot/docs) by extensions ['ros']
[0.230s] Level 1:colcon.colcon_core.package_identification:_identify(src/pinklab_minibot_robot/docs) by extension 'ros'
[0.230s] Level 1:colcon.colcon_core.package_identification:_identify(src/pinklab_minibot_robot/docs) by extensions ['cmake', 'python']
[0.230s] Level 1:colcon.colcon_core.package_identification:_identify(src/pinklab_minibot_robot/docs) by extension 'cmake'
[0.230s] Level 1:colcon.colcon_core.package_identification:_identify(src/pinklab_minibot_robot/docs) by extension 'python'
[0.230s] Level 1:colcon.colcon_core.package_identification:_identify(src/pinklab_minibot_robot/docs) by extensions ['python_setup_py']
[0.230s] Level 1:colcon.colcon_core.package_identification:_identify(src/pinklab_minibot_robot/docs) by extension 'python_setup_py'
[0.231s] Level 1:colcon.colcon_core.package_identification:_identify(src/pinklab_minibot_robot/docs/blender) by extensions ['ignore', 'ignore_ament_install']
[0.231s] Level 1:colcon.colcon_core.package_identification:_identify(src/pinklab_minibot_robot/docs/blender) by extension 'ignore'
[0.231s] Level 1:colcon.colcon_core.package_identification:_identify(src/pinklab_minibot_robot/docs/blender) by extension 'ignore_ament_install'
[0.231s] Level 1:colcon.colcon_core.package_identification:_identify(src/pinklab_minibot_robot/docs/blender) by extensions ['colcon_pkg']
[0.231s] Level 1:colcon.colcon_core.package_identification:_identify(src/pinklab_minibot_robot/docs/blender) by extension 'colcon_pkg'
[0.231s] Level 1:colcon.colcon_core.package_identification:_identify(src/pinklab_minibot_robot/docs/blender) by extensions ['colcon_meta']
[0.231s] Level 1:colcon.colcon_core.package_identification:_identify(src/pinklab_minibot_robot/docs/blender) by extension 'colcon_meta'
[0.231s] Level 1:colcon.colcon_core.package_identification:_identify(src/pinklab_minibot_robot/docs/blender) by extensions ['ros']
[0.231s] Level 1:colcon.colcon_core.package_identification:_identify(src/pinklab_minibot_robot/docs/blender) by extension 'ros'
[0.231s] Level 1:colcon.colcon_core.package_identification:_identify(src/pinklab_minibot_robot/docs/blender) by extensions ['cmake', 'python']
[0.231s] Level 1:colcon.colcon_core.package_identification:_identify(src/pinklab_minibot_robot/docs/blender) by extension 'cmake'
[0.231s] Level 1:colcon.colcon_core.package_identification:_identify(src/pinklab_minibot_robot/docs/blender) by extension 'python'
[0.231s] Level 1:colcon.colcon_core.package_identification:_identify(src/pinklab_minibot_robot/docs/blender) by extensions ['python_setup_py']
[0.231s] Level 1:colcon.colcon_core.package_identification:_identify(src/pinklab_minibot_robot/docs/blender) by extension 'python_setup_py'
[0.231s] Level 1:colcon.colcon_core.package_identification:_identify(src/pinklab_minibot_robot/minibot_bringup) by extensions ['ignore', 'ignore_ament_install']
[0.231s] Level 1:colcon.colcon_core.package_identification:_identify(src/pinklab_minibot_robot/minibot_bringup) by extension 'ignore'
[0.231s] Level 1:colcon.colcon_core.package_identification:_identify(src/pinklab_minibot_robot/minibot_bringup) by extension 'ignore_ament_install'
[0.231s] Level 1:colcon.colcon_core.package_identification:_identify(src/pinklab_minibot_robot/minibot_bringup) by extensions ['colcon_pkg']
[0.231s] Level 1:colcon.colcon_core.package_identification:_identify(src/pinklab_minibot_robot/minibot_bringup) by extension 'colcon_pkg'
[0.231s] Level 1:colcon.colcon_core.package_identification:_identify(src/pinklab_minibot_robot/minibot_bringup) by extensions ['colcon_meta']
[0.231s] Level 1:colcon.colcon_core.package_identification:_identify(src/pinklab_minibot_robot/minibot_bringup) by extension 'colcon_meta'
[0.231s] Level 1:colcon.colcon_core.package_identification:_identify(src/pinklab_minibot_robot/minibot_bringup) by extensions ['ros']
[0.231s] Level 1:colcon.colcon_core.package_identification:_identify(src/pinklab_minibot_robot/minibot_bringup) by extension 'ros'
[0.233s] DEBUG:colcon.colcon_core.package_identification:Package 'src/pinklab_minibot_robot/minibot_bringup' with type 'ros.ament_cmake' and name 'minibot_bringup'
[0.233s] Level 1:colcon.colcon_core.package_identification:_identify(src/pinklab_minibot_robot/minibot_controllers) by extensions ['ignore', 'ignore_ament_install']
[0.233s] Level 1:colcon.colcon_core.package_identification:_identify(src/pinklab_minibot_robot/minibot_controllers) by extension 'ignore'
[0.233s] Level 1:colcon.colcon_core.package_identification:_identify(src/pinklab_minibot_robot/minibot_controllers) by extension 'ignore_ament_install'
[0.233s] Level 1:colcon.colcon_core.package_identification:_identify(src/pinklab_minibot_robot/minibot_controllers) by extensions ['colcon_pkg']
[0.233s] Level 1:colcon.colcon_core.package_identification:_identify(src/pinklab_minibot_robot/minibot_controllers) by extension 'colcon_pkg'
[0.233s] Level 1:colcon.colcon_core.package_identification:_identify(src/pinklab_minibot_robot/minibot_controllers) by extensions ['colcon_meta']
[0.233s] Level 1:colcon.colcon_core.package_identification:_identify(src/pinklab_minibot_robot/minibot_controllers) by extension 'colcon_meta'
[0.233s] Level 1:colcon.colcon_core.package_identification:_identify(src/pinklab_minibot_robot/minibot_controllers) by extensions ['ros']
[0.233s] Level 1:colcon.colcon_core.package_identification:_identify(src/pinklab_minibot_robot/minibot_controllers) by extension 'ros'
[0.234s] DEBUG:colcon.colcon_core.package_identification:Package 'src/pinklab_minibot_robot/minibot_controllers' with type 'ros.ament_cmake' and name 'minibot_controllers'
[0.235s] Level 1:colcon.colcon_core.package_identification:_identify(src/pinklab_minibot_robot/minibot_description) by extensions ['ignore', 'ignore_ament_install']
[0.235s] Level 1:colcon.colcon_core.package_identification:_identify(src/pinklab_minibot_robot/minibot_description) by extension 'ignore'
[0.235s] Level 1:colcon.colcon_core.package_identification:_identify(src/pinklab_minibot_robot/minibot_description) by extension 'ignore_ament_install'
[0.235s] Level 1:colcon.colcon_core.package_identification:_identify(src/pinklab_minibot_robot/minibot_description) by extensions ['colcon_pkg']
[0.235s] Level 1:colcon.colcon_core.package_identification:_identify(src/pinklab_minibot_robot/minibot_description) by extension 'colcon_pkg'
[0.235s] Level 1:colcon.colcon_core.package_identification:_identify(src/pinklab_minibot_robot/minibot_description) by extensions ['colcon_meta']
[0.235s] Level 1:colcon.colcon_core.package_identification:_identify(src/pinklab_minibot_robot/minibot_description) by extension 'colcon_meta'
[0.235s] Level 1:colcon.colcon_core.package_identification:_identify(src/pinklab_minibot_robot/minibot_description) by extensions ['ros']
[0.235s] Level 1:colcon.colcon_core.package_identification:_identify(src/pinklab_minibot_robot/minibot_description) by extension 'ros'
[0.235s] DEBUG:colcon.colcon_core.package_identification:Package 'src/pinklab_minibot_robot/minibot_description' with type 'ros.ament_cmake' and name 'minibot_description'
[0.235s] Level 1:colcon.colcon_core.package_identification:_identify(src/pinklab_minibot_robot/minibot_gazebo) by extensions ['ignore', 'ignore_ament_install']
[0.235s] Level 1:colcon.colcon_core.package_identification:_identify(src/pinklab_minibot_robot/minibot_gazebo) by extension 'ignore'
[0.236s] Level 1:colcon.colcon_core.package_identification:_identify(src/pinklab_minibot_robot/minibot_gazebo) by extension 'ignore_ament_install'
[0.236s] Level 1:colcon.colcon_core.package_identification:_identify(src/pinklab_minibot_robot/minibot_gazebo) by extensions ['colcon_pkg']
[0.236s] Level 1:colcon.colcon_core.package_identification:_identify(src/pinklab_minibot_robot/minibot_gazebo) by extension 'colcon_pkg'
[0.236s] Level 1:colcon.colcon_core.package_identification:_identify(src/pinklab_minibot_robot/minibot_gazebo) by extensions ['colcon_meta']
[0.236s] Level 1:colcon.colcon_core.package_identification:_identify(src/pinklab_minibot_robot/minibot_gazebo) by extension 'colcon_meta'
[0.236s] Level 1:colcon.colcon_core.package_identification:_identify(src/pinklab_minibot_robot/minibot_gazebo) by extensions ['ros']
[0.236s] Level 1:colcon.colcon_core.package_identification:_identify(src/pinklab_minibot_robot/minibot_gazebo) by extension 'ros'
[0.236s] DEBUG:colcon.colcon_core.package_identification:Package 'src/pinklab_minibot_robot/minibot_gazebo' with type 'ros.ament_cmake' and name 'minibot_gazebo'
[0.236s] Level 1:colcon.colcon_core.package_identification:_identify(src/pinklab_minibot_robot/minibot_hardware_interface) by extensions ['ignore', 'ignore_ament_install']
[0.236s] Level 1:colcon.colcon_core.package_identification:_identify(src/pinklab_minibot_robot/minibot_hardware_interface) by extension 'ignore'
[0.237s] Level 1:colcon.colcon_core.package_identification:_identify(src/pinklab_minibot_robot/minibot_hardware_interface) by extension 'ignore_ament_install'
[0.237s] Level 1:colcon.colcon_core.package_identification:_identify(src/pinklab_minibot_robot/minibot_hardware_interface) by extensions ['colcon_pkg']
[0.237s] Level 1:colcon.colcon_core.package_identification:_identify(src/pinklab_minibot_robot/minibot_hardware_interface) by extension 'colcon_pkg'
[0.237s] Level 1:colcon.colcon_core.package_identification:_identify(src/pinklab_minibot_robot/minibot_hardware_interface) by extensions ['colcon_meta']
[0.237s] Level 1:colcon.colcon_core.package_identification:_identify(src/pinklab_minibot_robot/minibot_hardware_interface) by extension 'colcon_meta'
[0.237s] Level 1:colcon.colcon_core.package_identification:_identify(src/pinklab_minibot_robot/minibot_hardware_interface) by extensions ['ros']
[0.237s] Level 1:colcon.colcon_core.package_identification:_identify(src/pinklab_minibot_robot/minibot_hardware_interface) by extension 'ros'
[0.237s] DEBUG:colcon.colcon_core.package_identification:Package 'src/pinklab_minibot_robot/minibot_hardware_interface' with type 'ros.ament_cmake' and name 'minibot_hardware_interface'
[0.237s] Level 1:colcon.colcon_core.package_identification:_identify(src/pinklab_minibot_robot/minibot_interfaces) by extensions ['ignore', 'ignore_ament_install']
[0.237s] Level 1:colcon.colcon_core.package_identification:_identify(src/pinklab_minibot_robot/minibot_interfaces) by extension 'ignore'
[0.237s] Level 1:colcon.colcon_core.package_identification:_identify(src/pinklab_minibot_robot/minibot_interfaces) by extension 'ignore_ament_install'
[0.238s] Level 1:colcon.colcon_core.package_identification:_identify(src/pinklab_minibot_robot/minibot_interfaces) by extensions ['colcon_pkg']
[0.238s] Level 1:colcon.colcon_core.package_identification:_identify(src/pinklab_minibot_robot/minibot_interfaces) by extension 'colcon_pkg'
[0.238s] Level 1:colcon.colcon_core.package_identification:_identify(src/pinklab_minibot_robot/minibot_interfaces) by extensions ['colcon_meta']
[0.238s] Level 1:colcon.colcon_core.package_identification:_identify(src/pinklab_minibot_robot/minibot_interfaces) by extension 'colcon_meta'
[0.238s] Level 1:colcon.colcon_core.package_identification:_identify(src/pinklab_minibot_robot/minibot_interfaces) by extensions ['ros']
[0.238s] Level 1:colcon.colcon_core.package_identification:_identify(src/pinklab_minibot_robot/minibot_interfaces) by extension 'ros'
[0.238s] DEBUG:colcon.colcon_core.package_identification:Package 'src/pinklab_minibot_robot/minibot_interfaces' with type 'ros.ament_cmake' and name 'minibot_interfaces'
[0.238s] Level 1:colcon.colcon_core.package_identification:_identify(src/pinklab_minibot_robot/minibot_navigation2) by extensions ['ignore', 'ignore_ament_install']
[0.238s] Level 1:colcon.colcon_core.package_identification:_identify(src/pinklab_minibot_robot/minibot_navigation2) by extension 'ignore'
[0.238s] Level 1:colcon.colcon_core.package_identification:_identify(src/pinklab_minibot_robot/minibot_navigation2) by extension 'ignore_ament_install'
[0.238s] Level 1:colcon.colcon_core.package_identification:_identify(src/pinklab_minibot_robot/minibot_navigation2) by extensions ['colcon_pkg']
[0.238s] Level 1:colcon.colcon_core.package_identification:_identify(src/pinklab_minibot_robot/minibot_navigation2) by extension 'colcon_pkg'
[0.238s] Level 1:colcon.colcon_core.package_identification:_identify(src/pinklab_minibot_robot/minibot_navigation2) by extensions ['colcon_meta']
[0.238s] Level 1:colcon.colcon_core.package_identification:_identify(src/pinklab_minibot_robot/minibot_navigation2) by extension 'colcon_meta'
[0.238s] Level 1:colcon.colcon_core.package_identification:_identify(src/pinklab_minibot_robot/minibot_navigation2) by extensions ['ros']
[0.238s] Level 1:colcon.colcon_core.package_identification:_identify(src/pinklab_minibot_robot/minibot_navigation2) by extension 'ros'
[0.239s] DEBUG:colcon.colcon_core.package_identification:Package 'src/pinklab_minibot_robot/minibot_navigation2' with type 'ros.ament_cmake' and name 'minibot_navigation2'
[0.239s] Level 1:colcon.colcon_core.package_discovery:discover_packages(recursive) using defaults
[0.239s] Level 1:colcon.colcon_core.package_discovery:discover_packages(ignore) discover
[0.239s] Level 1:colcon.colcon_core.package_discovery:discover_packages(ignore) using defaults
[0.239s] Level 1:colcon.colcon_core.package_discovery:discover_packages(path) discover
[0.239s] Level 1:colcon.colcon_core.package_discovery:discover_packages(path) using defaults
[0.260s] Level 1:colcon.colcon_core.package_discovery:discover_packages(prefix_path) check parameters
[0.260s] Level 1:colcon.colcon_core.package_discovery:discover_packages(prefix_path) discover
[0.262s] DEBUG:colcon.colcon_installed_package_information.package_discovery:Found 393 installed packages in /opt/ros/humble
[0.263s] Level 1:colcon.colcon_core.package_discovery:discover_packages(prefix_path) using defaults
[0.300s] Level 5:colcon.colcon_core.verb:set package 'minibot_description' build argument 'cmake_args' from command line to 'None'
[0.300s] Level 5:colcon.colcon_core.verb:set package 'minibot_description' build argument 'cmake_target' from command line to 'None'
[0.300s] Level 5:colcon.colcon_core.verb:set package 'minibot_description' build argument 'cmake_target_skip_unavailable' from command line to 'False'
[0.300s] Level 5:colcon.colcon_core.verb:set package 'minibot_description' build argument 'cmake_clean_cache' from command line to 'False'
[0.300s] Level 5:colcon.colcon_core.verb:set package 'minibot_description' build argument 'cmake_clean_first' from command line to 'False'
[0.300s] Level 5:colcon.colcon_core.verb:set package 'minibot_description' build argument 'cmake_force_configure' from command line to 'False'
[0.300s] Level 5:colcon.colcon_core.verb:set package 'minibot_description' build argument 'ament_cmake_args' from command line to 'None'
[0.300s] Level 5:colcon.colcon_core.verb:set package 'minibot_description' build argument 'catkin_cmake_args' from command line to 'None'
[0.300s] Level 5:colcon.colcon_core.verb:set package 'minibot_description' build argument 'catkin_skip_building_tests' from command line to 'False'
[0.300s] DEBUG:colcon.colcon_core.verb:Building package 'minibot_description' with the following arguments: {'ament_cmake_args': None, 'build_base': '/home/han/Desktop/Han_ws/10.minibot/build/minibot_description', 'catkin_cmake_args': None, 'catkin_skip_building_tests': False, 'cmake_args': None, 'cmake_clean_cache': False, 'cmake_clean_first': False, 'cmake_force_configure': False, 'cmake_target': None, 'cmake_target_skip_unavailable': False, 'install_base': '/home/han/Desktop/Han_ws/10.minibot/install/minibot_description', 'merge_install': False, 'path': '/home/han/Desktop/Han_ws/10.minibot/src/pinklab_minibot_robot/minibot_description', 'symlink_install': False, 'test_result_base': None}
[0.300s] Level 5:colcon.colcon_core.verb:set package 'minibot_hardware_interface' build argument 'cmake_args' from command line to 'None'
[0.300s] Level 5:colcon.colcon_core.verb:set package 'minibot_hardware_interface' build argument 'cmake_target' from command line to 'None'
[0.300s] Level 5:colcon.colcon_core.verb:set package 'minibot_hardware_interface' build argument 'cmake_target_skip_unavailable' from command line to 'False'
[0.300s] Level 5:colcon.colcon_core.verb:set package 'minibot_hardware_interface' build argument 'cmake_clean_cache' from command line to 'False'
[0.300s] Level 5:colcon.colcon_core.verb:set package 'minibot_hardware_interface' build argument 'cmake_clean_first' from command line to 'False'
[0.300s] Level 5:colcon.colcon_core.verb:set package 'minibot_hardware_interface' build argument 'cmake_force_configure' from command line to 'False'
[0.300s] Level 5:colcon.colcon_core.verb:set package 'minibot_hardware_interface' build argument 'ament_cmake_args' from command line to 'None'
[0.300s] Level 5:colcon.colcon_core.verb:set package 'minibot_hardware_interface' build argument 'catkin_cmake_args' from command line to 'None'
[0.300s] Level 5:colcon.colcon_core.verb:set package 'minibot_hardware_interface' build argument 'catkin_skip_building_tests' from command line to 'False'
[0.300s] DEBUG:colcon.colcon_core.verb:Building package 'minibot_hardware_interface' with the following arguments: {'ament_cmake_args': None, 'build_base': '/home/han/Desktop/Han_ws/10.minibot/build/minibot_hardware_interface', 'catkin_cmake_args': None, 'catkin_skip_building_tests': False, 'cmake_args': None, 'cmake_clean_cache': False, 'cmake_clean_first': False, 'cmake_force_configure': False, 'cmake_target': None, 'cmake_target_skip_unavailable': False, 'install_base': '/home/han/Desktop/Han_ws/10.minibot/install/minibot_hardware_interface', 'merge_install': False, 'path': '/home/han/Desktop/Han_ws/10.minibot/src/pinklab_minibot_robot/minibot_hardware_interface', 'symlink_install': False, 'test_result_base': None}
[0.301s] Level 5:colcon.colcon_core.verb:set package 'minibot_interfaces' build argument 'cmake_args' from command line to 'None'
[0.301s] Level 5:colcon.colcon_core.verb:set package 'minibot_interfaces' build argument 'cmake_target' from command line to 'None'
[0.301s] Level 5:colcon.colcon_core.verb:set package 'minibot_interfaces' build argument 'cmake_target_skip_unavailable' from command line to 'False'
[0.301s] Level 5:colcon.colcon_core.verb:set package 'minibot_interfaces' build argument 'cmake_clean_cache' from command line to 'False'
[0.301s] Level 5:colcon.colcon_core.verb:set package 'minibot_interfaces' build argument 'cmake_clean_first' from command line to 'False'
[0.301s] Level 5:colcon.colcon_core.verb:set package 'minibot_interfaces' build argument 'cmake_force_configure' from command line to 'False'
[0.301s] Level 5:colcon.colcon_core.verb:set package 'minibot_interfaces' build argument 'ament_cmake_args' from command line to 'None'
[0.301s] Level 5:colcon.colcon_core.verb:set package 'minibot_interfaces' build argument 'catkin_cmake_args' from command line to 'None'
[0.301s] Level 5:colcon.colcon_core.verb:set package 'minibot_interfaces' build argument 'catkin_skip_building_tests' from command line to 'False'
[0.301s] DEBUG:colcon.colcon_core.verb:Building package 'minibot_interfaces' with the following arguments: {'ament_cmake_args': None, 'build_base': '/home/han/Desktop/Han_ws/10.minibot/build/minibot_interfaces', 'catkin_cmake_args': None, 'catkin_skip_building_tests': False, 'cmake_args': None, 'cmake_clean_cache': False, 'cmake_clean_first': False, 'cmake_force_configure': False, 'cmake_target': None, 'cmake_target_skip_unavailable': False, 'install_base': '/home/han/Desktop/Han_ws/10.minibot/install/minibot_interfaces', 'merge_install': False, 'path': '/home/han/Desktop/Han_ws/10.minibot/src/pinklab_minibot_robot/minibot_interfaces', 'symlink_install': False, 'test_result_base': None}
[0.301s] Level 5:colcon.colcon_core.verb:set package 'minibot_navigation2' build argument 'cmake_args' from command line to 'None'
[0.301s] Level 5:colcon.colcon_core.verb:set package 'minibot_navigation2' build argument 'cmake_target' from command line to 'None'
[0.301s] Level 5:colcon.colcon_core.verb:set package 'minibot_navigation2' build argument 'cmake_target_skip_unavailable' from command line to 'False'
[0.301s] Level 5:colcon.colcon_core.verb:set package 'minibot_navigation2' build argument 'cmake_clean_cache' from command line to 'False'
[0.301s] Level 5:colcon.colcon_core.verb:set package 'minibot_navigation2' build argument 'cmake_clean_first' from command line to 'False'
[0.301s] Level 5:colcon.colcon_core.verb:set package 'minibot_navigation2' build argument 'cmake_force_configure' from command line to 'False'
[0.301s] Level 5:colcon.colcon_core.verb:set package 'minibot_navigation2' build argument 'ament_cmake_args' from command line to 'None'
[0.301s] Level 5:colcon.colcon_core.verb:set package 'minibot_navigation2' build argument 'catkin_cmake_args' from command line to 'None'
[0.301s] Level 5:colcon.colcon_core.verb:set package 'minibot_navigation2' build argument 'catkin_skip_building_tests' from command line to 'False'
[0.301s] DEBUG:colcon.colcon_core.verb:Building package 'minibot_navigation2' with the following arguments: {'ament_cmake_args': None, 'build_base': '/home/han/Desktop/Han_ws/10.minibot/build/minibot_navigation2', 'catkin_cmake_args': None, 'catkin_skip_building_tests': False, 'cmake_args': None, 'cmake_clean_cache': False, 'cmake_clean_first': False, 'cmake_force_configure': False, 'cmake_target': None, 'cmake_target_skip_unavailable': False, 'install_base': '/home/han/Desktop/Han_ws/10.minibot/install/minibot_navigation2', 'merge_install': False, 'path': '/home/han/Desktop/Han_ws/10.minibot/src/pinklab_minibot_robot/minibot_navigation2', 'symlink_install': False, 'test_result_base': None}
[0.301s] Level 5:colcon.colcon_core.verb:set package 'minibot_controllers' build argument 'cmake_args' from command line to 'None'
[0.302s] Level 5:colcon.colcon_core.verb:set package 'minibot_controllers' build argument 'cmake_target' from command line to 'None'
[0.302s] Level 5:colcon.colcon_core.verb:set package 'minibot_controllers' build argument 'cmake_target_skip_unavailable' from command line to 'False'
[0.302s] Level 5:colcon.colcon_core.verb:set package 'minibot_controllers' build argument 'cmake_clean_cache' from command line to 'False'
[0.302s] Level 5:colcon.colcon_core.verb:set package 'minibot_controllers' build argument 'cmake_clean_first' from command line to 'False'
[0.302s] Level 5:colcon.colcon_core.verb:set package 'minibot_controllers' build argument 'cmake_force_configure' from command line to 'False'
[0.302s] Level 5:colcon.colcon_core.verb:set package 'minibot_controllers' build argument 'ament_cmake_args' from command line to 'None'
[0.302s] Level 5:colcon.colcon_core.verb:set package 'minibot_controllers' build argument 'catkin_cmake_args' from command line to 'None'
[0.302s] Level 5:colcon.colcon_core.verb:set package 'minibot_controllers' build argument 'catkin_skip_building_tests' from command line to 'False'
[0.302s] DEBUG:colcon.colcon_core.verb:Building package 'minibot_controllers' with the following arguments: {'ament_cmake_args': None, 'build_base': '/home/han/Desktop/Han_ws/10.minibot/build/minibot_controllers', 'catkin_cmake_args': None, 'catkin_skip_building_tests': False, 'cmake_args': None, 'cmake_clean_cache': False, 'cmake_clean_first': False, 'cmake_force_configure': False, 'cmake_target': None, 'cmake_target_skip_unavailable': False, 'install_base': '/home/han/Desktop/Han_ws/10.minibot/install/minibot_controllers', 'merge_install': False, 'path': '/home/han/Desktop/Han_ws/10.minibot/src/pinklab_minibot_robot/minibot_controllers', 'symlink_install': False, 'test_result_base': None}
[0.302s] Level 5:colcon.colcon_core.verb:set package 'minibot_gazebo' build argument 'cmake_args' from command line to 'None'
[0.302s] Level 5:colcon.colcon_core.verb:set package 'minibot_gazebo' build argument 'cmake_target' from command line to 'None'
[0.302s] Level 5:colcon.colcon_core.verb:set package 'minibot_gazebo' build argument 'cmake_target_skip_unavailable' from command line to 'False'
[0.302s] Level 5:colcon.colcon_core.verb:set package 'minibot_gazebo' build argument 'cmake_clean_cache' from command line to 'False'
[0.302s] Level 5:colcon.colcon_core.verb:set package 'minibot_gazebo' build argument 'cmake_clean_first' from command line to 'False'
[0.302s] Level 5:colcon.colcon_core.verb:set package 'minibot_gazebo' build argument 'cmake_force_configure' from command line to 'False'
[0.302s] Level 5:colcon.colcon_core.verb:set package 'minibot_gazebo' build argument 'ament_cmake_args' from command line to 'None'
[0.302s] Level 5:colcon.colcon_core.verb:set package 'minibot_gazebo' build argument 'catkin_cmake_args' from command line to 'None'
[0.302s] Level 5:colcon.colcon_core.verb:set package 'minibot_gazebo' build argument 'catkin_skip_building_tests' from command line to 'False'
[0.302s] DEBUG:colcon.colcon_core.verb:Building package 'minibot_gazebo' with the following arguments: {'ament_cmake_args': None, 'build_base': '/home/han/Desktop/Han_ws/10.minibot/build/minibot_gazebo', 'catkin_cmake_args': None, 'catkin_skip_building_tests': False, 'cmake_args': None, 'cmake_clean_cache': False, 'cmake_clean_first': False, 'cmake_force_configure': False, 'cmake_target': None, 'cmake_target_skip_unavailable': False, 'install_base': '/home/han/Desktop/Han_ws/10.minibot/install/minibot_gazebo', 'merge_install': False, 'path': '/home/han/Desktop/Han_ws/10.minibot/src/pinklab_minibot_robot/minibot_gazebo', 'symlink_install': False, 'test_result_base': None}
[0.302s] Level 5:colcon.colcon_core.verb:set package 'minibot_bringup' build argument 'cmake_args' from command line to 'None'
[0.302s] Level 5:colcon.colcon_core.verb:set package 'minibot_bringup' build argument 'cmake_target' from command line to 'None'
[0.302s] Level 5:colcon.colcon_core.verb:set package 'minibot_bringup' build argument 'cmake_target_skip_unavailable' from command line to 'False'
[0.302s] Level 5:colcon.colcon_core.verb:set package 'minibot_bringup' build argument 'cmake_clean_cache' from command line to 'False'
[0.302s] Level 5:colcon.colcon_core.verb:set package 'minibot_bringup' build argument 'cmake_clean_first' from command line to 'False'
[0.302s] Level 5:colcon.colcon_core.verb:set package 'minibot_bringup' build argument 'cmake_force_configure' from command line to 'False'
[0.302s] Level 5:colcon.colcon_core.verb:set package 'minibot_bringup' build argument 'ament_cmake_args' from command line to 'None'
[0.302s] Level 5:colcon.colcon_core.verb:set package 'minibot_bringup' build argument 'catkin_cmake_args' from command line to 'None'
[0.303s] Level 5:colcon.colcon_core.verb:set package 'minibot_bringup' build argument 'catkin_skip_building_tests' from command line to 'False'
[0.303s] DEBUG:colcon.colcon_core.verb:Building package 'minibot_bringup' with the following arguments: {'ament_cmake_args': None, 'build_base': '/home/han/Desktop/Han_ws/10.minibot/build/minibot_bringup', 'catkin_cmake_args': None, 'catkin_skip_building_tests': False, 'cmake_args': None, 'cmake_clean_cache': False, 'cmake_clean_first': False, 'cmake_force_configure': False, 'cmake_target': None, 'cmake_target_skip_unavailable': False, 'install_base': '/home/han/Desktop/Han_ws/10.minibot/install/minibot_bringup', 'merge_install': False, 'path': '/home/han/Desktop/Han_ws/10.minibot/src/pinklab_minibot_robot/minibot_bringup', 'symlink_install': False, 'test_result_base': None}
[0.303s] INFO:colcon.colcon_core.executor:Executing jobs using 'parallel' executor
[0.303s] DEBUG:colcon.colcon_parallel_executor.executor.parallel:run_until_complete
[0.303s] INFO:colcon.colcon_ros.task.ament_cmake.build:Building ROS package in '/home/han/Desktop/Han_ws/10.minibot/src/pinklab_minibot_robot/minibot_description' with build type 'ament_cmake'
[0.304s] INFO:colcon.colcon_cmake.task.cmake.build:Building CMake package in '/home/han/Desktop/Han_ws/10.minibot/src/pinklab_minibot_robot/minibot_description'
[0.305s] INFO:colcon.colcon_core.plugin_system:Skipping extension 'colcon_core.shell.bat': Not used on non-Windows systems
[0.305s] INFO:colcon.colcon_core.shell:Skip shell extension 'powershell' for command environment: Not usable outside of PowerShell
[0.305s] DEBUG:colcon.colcon_core.shell:Skip shell extension 'dsv' for command environment
[0.307s] INFO:colcon.colcon_ros.task.ament_cmake.build:Building ROS package in '/home/han/Desktop/Han_ws/10.minibot/src/pinklab_minibot_robot/minibot_interfaces' with build type 'ament_cmake'
[0.307s] INFO:colcon.colcon_cmake.task.cmake.build:Building CMake package in '/home/han/Desktop/Han_ws/10.minibot/src/pinklab_minibot_robot/minibot_interfaces'
[0.308s] INFO:colcon.colcon_core.shell:Skip shell extension 'powershell' for command environment: Not usable outside of PowerShell
[0.308s] DEBUG:colcon.colcon_core.shell:Skip shell extension 'dsv' for command environment
[0.310s] INFO:colcon.colcon_ros.task.ament_cmake.build:Building ROS package in '/home/han/Desktop/Han_ws/10.minibot/src/pinklab_minibot_robot/minibot_hardware_interface' with build type 'ament_cmake'
[0.310s] INFO:colcon.colcon_cmake.task.cmake.build:Building CMake package in '/home/han/Desktop/Han_ws/10.minibot/src/pinklab_minibot_robot/minibot_hardware_interface'
[0.310s] INFO:colcon.colcon_core.shell:Skip shell extension 'powershell' for command environment: Not usable outside of PowerShell
[0.310s] DEBUG:colcon.colcon_core.shell:Skip shell extension 'dsv' for command environment
[0.312s] INFO:colcon.colcon_ros.task.ament_cmake.build:Building ROS package in '/home/han/Desktop/Han_ws/10.minibot/src/pinklab_minibot_robot/minibot_navigation2' with build type 'ament_cmake'
[0.312s] INFO:colcon.colcon_cmake.task.cmake.build:Building CMake package in '/home/han/Desktop/Han_ws/10.minibot/src/pinklab_minibot_robot/minibot_navigation2'
[0.312s] INFO:colcon.colcon_core.shell:Skip shell extension 'powershell' for command environment: Not usable outside of PowerShell
[0.312s] DEBUG:colcon.colcon_core.shell:Skip shell extension 'dsv' for command environment
[0.318s] DEBUG:colcon.colcon_core.event_handler.log_command:Invoking command in '/home/han/Desktop/Han_ws/10.minibot/build/minibot_description': CMAKE_PREFIX_PATH=/opt/ros/humble /usr/bin/cmake --build /home/han/Desktop/Han_ws/10.minibot/build/minibot_description -- -j12 -l12
[0.320s] DEBUG:colcon.colcon_core.event_handler.log_command:Invoking command in '/home/han/Desktop/Han_ws/10.minibot/build/minibot_interfaces': CMAKE_PREFIX_PATH=/opt/ros/humble /usr/bin/cmake --build /home/han/Desktop/Han_ws/10.minibot/build/minibot_interfaces -- -j12 -l12
[0.323s] DEBUG:colcon.colcon_core.event_handler.log_command:Invoking command in '/home/han/Desktop/Han_ws/10.minibot/build/minibot_hardware_interface': CMAKE_PREFIX_PATH=/opt/ros/humble /usr/bin/cmake --build /home/han/Desktop/Han_ws/10.minibot/build/minibot_hardware_interface -- -j12 -l12
[0.326s] DEBUG:colcon.colcon_core.event_handler.log_command:Invoking command in '/home/han/Desktop/Han_ws/10.minibot/build/minibot_navigation2': CMAKE_PREFIX_PATH=/opt/ros/humble /usr/bin/cmake --build /home/han/Desktop/Han_ws/10.minibot/build/minibot_navigation2 -- -j12 -l12
[0.349s] DEBUG:colcon.colcon_core.event_handler.log_command:Invoked command in '/home/han/Desktop/Han_ws/10.minibot/build/minibot_description' returned '0': CMAKE_PREFIX_PATH=/opt/ros/humble /usr/bin/cmake --build /home/han/Desktop/Han_ws/10.minibot/build/minibot_description -- -j12 -l12
[0.361s] DEBUG:colcon.colcon_core.event_handler.log_command:Invoked command in '/home/han/Desktop/Han_ws/10.minibot/build/minibot_navigation2' returned '0': CMAKE_PREFIX_PATH=/opt/ros/humble /usr/bin/cmake --build /home/han/Desktop/Han_ws/10.minibot/build/minibot_navigation2 -- -j12 -l12
[0.380s] DEBUG:colcon.colcon_core.event_handler.log_command:Invoking command in '/home/han/Desktop/Han_ws/10.minibot/build/minibot_description': CMAKE_PREFIX_PATH=/opt/ros/humble /usr/bin/cmake --install /home/han/Desktop/Han_ws/10.minibot/build/minibot_description
[0.385s] DEBUG:colcon.colcon_core.event_handler.log_command:Invoking command in '/home/han/Desktop/Han_ws/10.minibot/build/minibot_navigation2': CMAKE_PREFIX_PATH=/opt/ros/humble /usr/bin/cmake --install /home/han/Desktop/Han_ws/10.minibot/build/minibot_navigation2
[0.390s] Level 1:colcon.colcon_core.environment:create_environment_scripts_only(minibot_description)
[0.391s] DEBUG:colcon.colcon_core.event_handler.log_command:Invoked command in '/home/han/Desktop/Han_ws/10.minibot/build/minibot_description' returned '0': CMAKE_PREFIX_PATH=/opt/ros/humble /usr/bin/cmake --install /home/han/Desktop/Han_ws/10.minibot/build/minibot_description
[0.395s] Level 1:colcon.colcon_core.environment:checking '/home/han/Desktop/Han_ws/10.minibot/install/minibot_description' for CMake module files
[0.396s] Level 1:colcon.colcon_core.environment:checking '/home/han/Desktop/Han_ws/10.minibot/install/minibot_description' for CMake config files
[0.396s] Level 1:colcon.colcon_core.shell:create_environment_hook('minibot_description', 'cmake_prefix_path')
[0.396s] INFO:colcon.colcon_core.shell:Creating environment hook '/home/han/Desktop/Han_ws/10.minibot/install/minibot_description/share/minibot_description/hook/cmake_prefix_path.ps1'
[0.396s] INFO:colcon.colcon_core.shell:Creating environment descriptor '/home/han/Desktop/Han_ws/10.minibot/install/minibot_description/share/minibot_description/hook/cmake_prefix_path.dsv'
[0.397s] INFO:colcon.colcon_core.shell:Creating environment hook '/home/han/Desktop/Han_ws/10.minibot/install/minibot_description/share/minibot_description/hook/cmake_prefix_path.sh'
[0.397s] Level 1:colcon.colcon_core.environment:checking '/home/han/Desktop/Han_ws/10.minibot/install/minibot_description/bin'
[0.397s] Level 1:colcon.colcon_core.environment:checking '/home/han/Desktop/Han_ws/10.minibot/install/minibot_description/lib/pkgconfig/minibot_description.pc'
[0.398s] Level 1:colcon.colcon_core.environment:checking '/home/han/Desktop/Han_ws/10.minibot/install/minibot_description/lib/python3.10/site-packages'
[0.398s] Level 1:colcon.colcon_core.environment:checking '/home/han/Desktop/Han_ws/10.minibot/install/minibot_description/bin'
[0.398s] INFO:colcon.colcon_core.shell:Creating package script '/home/han/Desktop/Han_ws/10.minibot/install/minibot_description/share/minibot_description/package.ps1'
[0.399s] INFO:colcon.colcon_core.shell:Creating package descriptor '/home/han/Desktop/Han_ws/10.minibot/install/minibot_description/share/minibot_description/package.dsv'
[0.399s] INFO:colcon.colcon_core.shell:Creating package script '/home/han/Desktop/Han_ws/10.minibot/install/minibot_description/share/minibot_description/package.sh'
[0.400s] INFO:colcon.colcon_core.shell:Creating package script '/home/han/Desktop/Han_ws/10.minibot/install/minibot_description/share/minibot_description/package.bash'
[0.400s] INFO:colcon.colcon_core.shell:Creating package script '/home/han/Desktop/Han_ws/10.minibot/install/minibot_description/share/minibot_description/package.zsh'
[0.401s] Level 1:colcon.colcon_core.environment:create_file_with_runtime_dependencies(/home/han/Desktop/Han_ws/10.minibot/install/minibot_description/share/colcon-core/packages/minibot_description)
[0.402s] Level 1:colcon.colcon_core.environment:create_environment_scripts_only(minibot_navigation2)
[0.402s] Level 1:colcon.colcon_core.environment:checking '/home/han/Desktop/Han_ws/10.minibot/install/minibot_navigation2' for CMake module files
[0.403s] DEBUG:colcon.colcon_core.event_handler.log_command:Invoked command in '/home/han/Desktop/Han_ws/10.minibot/build/minibot_navigation2' returned '0': CMAKE_PREFIX_PATH=/opt/ros/humble /usr/bin/cmake --install /home/han/Desktop/Han_ws/10.minibot/build/minibot_navigation2
[0.403s] Level 1:colcon.colcon_core.environment:checking '/home/han/Desktop/Han_ws/10.minibot/install/minibot_navigation2' for CMake config files
[0.403s] Level 1:colcon.colcon_core.shell:create_environment_hook('minibot_navigation2', 'cmake_prefix_path')
[0.404s] INFO:colcon.colcon_core.shell:Creating environment hook '/home/han/Desktop/Han_ws/10.minibot/install/minibot_navigation2/share/minibot_navigation2/hook/cmake_prefix_path.ps1'
[0.404s] INFO:colcon.colcon_core.shell:Creating environment descriptor '/home/han/Desktop/Han_ws/10.minibot/install/minibot_navigation2/share/minibot_navigation2/hook/cmake_prefix_path.dsv'
[0.405s] INFO:colcon.colcon_core.shell:Creating environment hook '/home/han/Desktop/Han_ws/10.minibot/install/minibot_navigation2/share/minibot_navigation2/hook/cmake_prefix_path.sh'
[0.405s] Level 1:colcon.colcon_core.environment:checking '/home/han/Desktop/Han_ws/10.minibot/install/minibot_navigation2/bin'
[0.405s] Level 1:colcon.colcon_core.environment:checking '/home/han/Desktop/Han_ws/10.minibot/install/minibot_navigation2/lib/pkgconfig/minibot_navigation2.pc'
[0.405s] Level 1:colcon.colcon_core.environment:checking '/home/han/Desktop/Han_ws/10.minibot/install/minibot_navigation2/lib/python3.10/site-packages'
[0.405s] Level 1:colcon.colcon_core.environment:checking '/home/han/Desktop/Han_ws/10.minibot/install/minibot_navigation2/bin'
[0.406s] INFO:colcon.colcon_core.shell:Creating package script '/home/han/Desktop/Han_ws/10.minibot/install/minibot_navigation2/share/minibot_navigation2/package.ps1'
[0.406s] INFO:colcon.colcon_core.shell:Creating package descriptor '/home/han/Desktop/Han_ws/10.minibot/install/minibot_navigation2/share/minibot_navigation2/package.dsv'
[0.406s] INFO:colcon.colcon_core.shell:Creating package script '/home/han/Desktop/Han_ws/10.minibot/install/minibot_navigation2/share/minibot_navigation2/package.sh'
[0.407s] INFO:colcon.colcon_core.shell:Creating package script '/home/han/Desktop/Han_ws/10.minibot/install/minibot_navigation2/share/minibot_navigation2/package.bash'
[0.407s] INFO:colcon.colcon_core.shell:Creating package script '/home/han/Desktop/Han_ws/10.minibot/install/minibot_navigation2/share/minibot_navigation2/package.zsh'
[0.407s] Level 1:colcon.colcon_core.environment:create_file_with_runtime_dependencies(/home/han/Desktop/Han_ws/10.minibot/install/minibot_navigation2/share/colcon-core/packages/minibot_navigation2)
[0.415s] Level 1:colcon.colcon_core.environment:create_environment_scripts_only(minibot_description)
[0.416s] Level 1:colcon.colcon_core.environment:checking '/home/han/Desktop/Han_ws/10.minibot/install/minibot_description' for CMake module files
[0.416s] Level 1:colcon.colcon_core.environment:checking '/home/han/Desktop/Han_ws/10.minibot/install/minibot_description' for CMake config files
[0.416s] Level 1:colcon.colcon_core.shell:create_environment_hook('minibot_description', 'cmake_prefix_path')
[0.416s] INFO:colcon.colcon_core.shell:Creating environment hook '/home/han/Desktop/Han_ws/10.minibot/install/minibot_description/share/minibot_description/hook/cmake_prefix_path.ps1'
[0.417s] INFO:colcon.colcon_core.shell:Creating environment descriptor '/home/han/Desktop/Han_ws/10.minibot/install/minibot_description/share/minibot_description/hook/cmake_prefix_path.dsv'
[0.417s] INFO:colcon.colcon_core.shell:Creating environment hook '/home/han/Desktop/Han_ws/10.minibot/install/minibot_description/share/minibot_description/hook/cmake_prefix_path.sh'
[0.417s] Level 1:colcon.colcon_core.environment:checking '/home/han/Desktop/Han_ws/10.minibot/install/minibot_description/bin'
[0.417s] Level 1:colcon.colcon_core.environment:checking '/home/han/Desktop/Han_ws/10.minibot/install/minibot_description/lib/pkgconfig/minibot_description.pc'
[0.418s] Level 1:colcon.colcon_core.environment:checking '/home/han/Desktop/Han_ws/10.minibot/install/minibot_description/lib/python3.10/site-packages'
[0.418s] Level 1:colcon.colcon_core.environment:checking '/home/han/Desktop/Han_ws/10.minibot/install/minibot_description/bin'
[0.418s] INFO:colcon.colcon_core.shell:Creating package script '/home/han/Desktop/Han_ws/10.minibot/install/minibot_description/share/minibot_description/package.ps1'
[0.418s] INFO:colcon.colcon_core.shell:Creating package descriptor '/home/han/Desktop/Han_ws/10.minibot/install/minibot_description/share/minibot_description/package.dsv'
[0.419s] INFO:colcon.colcon_core.shell:Creating package script '/home/han/Desktop/Han_ws/10.minibot/install/minibot_description/share/minibot_description/package.sh'
[0.419s] INFO:colcon.colcon_core.shell:Creating package script '/home/han/Desktop/Han_ws/10.minibot/install/minibot_description/share/minibot_description/package.bash'
[0.419s] INFO:colcon.colcon_core.shell:Creating package script '/home/han/Desktop/Han_ws/10.minibot/install/minibot_description/share/minibot_description/package.zsh'
[0.419s] Level 1:colcon.colcon_core.environment:create_file_with_runtime_dependencies(/home/han/Desktop/Han_ws/10.minibot/install/minibot_description/share/colcon-core/packages/minibot_description)
[0.420s] INFO:colcon.colcon_ros.task.ament_cmake.build:Building ROS package in '/home/han/Desktop/Han_ws/10.minibot/src/pinklab_minibot_robot/minibot_gazebo' with build type 'ament_cmake'
[0.420s] INFO:colcon.colcon_cmake.task.cmake.build:Building CMake package in '/home/han/Desktop/Han_ws/10.minibot/src/pinklab_minibot_robot/minibot_gazebo'
[0.420s] INFO:colcon.colcon_core.shell:Skip shell extension 'powershell' for command environment: Not usable outside of PowerShell
[0.420s] DEBUG:colcon.colcon_core.shell:Skip shell extension 'dsv' for command environment
[0.423s] Level 1:colcon.colcon_core.environment:create_environment_scripts_only(minibot_navigation2)
[0.424s] Level 1:colcon.colcon_core.environment:checking '/home/han/Desktop/Han_ws/10.minibot/install/minibot_navigation2' for CMake module files
[0.424s] Level 1:colcon.colcon_core.environment:checking '/home/han/Desktop/Han_ws/10.minibot/install/minibot_navigation2' for CMake config files
[0.424s] Level 1:colcon.colcon_core.shell:create_environment_hook('minibot_navigation2', 'cmake_prefix_path')
[0.424s] INFO:colcon.colcon_core.shell:Creating environment hook '/home/han/Desktop/Han_ws/10.minibot/install/minibot_navigation2/share/minibot_navigation2/hook/cmake_prefix_path.ps1'
[0.425s] INFO:colcon.colcon_core.shell:Creating environment descriptor '/home/han/Desktop/Han_ws/10.minibot/install/minibot_navigation2/share/minibot_navigation2/hook/cmake_prefix_path.dsv'
[0.425s] INFO:colcon.colcon_core.shell:Creating environment hook '/home/han/Desktop/Han_ws/10.minibot/install/minibot_navigation2/share/minibot_navigation2/hook/cmake_prefix_path.sh'
[0.425s] Level 1:colcon.colcon_core.environment:checking '/home/han/Desktop/Han_ws/10.minibot/install/minibot_navigation2/bin'
[0.425s] Level 1:colcon.colcon_core.environment:checking '/home/han/Desktop/Han_ws/10.minibot/install/minibot_navigation2/lib/pkgconfig/minibot_navigation2.pc'
[0.426s] Level 1:colcon.colcon_core.environment:checking '/home/han/Desktop/Han_ws/10.minibot/install/minibot_navigation2/lib/python3.10/site-packages'
[0.426s] Level 1:colcon.colcon_core.environment:checking '/home/han/Desktop/Han_ws/10.minibot/install/minibot_navigation2/bin'
[0.426s] INFO:colcon.colcon_core.shell:Creating package script '/home/han/Desktop/Han_ws/10.minibot/install/minibot_navigation2/share/minibot_navigation2/package.ps1'
[0.426s] INFO:colcon.colcon_core.shell:Creating package descriptor '/home/han/Desktop/Han_ws/10.minibot/install/minibot_navigation2/share/minibot_navigation2/package.dsv'
[0.427s] INFO:colcon.colcon_core.shell:Creating package script '/home/han/Desktop/Han_ws/10.minibot/install/minibot_navigation2/share/minibot_navigation2/package.sh'
[0.427s] INFO:colcon.colcon_core.shell:Creating package script '/home/han/Desktop/Han_ws/10.minibot/install/minibot_navigation2/share/minibot_navigation2/package.bash'
[0.427s] INFO:colcon.colcon_core.shell:Creating package script '/home/han/Desktop/Han_ws/10.minibot/install/minibot_navigation2/share/minibot_navigation2/package.zsh'
[0.427s] Level 1:colcon.colcon_core.environment:create_file_with_runtime_dependencies(/home/han/Desktop/Han_ws/10.minibot/install/minibot_navigation2/share/colcon-core/packages/minibot_navigation2)
[0.430s] DEBUG:colcon.colcon_core.event_handler.log_command:Invoking command in '/home/han/Desktop/Han_ws/10.minibot/build/minibot_gazebo': AMENT_PREFIX_PATH=/home/han/Desktop/Han_ws/10.minibot/install/minibot_description:${AMENT_PREFIX_PATH} CMAKE_PREFIX_PATH=/home/han/Desktop/Han_ws/10.minibot/install/minibot_description:/opt/ros/humble /usr/bin/cmake --build /home/han/Desktop/Han_ws/10.minibot/build/minibot_gazebo -- -j12 -l12
[0.461s] DEBUG:colcon.colcon_core.event_handler.log_command:Invoked command in '/home/han/Desktop/Han_ws/10.minibot/build/minibot_gazebo' returned '0': AMENT_PREFIX_PATH=/home/han/Desktop/Han_ws/10.minibot/install/minibot_description:${AMENT_PREFIX_PATH} CMAKE_PREFIX_PATH=/home/han/Desktop/Han_ws/10.minibot/install/minibot_description:/opt/ros/humble /usr/bin/cmake --build /home/han/Desktop/Han_ws/10.minibot/build/minibot_gazebo -- -j12 -l12
[0.476s] DEBUG:colcon.colcon_core.event_handler.log_command:Invoking command in '/home/han/Desktop/Han_ws/10.minibot/build/minibot_gazebo': AMENT_PREFIX_PATH=/home/han/Desktop/Han_ws/10.minibot/install/minibot_description:${AMENT_PREFIX_PATH} CMAKE_PREFIX_PATH=/home/han/Desktop/Han_ws/10.minibot/install/minibot_description:/opt/ros/humble /usr/bin/cmake --install /home/han/Desktop/Han_ws/10.minibot/build/minibot_gazebo
[0.483s] Level 1:colcon.colcon_core.environment:create_environment_scripts_only(minibot_gazebo)
[0.484s] Level 1:colcon.colcon_core.environment:checking '/home/han/Desktop/Han_ws/10.minibot/install/minibot_gazebo' for CMake module files
[0.484s] DEBUG:colcon.colcon_core.event_handler.log_command:Invoked command in '/home/han/Desktop/Han_ws/10.minibot/build/minibot_gazebo' returned '0': AMENT_PREFIX_PATH=/home/han/Desktop/Han_ws/10.minibot/install/minibot_description:${AMENT_PREFIX_PATH} CMAKE_PREFIX_PATH=/home/han/Desktop/Han_ws/10.minibot/install/minibot_description:/opt/ros/humble /usr/bin/cmake --install /home/han/Desktop/Han_ws/10.minibot/build/minibot_gazebo
[0.484s] Level 1:colcon.colcon_core.environment:checking '/home/han/Desktop/Han_ws/10.minibot/install/minibot_gazebo' for CMake config files
[0.485s] Level 1:colcon.colcon_core.shell:create_environment_hook('minibot_gazebo', 'cmake_prefix_path')
[0.485s] INFO:colcon.colcon_core.shell:Creating environment hook '/home/han/Desktop/Han_ws/10.minibot/install/minibot_gazebo/share/minibot_gazebo/hook/cmake_prefix_path.ps1'
[0.485s] INFO:colcon.colcon_core.shell:Creating environment descriptor '/home/han/Desktop/Han_ws/10.minibot/install/minibot_gazebo/share/minibot_gazebo/hook/cmake_prefix_path.dsv'
[0.485s] INFO:colcon.colcon_core.shell:Creating environment hook '/home/han/Desktop/Han_ws/10.minibot/install/minibot_gazebo/share/minibot_gazebo/hook/cmake_prefix_path.sh'
[0.486s] Level 1:colcon.colcon_core.environment:checking '/home/han/Desktop/Han_ws/10.minibot/install/minibot_gazebo/bin'
[0.486s] Level 1:colcon.colcon_core.environment:checking '/home/han/Desktop/Han_ws/10.minibot/install/minibot_gazebo/lib/pkgconfig/minibot_gazebo.pc'
[0.486s] Level 1:colcon.colcon_core.environment:checking '/home/han/Desktop/Han_ws/10.minibot/install/minibot_gazebo/lib/python3.10/site-packages'
[0.486s] Level 1:colcon.colcon_core.environment:checking '/home/han/Desktop/Han_ws/10.minibot/install/minibot_gazebo/bin'
[0.486s] INFO:colcon.colcon_core.shell:Creating package script '/home/han/Desktop/Han_ws/10.minibot/install/minibot_gazebo/share/minibot_gazebo/package.ps1'
[0.487s] INFO:colcon.colcon_core.shell:Creating package descriptor '/home/han/Desktop/Han_ws/10.minibot/install/minibot_gazebo/share/minibot_gazebo/package.dsv'
[0.487s] INFO:colcon.colcon_core.shell:Creating package script '/home/han/Desktop/Han_ws/10.minibot/install/minibot_gazebo/share/minibot_gazebo/package.sh'
[0.487s] INFO:colcon.colcon_core.shell:Creating package script '/home/han/Desktop/Han_ws/10.minibot/install/minibot_gazebo/share/minibot_gazebo/package.bash'
[0.487s] INFO:colcon.colcon_core.shell:Creating package script '/home/han/Desktop/Han_ws/10.minibot/install/minibot_gazebo/share/minibot_gazebo/package.zsh'
[0.487s] Level 1:colcon.colcon_core.environment:create_file_with_runtime_dependencies(/home/han/Desktop/Han_ws/10.minibot/install/minibot_gazebo/share/colcon-core/packages/minibot_gazebo)
[0.502s] Level 1:colcon.colcon_core.environment:create_environment_scripts_only(minibot_gazebo)
[0.502s] Level 1:colcon.colcon_core.environment:checking '/home/han/Desktop/Han_ws/10.minibot/install/minibot_gazebo' for CMake module files
[0.502s] Level 1:colcon.colcon_core.environment:checking '/home/han/Desktop/Han_ws/10.minibot/install/minibot_gazebo' for CMake config files
[0.503s] Level 1:colcon.colcon_core.shell:create_environment_hook('minibot_gazebo', 'cmake_prefix_path')
[0.503s] INFO:colcon.colcon_core.shell:Creating environment hook '/home/han/Desktop/Han_ws/10.minibot/install/minibot_gazebo/share/minibot_gazebo/hook/cmake_prefix_path.ps1'
[0.503s] INFO:colcon.colcon_core.shell:Creating environment descriptor '/home/han/Desktop/Han_ws/10.minibot/install/minibot_gazebo/share/minibot_gazebo/hook/cmake_prefix_path.dsv'
[0.503s] INFO:colcon.colcon_core.shell:Creating environment hook '/home/han/Desktop/Han_ws/10.minibot/install/minibot_gazebo/share/minibot_gazebo/hook/cmake_prefix_path.sh'
[0.504s] Level 1:colcon.colcon_core.environment:checking '/home/han/Desktop/Han_ws/10.minibot/install/minibot_gazebo/bin'
[0.504s] Level 1:colcon.colcon_core.environment:checking '/home/han/Desktop/Han_ws/10.minibot/install/minibot_gazebo/lib/pkgconfig/minibot_gazebo.pc'
[0.504s] Level 1:colcon.colcon_core.environment:checking '/home/han/Desktop/Han_ws/10.minibot/install/minibot_gazebo/lib/python3.10/site-packages'
[0.504s] Level 1:colcon.colcon_core.environment:checking '/home/han/Desktop/Han_ws/10.minibot/install/minibot_gazebo/bin'
[0.504s] INFO:colcon.colcon_core.shell:Creating package script '/home/han/Desktop/Han_ws/10.minibot/install/minibot_gazebo/share/minibot_gazebo/package.ps1'
[0.505s] INFO:colcon.colcon_core.shell:Creating package descriptor '/home/han/Desktop/Han_ws/10.minibot/install/minibot_gazebo/share/minibot_gazebo/package.dsv'
[0.505s] INFO:colcon.colcon_core.shell:Creating package script '/home/han/Desktop/Han_ws/10.minibot/install/minibot_gazebo/share/minibot_gazebo/package.sh'
[0.505s] INFO:colcon.colcon_core.shell:Creating package script '/home/han/Desktop/Han_ws/10.minibot/install/minibot_gazebo/share/minibot_gazebo/package.bash'
[0.505s] INFO:colcon.colcon_core.shell:Creating package script '/home/han/Desktop/Han_ws/10.minibot/install/minibot_gazebo/share/minibot_gazebo/package.zsh'
[0.506s] Level 1:colcon.colcon_core.environment:create_file_with_runtime_dependencies(/home/han/Desktop/Han_ws/10.minibot/install/minibot_gazebo/share/colcon-core/packages/minibot_gazebo)
[0.506s] INFO:colcon.colcon_ros.task.ament_cmake.build:Building ROS package in '/home/han/Desktop/Han_ws/10.minibot/src/pinklab_minibot_robot/minibot_bringup' with build type 'ament_cmake'
[0.506s] INFO:colcon.colcon_cmake.task.cmake.build:Building CMake package in '/home/han/Desktop/Han_ws/10.minibot/src/pinklab_minibot_robot/minibot_bringup'
[0.506s] INFO:colcon.colcon_core.shell:Skip shell extension 'powershell' for command environment: Not usable outside of PowerShell
[0.506s] DEBUG:colcon.colcon_core.shell:Skip shell extension 'dsv' for command environment
[0.513s] DEBUG:colcon.colcon_core.event_handler.log_command:Invoking command in '/home/han/Desktop/Han_ws/10.minibot/build/minibot_bringup': AMENT_PREFIX_PATH=/home/han/Desktop/Han_ws/10.minibot/install/minibot_gazebo:/home/han/Desktop/Han_ws/10.minibot/install/minibot_description:${AMENT_PREFIX_PATH} CMAKE_PREFIX_PATH=/home/han/Desktop/Han_ws/10.minibot/install/minibot_gazebo:/home/han/Desktop/Han_ws/10.minibot/install/minibot_description:/opt/ros/humble /usr/bin/cmake --build /home/han/Desktop/Han_ws/10.minibot/build/minibot_bringup -- -j12 -l12
[0.540s] DEBUG:colcon.colcon_core.event_handler.log_command:Invoked command in '/home/han/Desktop/Han_ws/10.minibot/build/minibot_bringup' returned '0': AMENT_PREFIX_PATH=/home/han/Desktop/Han_ws/10.minibot/install/minibot_gazebo:/home/han/Desktop/Han_ws/10.minibot/install/minibot_description:${AMENT_PREFIX_PATH} CMAKE_PREFIX_PATH=/home/han/Desktop/Han_ws/10.minibot/install/minibot_gazebo:/home/han/Desktop/Han_ws/10.minibot/install/minibot_description:/opt/ros/humble /usr/bin/cmake --build /home/han/Desktop/Han_ws/10.minibot/build/minibot_bringup -- -j12 -l12
[0.555s] DEBUG:colcon.colcon_core.event_handler.log_command:Invoking command in '/home/han/Desktop/Han_ws/10.minibot/build/minibot_bringup': AMENT_PREFIX_PATH=/home/han/Desktop/Han_ws/10.minibot/install/minibot_gazebo:/home/han/Desktop/Han_ws/10.minibot/install/minibot_description:${AMENT_PREFIX_PATH} CMAKE_PREFIX_PATH=/home/han/Desktop/Han_ws/10.minibot/install/minibot_gazebo:/home/han/Desktop/Han_ws/10.minibot/install/minibot_description:/opt/ros/humble /usr/bin/cmake --install /home/han/Desktop/Han_ws/10.minibot/build/minibot_bringup
[0.563s] Level 1:colcon.colcon_core.environment:create_environment_scripts_only(minibot_bringup)
[0.564s] Level 1:colcon.colcon_core.environment:checking '/home/han/Desktop/Han_ws/10.minibot/install/minibot_bringup' for CMake module files
[0.564s] DEBUG:colcon.colcon_core.event_handler.log_command:Invoked command in '/home/han/Desktop/Han_ws/10.minibot/build/minibot_bringup' returned '0': AMENT_PREFIX_PATH=/home/han/Desktop/Han_ws/10.minibot/install/minibot_gazebo:/home/han/Desktop/Han_ws/10.minibot/install/minibot_description:${AMENT_PREFIX_PATH} CMAKE_PREFIX_PATH=/home/han/Desktop/Han_ws/10.minibot/install/minibot_gazebo:/home/han/Desktop/Han_ws/10.minibot/install/minibot_description:/opt/ros/humble /usr/bin/cmake --install /home/han/Desktop/Han_ws/10.minibot/build/minibot_bringup
[0.564s] Level 1:colcon.colcon_core.environment:checking '/home/han/Desktop/Han_ws/10.minibot/install/minibot_bringup' for CMake config files
[0.564s] Level 1:colcon.colcon_core.shell:create_environment_hook('minibot_bringup', 'cmake_prefix_path')
[0.564s] INFO:colcon.colcon_core.shell:Creating environment hook '/home/han/Desktop/Han_ws/10.minibot/install/minibot_bringup/share/minibot_bringup/hook/cmake_prefix_path.ps1'
[0.565s] INFO:colcon.colcon_core.shell:Creating environment descriptor '/home/han/Desktop/Han_ws/10.minibot/install/minibot_bringup/share/minibot_bringup/hook/cmake_prefix_path.dsv'
[0.565s] INFO:colcon.colcon_core.shell:Creating environment hook '/home/han/Desktop/Han_ws/10.minibot/install/minibot_bringup/share/minibot_bringup/hook/cmake_prefix_path.sh'
[0.565s] Level 1:colcon.colcon_core.environment:checking '/home/han/Desktop/Han_ws/10.minibot/install/minibot_bringup/bin'
[0.565s] Level 1:colcon.colcon_core.environment:checking '/home/han/Desktop/Han_ws/10.minibot/install/minibot_bringup/lib/pkgconfig/minibot_bringup.pc'
[0.566s] Level 1:colcon.colcon_core.environment:checking '/home/han/Desktop/Han_ws/10.minibot/install/minibot_bringup/lib/python3.10/site-packages'
[0.566s] Level 1:colcon.colcon_core.environment:checking '/home/han/Desktop/Han_ws/10.minibot/install/minibot_bringup/bin'
[0.566s] INFO:colcon.colcon_core.shell:Creating package script '/home/han/Desktop/Han_ws/10.minibot/install/minibot_bringup/share/minibot_bringup/package.ps1'
[0.566s] INFO:colcon.colcon_core.shell:Creating package descriptor '/home/han/Desktop/Han_ws/10.minibot/install/minibot_bringup/share/minibot_bringup/package.dsv'
[0.566s] INFO:colcon.colcon_core.shell:Creating package script '/home/han/Desktop/Han_ws/10.minibot/install/minibot_bringup/share/minibot_bringup/package.sh'
[0.567s] INFO:colcon.colcon_core.shell:Creating package script '/home/han/Desktop/Han_ws/10.minibot/install/minibot_bringup/share/minibot_bringup/package.bash'
[0.567s] INFO:colcon.colcon_core.shell:Creating package script '/home/han/Desktop/Han_ws/10.minibot/install/minibot_bringup/share/minibot_bringup/package.zsh'
[0.567s] Level 1:colcon.colcon_core.environment:create_file_with_runtime_dependencies(/home/han/Desktop/Han_ws/10.minibot/install/minibot_bringup/share/colcon-core/packages/minibot_bringup)
[0.584s] Level 1:colcon.colcon_core.environment:create_environment_scripts_only(minibot_bringup)
[0.584s] Level 1:colcon.colcon_core.environment:checking '/home/han/Desktop/Han_ws/10.minibot/install/minibot_bringup' for CMake module files
[0.585s] Level 1:colcon.colcon_core.environment:checking '/home/han/Desktop/Han_ws/10.minibot/install/minibot_bringup' for CMake config files
[0.585s] Level 1:colcon.colcon_core.shell:create_environment_hook('minibot_bringup', 'cmake_prefix_path')
[0.585s] INFO:colcon.colcon_core.shell:Creating environment hook '/home/han/Desktop/Han_ws/10.minibot/install/minibot_bringup/share/minibot_bringup/hook/cmake_prefix_path.ps1'
[0.585s] INFO:colcon.colcon_core.shell:Creating environment descriptor '/home/han/Desktop/Han_ws/10.minibot/install/minibot_bringup/share/minibot_bringup/hook/cmake_prefix_path.dsv'
[0.585s] INFO:colcon.colcon_core.shell:Creating environment hook '/home/han/Desktop/Han_ws/10.minibot/install/minibot_bringup/share/minibot_bringup/hook/cmake_prefix_path.sh'
[0.586s] Level 1:colcon.colcon_core.environment:checking '/home/han/Desktop/Han_ws/10.minibot/install/minibot_bringup/bin'
[0.586s] Level 1:colcon.colcon_core.environment:checking '/home/han/Desktop/Han_ws/10.minibot/install/minibot_bringup/lib/pkgconfig/minibot_bringup.pc'
[0.586s] Level 1:colcon.colcon_core.environment:checking '/home/han/Desktop/Han_ws/10.minibot/install/minibot_bringup/lib/python3.10/site-packages'
[0.586s] Level 1:colcon.colcon_core.environment:checking '/home/han/Desktop/Han_ws/10.minibot/install/minibot_bringup/bin'
[0.586s] INFO:colcon.colcon_core.shell:Creating package script '/home/han/Desktop/Han_ws/10.minibot/install/minibot_bringup/share/minibot_bringup/package.ps1'
[0.587s] INFO:colcon.colcon_core.shell:Creating package descriptor '/home/han/Desktop/Han_ws/10.minibot/install/minibot_bringup/share/minibot_bringup/package.dsv'
[0.587s] INFO:colcon.colcon_core.shell:Creating package script '/home/han/Desktop/Han_ws/10.minibot/install/minibot_bringup/share/minibot_bringup/package.sh'
[0.587s] INFO:colcon.colcon_core.shell:Creating package script '/home/han/Desktop/Han_ws/10.minibot/install/minibot_bringup/share/minibot_bringup/package.bash'
[0.588s] INFO:colcon.colcon_core.shell:Creating package script '/home/han/Desktop/Han_ws/10.minibot/install/minibot_bringup/share/minibot_bringup/package.zsh'
[0.588s] Level 1:colcon.colcon_core.environment:create_file_with_runtime_dependencies(/home/han/Desktop/Han_ws/10.minibot/install/minibot_bringup/share/colcon-core/packages/minibot_bringup)
[0.630s] DEBUG:colcon.colcon_core.event_handler.log_command:Invoked command in '/home/han/Desktop/Han_ws/10.minibot/build/minibot_interfaces' returned '0': CMAKE_PREFIX_PATH=/opt/ros/humble /usr/bin/cmake --build /home/han/Desktop/Han_ws/10.minibot/build/minibot_interfaces -- -j12 -l12
[0.676s] DEBUG:colcon.colcon_core.event_handler.log_command:Invoking command in '/home/han/Desktop/Han_ws/10.minibot/build/minibot_interfaces': CMAKE_PREFIX_PATH=/opt/ros/humble /usr/bin/cmake --install /home/han/Desktop/Han_ws/10.minibot/build/minibot_interfaces
[0.723s] Level 1:colcon.colcon_core.environment:create_environment_scripts_only(minibot_interfaces)
[0.723s] Level 1:colcon.colcon_core.environment:checking '/home/han/Desktop/Han_ws/10.minibot/install/minibot_interfaces' for CMake module files
[0.724s] DEBUG:colcon.colcon_core.event_handler.log_command:Invoked command in '/home/han/Desktop/Han_ws/10.minibot/build/minibot_interfaces' returned '0': CMAKE_PREFIX_PATH=/opt/ros/humble /usr/bin/cmake --install /home/han/Desktop/Han_ws/10.minibot/build/minibot_interfaces
[0.724s] Level 1:colcon.colcon_core.environment:checking '/home/han/Desktop/Han_ws/10.minibot/install/minibot_interfaces' for CMake config files
[0.725s] Level 1:colcon.colcon_core.shell:create_environment_hook('minibot_interfaces', 'cmake_prefix_path')
[0.725s] INFO:colcon.colcon_core.shell:Creating environment hook '/home/han/Desktop/Han_ws/10.minibot/install/minibot_interfaces/share/minibot_interfaces/hook/cmake_prefix_path.ps1'
[0.725s] INFO:colcon.colcon_core.shell:Creating environment descriptor '/home/han/Desktop/Han_ws/10.minibot/install/minibot_interfaces/share/minibot_interfaces/hook/cmake_prefix_path.dsv'
[0.725s] INFO:colcon.colcon_core.shell:Creating environment hook '/home/han/Desktop/Han_ws/10.minibot/install/minibot_interfaces/share/minibot_interfaces/hook/cmake_prefix_path.sh'
[0.726s] Level 1:colcon.colcon_core.environment:checking '/home/han/Desktop/Han_ws/10.minibot/install/minibot_interfaces/lib'
[0.726s] Level 1:colcon.colcon_core.shell:create_environment_hook('minibot_interfaces', 'ld_library_path_lib')
[0.726s] INFO:colcon.colcon_core.shell:Creating environment hook '/home/han/Desktop/Han_ws/10.minibot/install/minibot_interfaces/share/minibot_interfaces/hook/ld_library_path_lib.ps1'
[0.726s] INFO:colcon.colcon_core.shell:Creating environment descriptor '/home/han/Desktop/Han_ws/10.minibot/install/minibot_interfaces/share/minibot_interfaces/hook/ld_library_path_lib.dsv'
[0.726s] INFO:colcon.colcon_core.shell:Creating environment hook '/home/han/Desktop/Han_ws/10.minibot/install/minibot_interfaces/share/minibot_interfaces/hook/ld_library_path_lib.sh'
[0.727s] Level 1:colcon.colcon_core.environment:checking '/home/han/Desktop/Han_ws/10.minibot/install/minibot_interfaces/bin'
[0.727s] Level 1:colcon.colcon_core.environment:checking '/home/han/Desktop/Han_ws/10.minibot/install/minibot_interfaces/lib/pkgconfig/minibot_interfaces.pc'
[0.727s] Level 1:colcon.colcon_core.environment:checking '/home/han/Desktop/Han_ws/10.minibot/install/minibot_interfaces/lib/python3.10/site-packages'
[0.727s] Level 1:colcon.colcon_core.environment:checking '/home/han/Desktop/Han_ws/10.minibot/install/minibot_interfaces/bin'
[0.727s] INFO:colcon.colcon_core.shell:Creating package script '/home/han/Desktop/Han_ws/10.minibot/install/minibot_interfaces/share/minibot_interfaces/package.ps1'
[0.727s] INFO:colcon.colcon_core.shell:Creating package descriptor '/home/han/Desktop/Han_ws/10.minibot/install/minibot_interfaces/share/minibot_interfaces/package.dsv'
[0.728s] INFO:colcon.colcon_core.shell:Creating package script '/home/han/Desktop/Han_ws/10.minibot/install/minibot_interfaces/share/minibot_interfaces/package.sh'
[0.728s] INFO:colcon.colcon_core.shell:Creating package script '/home/han/Desktop/Han_ws/10.minibot/install/minibot_interfaces/share/minibot_interfaces/package.bash'
[0.728s] INFO:colcon.colcon_core.shell:Creating package script '/home/han/Desktop/Han_ws/10.minibot/install/minibot_interfaces/share/minibot_interfaces/package.zsh'
[0.728s] Level 1:colcon.colcon_core.environment:create_file_with_runtime_dependencies(/home/han/Desktop/Han_ws/10.minibot/install/minibot_interfaces/share/colcon-core/packages/minibot_interfaces)
[0.777s] Level 1:colcon.colcon_core.environment:create_environment_scripts_only(minibot_interfaces)
[0.777s] Level 1:colcon.colcon_core.environment:checking '/home/han/Desktop/Han_ws/10.minibot/install/minibot_interfaces' for CMake module files
[0.778s] Level 1:colcon.colcon_core.environment:checking '/home/han/Desktop/Han_ws/10.minibot/install/minibot_interfaces' for CMake config files
[0.778s] Level 1:colcon.colcon_core.shell:create_environment_hook('minibot_interfaces', 'cmake_prefix_path')
[0.778s] INFO:colcon.colcon_core.shell:Creating environment hook '/home/han/Desktop/Han_ws/10.minibot/install/minibot_interfaces/share/minibot_interfaces/hook/cmake_prefix_path.ps1'
[0.778s] INFO:colcon.colcon_core.shell:Creating environment descriptor '/home/han/Desktop/Han_ws/10.minibot/install/minibot_interfaces/share/minibot_interfaces/hook/cmake_prefix_path.dsv'
[0.779s] INFO:colcon.colcon_core.shell:Creating environment hook '/home/han/Desktop/Han_ws/10.minibot/install/minibot_interfaces/share/minibot_interfaces/hook/cmake_prefix_path.sh'
[0.779s] Level 1:colcon.colcon_core.environment:checking '/home/han/Desktop/Han_ws/10.minibot/install/minibot_interfaces/lib'
[0.779s] Level 1:colcon.colcon_core.shell:create_environment_hook('minibot_interfaces', 'ld_library_path_lib')
[0.779s] INFO:colcon.colcon_core.shell:Creating environment hook '/home/han/Desktop/Han_ws/10.minibot/install/minibot_interfaces/share/minibot_interfaces/hook/ld_library_path_lib.ps1'
[0.779s] INFO:colcon.colcon_core.shell:Creating environment descriptor '/home/han/Desktop/Han_ws/10.minibot/install/minibot_interfaces/share/minibot_interfaces/hook/ld_library_path_lib.dsv'
[0.780s] INFO:colcon.colcon_core.shell:Creating environment hook '/home/han/Desktop/Han_ws/10.minibot/install/minibot_interfaces/share/minibot_interfaces/hook/ld_library_path_lib.sh'
[0.780s] Level 1:colcon.colcon_core.environment:checking '/home/han/Desktop/Han_ws/10.minibot/install/minibot_interfaces/bin'
[0.780s] Level 1:colcon.colcon_core.environment:checking '/home/han/Desktop/Han_ws/10.minibot/install/minibot_interfaces/lib/pkgconfig/minibot_interfaces.pc'
[0.780s] Level 1:colcon.colcon_core.environment:checking '/home/han/Desktop/Han_ws/10.minibot/install/minibot_interfaces/lib/python3.10/site-packages'
[0.780s] Level 1:colcon.colcon_core.environment:checking '/home/han/Desktop/Han_ws/10.minibot/install/minibot_interfaces/bin'
[0.780s] INFO:colcon.colcon_core.shell:Creating package script '/home/han/Desktop/Han_ws/10.minibot/install/minibot_interfaces/share/minibot_interfaces/package.ps1'
[0.781s] INFO:colcon.colcon_core.shell:Creating package descriptor '/home/han/Desktop/Han_ws/10.minibot/install/minibot_interfaces/share/minibot_interfaces/package.dsv'
[0.781s] INFO:colcon.colcon_core.shell:Creating package script '/home/han/Desktop/Han_ws/10.minibot/install/minibot_interfaces/share/minibot_interfaces/package.sh'
[0.781s] INFO:colcon.colcon_core.shell:Creating package script '/home/han/Desktop/Han_ws/10.minibot/install/minibot_interfaces/share/minibot_interfaces/package.bash'
[0.782s] INFO:colcon.colcon_core.shell:Creating package script '/home/han/Desktop/Han_ws/10.minibot/install/minibot_interfaces/share/minibot_interfaces/package.zsh'
[0.782s] Level 1:colcon.colcon_core.environment:create_file_with_runtime_dependencies(/home/han/Desktop/Han_ws/10.minibot/install/minibot_interfaces/share/colcon-core/packages/minibot_interfaces)
[0.782s] INFO:colcon.colcon_ros.task.ament_cmake.build:Building ROS package in '/home/han/Desktop/Han_ws/10.minibot/src/pinklab_minibot_robot/minibot_controllers' with build type 'ament_cmake'
[0.782s] INFO:colcon.colcon_cmake.task.cmake.build:Building CMake package in '/home/han/Desktop/Han_ws/10.minibot/src/pinklab_minibot_robot/minibot_controllers'
[0.782s] INFO:colcon.colcon_core.shell:Skip shell extension 'powershell' for command environment: Not usable outside of PowerShell
[0.782s] DEBUG:colcon.colcon_core.shell:Skip shell extension 'dsv' for command environment
[0.789s] DEBUG:colcon.colcon_core.event_handler.log_command:Invoking command in '/home/han/Desktop/Han_ws/10.minibot/build/minibot_controllers': AMENT_PREFIX_PATH=/home/han/Desktop/Han_ws/10.minibot/install/minibot_interfaces:${AMENT_PREFIX_PATH} CMAKE_PREFIX_PATH=/home/han/Desktop/Han_ws/10.minibot/install/minibot_interfaces:/opt/ros/humble LD_LIBRARY_PATH=/home/han/Desktop/Han_ws/10.minibot/install/minibot_interfaces/lib:/opt/ros/humble/opt/rviz_ogre_vendor/lib:/opt/ros/humble/lib/x86_64-linux-gnu:/opt/ros/humble/lib:/path/to/qt/lib:/usr/local/cuda-11.3/lib64:/usr/lib/x86_64-linux-gnu/gazebo-11/plugins PYTHONPATH=/home/han/Desktop/Han_ws/10.minibot/install/minibot_interfaces/local/lib/python3.10/dist-packages:${PYTHONPATH} /usr/bin/cmake /home/han/Desktop/Han_ws/10.minibot/src/pinklab_minibot_robot/minibot_controllers -DCMAKE_INSTALL_PREFIX=/home/han/Desktop/Han_ws/10.minibot/install/minibot_controllers
[2.577s] DEBUG:colcon.colcon_core.event_handler.log_command:Invoked command in '/home/han/Desktop/Han_ws/10.minibot/build/minibot_controllers' returned '0': AMENT_PREFIX_PATH=/home/han/Desktop/Han_ws/10.minibot/install/minibot_interfaces:${AMENT_PREFIX_PATH} CMAKE_PREFIX_PATH=/home/han/Desktop/Han_ws/10.minibot/install/minibot_interfaces:/opt/ros/humble LD_LIBRARY_PATH=/home/han/Desktop/Han_ws/10.minibot/install/minibot_interfaces/lib:/opt/ros/humble/opt/rviz_ogre_vendor/lib:/opt/ros/humble/lib/x86_64-linux-gnu:/opt/ros/humble/lib:/path/to/qt/lib:/usr/local/cuda-11.3/lib64:/usr/lib/x86_64-linux-gnu/gazebo-11/plugins PYTHONPATH=/home/han/Desktop/Han_ws/10.minibot/install/minibot_interfaces/local/lib/python3.10/dist-packages:${PYTHONPATH} /usr/bin/cmake /home/han/Desktop/Han_ws/10.minibot/src/pinklab_minibot_robot/minibot_controllers -DCMAKE_INSTALL_PREFIX=/home/han/Desktop/Han_ws/10.minibot/install/minibot_controllers
[2.579s] DEBUG:colcon.colcon_core.event_handler.log_command:Invoking command in '/home/han/Desktop/Han_ws/10.minibot/build/minibot_controllers': AMENT_PREFIX_PATH=/home/han/Desktop/Han_ws/10.minibot/install/minibot_interfaces:${AMENT_PREFIX_PATH} CMAKE_PREFIX_PATH=/home/han/Desktop/Han_ws/10.minibot/install/minibot_interfaces:/opt/ros/humble LD_LIBRARY_PATH=/home/han/Desktop/Han_ws/10.minibot/install/minibot_interfaces/lib:/opt/ros/humble/opt/rviz_ogre_vendor/lib:/opt/ros/humble/lib/x86_64-linux-gnu:/opt/ros/humble/lib:/path/to/qt/lib:/usr/local/cuda-11.3/lib64:/usr/lib/x86_64-linux-gnu/gazebo-11/plugins PYTHONPATH=/home/han/Desktop/Han_ws/10.minibot/install/minibot_interfaces/local/lib/python3.10/dist-packages:${PYTHONPATH} /usr/bin/cmake --build /home/han/Desktop/Han_ws/10.minibot/build/minibot_controllers -- -j12 -l12
[3.502s] DEBUG:colcon.colcon_core.event_handler.log_command:Invoked command in '/home/han/Desktop/Han_ws/10.minibot/build/minibot_hardware_interface' returned '0': CMAKE_PREFIX_PATH=/opt/ros/humble /usr/bin/cmake --build /home/han/Desktop/Han_ws/10.minibot/build/minibot_hardware_interface -- -j12 -l12
[3.522s] DEBUG:colcon.colcon_core.event_handler.log_command:Invoking command in '/home/han/Desktop/Han_ws/10.minibot/build/minibot_hardware_interface': CMAKE_PREFIX_PATH=/opt/ros/humble /usr/bin/cmake --install /home/han/Desktop/Han_ws/10.minibot/build/minibot_hardware_interface
[3.531s] Level 1:colcon.colcon_core.environment:create_environment_scripts_only(minibot_hardware_interface)
[3.532s] Level 1:colcon.colcon_core.environment:checking '/home/han/Desktop/Han_ws/10.minibot/install/minibot_hardware_interface' for CMake module files
[3.532s] DEBUG:colcon.colcon_core.event_handler.log_command:Invoked command in '/home/han/Desktop/Han_ws/10.minibot/build/minibot_hardware_interface' returned '0': CMAKE_PREFIX_PATH=/opt/ros/humble /usr/bin/cmake --install /home/han/Desktop/Han_ws/10.minibot/build/minibot_hardware_interface
[3.532s] Level 1:colcon.colcon_core.environment:checking '/home/han/Desktop/Han_ws/10.minibot/install/minibot_hardware_interface' for CMake config files
[3.532s] Level 1:colcon.colcon_core.shell:create_environment_hook('minibot_hardware_interface', 'cmake_prefix_path')
[3.533s] INFO:colcon.colcon_core.shell:Creating environment hook '/home/han/Desktop/Han_ws/10.minibot/install/minibot_hardware_interface/share/minibot_hardware_interface/hook/cmake_prefix_path.ps1'
[3.533s] INFO:colcon.colcon_core.shell:Creating environment descriptor '/home/han/Desktop/Han_ws/10.minibot/install/minibot_hardware_interface/share/minibot_hardware_interface/hook/cmake_prefix_path.dsv'
[3.533s] INFO:colcon.colcon_core.shell:Creating environment hook '/home/han/Desktop/Han_ws/10.minibot/install/minibot_hardware_interface/share/minibot_hardware_interface/hook/cmake_prefix_path.sh'
[3.533s] Level 1:colcon.colcon_core.environment:checking '/home/han/Desktop/Han_ws/10.minibot/install/minibot_hardware_interface/lib'
[3.534s] Level 1:colcon.colcon_core.shell:create_environment_hook('minibot_hardware_interface', 'ld_library_path_lib')
[3.534s] INFO:colcon.colcon_core.shell:Creating environment hook '/home/han/Desktop/Han_ws/10.minibot/install/minibot_hardware_interface/share/minibot_hardware_interface/hook/ld_library_path_lib.ps1'
[3.534s] INFO:colcon.colcon_core.shell:Creating environment descriptor '/home/han/Desktop/Han_ws/10.minibot/install/minibot_hardware_interface/share/minibot_hardware_interface/hook/ld_library_path_lib.dsv'
[3.534s] INFO:colcon.colcon_core.shell:Creating environment hook '/home/han/Desktop/Han_ws/10.minibot/install/minibot_hardware_interface/share/minibot_hardware_interface/hook/ld_library_path_lib.sh'
[3.534s] Level 1:colcon.colcon_core.environment:checking '/home/han/Desktop/Han_ws/10.minibot/install/minibot_hardware_interface/bin'
[3.534s] Level 1:colcon.colcon_core.environment:checking '/home/han/Desktop/Han_ws/10.minibot/install/minibot_hardware_interface/lib/pkgconfig/minibot_hardware_interface.pc'
[3.535s] Level 1:colcon.colcon_core.environment:checking '/home/han/Desktop/Han_ws/10.minibot/install/minibot_hardware_interface/lib/python3.10/site-packages'
[3.535s] Level 1:colcon.colcon_core.environment:checking '/home/han/Desktop/Han_ws/10.minibot/install/minibot_hardware_interface/bin'
[3.535s] INFO:colcon.colcon_core.shell:Creating package script '/home/han/Desktop/Han_ws/10.minibot/install/minibot_hardware_interface/share/minibot_hardware_interface/package.ps1'
[3.535s] INFO:colcon.colcon_core.shell:Creating package descriptor '/home/han/Desktop/Han_ws/10.minibot/install/minibot_hardware_interface/share/minibot_hardware_interface/package.dsv'
[3.536s] INFO:colcon.colcon_core.shell:Creating package script '/home/han/Desktop/Han_ws/10.minibot/install/minibot_hardware_interface/share/minibot_hardware_interface/package.sh'
[3.536s] INFO:colcon.colcon_core.shell:Creating package script '/home/han/Desktop/Han_ws/10.minibot/install/minibot_hardware_interface/share/minibot_hardware_interface/package.bash'
[3.536s] INFO:colcon.colcon_core.shell:Creating package script '/home/han/Desktop/Han_ws/10.minibot/install/minibot_hardware_interface/share/minibot_hardware_interface/package.zsh'
[3.536s] Level 1:colcon.colcon_core.environment:create_file_with_runtime_dependencies(/home/han/Desktop/Han_ws/10.minibot/install/minibot_hardware_interface/share/colcon-core/packages/minibot_hardware_interface)
[3.555s] Level 1:colcon.colcon_core.environment:create_environment_scripts_only(minibot_hardware_interface)
[3.555s] Level 1:colcon.colcon_core.environment:checking '/home/han/Desktop/Han_ws/10.minibot/install/minibot_hardware_interface' for CMake module files
[3.555s] Level 1:colcon.colcon_core.environment:checking '/home/han/Desktop/Han_ws/10.minibot/install/minibot_hardware_interface' for CMake config files
[3.556s] Level 1:colcon.colcon_core.shell:create_environment_hook('minibot_hardware_interface', 'cmake_prefix_path')
[3.556s] INFO:colcon.colcon_core.shell:Creating environment hook '/home/han/Desktop/Han_ws/10.minibot/install/minibot_hardware_interface/share/minibot_hardware_interface/hook/cmake_prefix_path.ps1'
[3.556s] INFO:colcon.colcon_core.shell:Creating environment descriptor '/home/han/Desktop/Han_ws/10.minibot/install/minibot_hardware_interface/share/minibot_hardware_interface/hook/cmake_prefix_path.dsv'
[3.556s] INFO:colcon.colcon_core.shell:Creating environment hook '/home/han/Desktop/Han_ws/10.minibot/install/minibot_hardware_interface/share/minibot_hardware_interface/hook/cmake_prefix_path.sh'
[3.557s] Level 1:colcon.colcon_core.environment:checking '/home/han/Desktop/Han_ws/10.minibot/install/minibot_hardware_interface/lib'
[3.557s] Level 1:colcon.colcon_core.shell:create_environment_hook('minibot_hardware_interface', 'ld_library_path_lib')
[3.557s] INFO:colcon.colcon_core.shell:Creating environment hook '/home/han/Desktop/Han_ws/10.minibot/install/minibot_hardware_interface/share/minibot_hardware_interface/hook/ld_library_path_lib.ps1'
[3.557s] INFO:colcon.colcon_core.shell:Creating environment descriptor '/home/han/Desktop/Han_ws/10.minibot/install/minibot_hardware_interface/share/minibot_hardware_interface/hook/ld_library_path_lib.dsv'
[3.557s] INFO:colcon.colcon_core.shell:Creating environment hook '/home/han/Desktop/Han_ws/10.minibot/install/minibot_hardware_interface/share/minibot_hardware_interface/hook/ld_library_path_lib.sh'
[3.558s] Level 1:colcon.colcon_core.environment:checking '/home/han/Desktop/Han_ws/10.minibot/install/minibot_hardware_interface/bin'
[3.558s] Level 1:colcon.colcon_core.environment:checking '/home/han/Desktop/Han_ws/10.minibot/install/minibot_hardware_interface/lib/pkgconfig/minibot_hardware_interface.pc'
[3.558s] Level 1:colcon.colcon_core.environment:checking '/home/han/Desktop/Han_ws/10.minibot/install/minibot_hardware_interface/lib/python3.10/site-packages'
[3.558s] Level 1:colcon.colcon_core.environment:checking '/home/han/Desktop/Han_ws/10.minibot/install/minibot_hardware_interface/bin'
[3.559s] INFO:colcon.colcon_core.shell:Creating package script '/home/han/Desktop/Han_ws/10.minibot/install/minibot_hardware_interface/share/minibot_hardware_interface/package.ps1'
[3.559s] INFO:colcon.colcon_core.shell:Creating package descriptor '/home/han/Desktop/Han_ws/10.minibot/install/minibot_hardware_interface/share/minibot_hardware_interface/package.dsv'
[3.560s] INFO:colcon.colcon_core.shell:Creating package script '/home/han/Desktop/Han_ws/10.minibot/install/minibot_hardware_interface/share/minibot_hardware_interface/package.sh'
[3.560s] INFO:colcon.colcon_core.shell:Creating package script '/home/han/Desktop/Han_ws/10.minibot/install/minibot_hardware_interface/share/minibot_hardware_interface/package.bash'
[3.560s] INFO:colcon.colcon_core.shell:Creating package script '/home/han/Desktop/Han_ws/10.minibot/install/minibot_hardware_interface/share/minibot_hardware_interface/package.zsh'
[3.561s] Level 1:colcon.colcon_core.environment:create_file_with_runtime_dependencies(/home/han/Desktop/Han_ws/10.minibot/install/minibot_hardware_interface/share/colcon-core/packages/minibot_hardware_interface)
[12.204s] DEBUG:colcon.colcon_core.event_handler.log_command:Invoked command in '/home/han/Desktop/Han_ws/10.minibot/build/minibot_controllers' returned '0': AMENT_PREFIX_PATH=/home/han/Desktop/Han_ws/10.minibot/install/minibot_interfaces:${AMENT_PREFIX_PATH} CMAKE_PREFIX_PATH=/home/han/Desktop/Han_ws/10.minibot/install/minibot_interfaces:/opt/ros/humble LD_LIBRARY_PATH=/home/han/Desktop/Han_ws/10.minibot/install/minibot_interfaces/lib:/opt/ros/humble/opt/rviz_ogre_vendor/lib:/opt/ros/humble/lib/x86_64-linux-gnu:/opt/ros/humble/lib:/path/to/qt/lib:/usr/local/cuda-11.3/lib64:/usr/lib/x86_64-linux-gnu/gazebo-11/plugins PYTHONPATH=/home/han/Desktop/Han_ws/10.minibot/install/minibot_interfaces/local/lib/python3.10/dist-packages:${PYTHONPATH} /usr/bin/cmake --build /home/han/Desktop/Han_ws/10.minibot/build/minibot_controllers -- -j12 -l12
[12.221s] DEBUG:colcon.colcon_core.event_handler.log_command:Invoking command in '/home/han/Desktop/Han_ws/10.minibot/build/minibot_controllers': AMENT_PREFIX_PATH=/home/han/Desktop/Han_ws/10.minibot/install/minibot_interfaces:${AMENT_PREFIX_PATH} CMAKE_PREFIX_PATH=/home/han/Desktop/Han_ws/10.minibot/install/minibot_interfaces:/opt/ros/humble LD_LIBRARY_PATH=/home/han/Desktop/Han_ws/10.minibot/install/minibot_interfaces/lib:/opt/ros/humble/opt/rviz_ogre_vendor/lib:/opt/ros/humble/lib/x86_64-linux-gnu:/opt/ros/humble/lib:/path/to/qt/lib:/usr/local/cuda-11.3/lib64:/usr/lib/x86_64-linux-gnu/gazebo-11/plugins PYTHONPATH=/home/han/Desktop/Han_ws/10.minibot/install/minibot_interfaces/local/lib/python3.10/dist-packages:${PYTHONPATH} /usr/bin/cmake --install /home/han/Desktop/Han_ws/10.minibot/build/minibot_controllers
[12.236s] Level 1:colcon.colcon_core.environment:create_environment_scripts_only(minibot_controllers)
[12.236s] Level 1:colcon.colcon_core.environment:checking '/home/han/Desktop/Han_ws/10.minibot/install/minibot_controllers' for CMake module files
[12.236s] DEBUG:colcon.colcon_core.event_handler.log_command:Invoked command in '/home/han/Desktop/Han_ws/10.minibot/build/minibot_controllers' returned '0': AMENT_PREFIX_PATH=/home/han/Desktop/Han_ws/10.minibot/install/minibot_interfaces:${AMENT_PREFIX_PATH} CMAKE_PREFIX_PATH=/home/han/Desktop/Han_ws/10.minibot/install/minibot_interfaces:/opt/ros/humble LD_LIBRARY_PATH=/home/han/Desktop/Han_ws/10.minibot/install/minibot_interfaces/lib:/opt/ros/humble/opt/rviz_ogre_vendor/lib:/opt/ros/humble/lib/x86_64-linux-gnu:/opt/ros/humble/lib:/path/to/qt/lib:/usr/local/cuda-11.3/lib64:/usr/lib/x86_64-linux-gnu/gazebo-11/plugins PYTHONPATH=/home/han/Desktop/Han_ws/10.minibot/install/minibot_interfaces/local/lib/python3.10/dist-packages:${PYTHONPATH} /usr/bin/cmake --install /home/han/Desktop/Han_ws/10.minibot/build/minibot_controllers
[12.237s] Level 1:colcon.colcon_core.environment:checking '/home/han/Desktop/Han_ws/10.minibot/install/minibot_controllers' for CMake config files
[12.237s] Level 1:colcon.colcon_core.shell:create_environment_hook('minibot_controllers', 'cmake_prefix_path')
[12.237s] INFO:colcon.colcon_core.shell:Creating environment hook '/home/han/Desktop/Han_ws/10.minibot/install/minibot_controllers/share/minibot_controllers/hook/cmake_prefix_path.ps1'
[12.237s] INFO:colcon.colcon_core.shell:Creating environment descriptor '/home/han/Desktop/Han_ws/10.minibot/install/minibot_controllers/share/minibot_controllers/hook/cmake_prefix_path.dsv'
[12.237s] INFO:colcon.colcon_core.shell:Creating environment hook '/home/han/Desktop/Han_ws/10.minibot/install/minibot_controllers/share/minibot_controllers/hook/cmake_prefix_path.sh'
[12.238s] Level 1:colcon.colcon_core.environment:checking '/home/han/Desktop/Han_ws/10.minibot/install/minibot_controllers/lib'
[12.238s] Level 1:colcon.colcon_core.shell:create_environment_hook('minibot_controllers', 'ld_library_path_lib')
[12.238s] INFO:colcon.colcon_core.shell:Creating environment hook '/home/han/Desktop/Han_ws/10.minibot/install/minibot_controllers/share/minibot_controllers/hook/ld_library_path_lib.ps1'
[12.238s] INFO:colcon.colcon_core.shell:Creating environment descriptor '/home/han/Desktop/Han_ws/10.minibot/install/minibot_controllers/share/minibot_controllers/hook/ld_library_path_lib.dsv'
[12.238s] INFO:colcon.colcon_core.shell:Creating environment hook '/home/han/Desktop/Han_ws/10.minibot/install/minibot_controllers/share/minibot_controllers/hook/ld_library_path_lib.sh'
[12.239s] Level 1:colcon.colcon_core.environment:checking '/home/han/Desktop/Han_ws/10.minibot/install/minibot_controllers/bin'
[12.239s] Level 1:colcon.colcon_core.environment:checking '/home/han/Desktop/Han_ws/10.minibot/install/minibot_controllers/lib/pkgconfig/minibot_controllers.pc'
[12.239s] Level 1:colcon.colcon_core.environment:checking '/home/han/Desktop/Han_ws/10.minibot/install/minibot_controllers/lib/python3.10/site-packages'
[12.239s] Level 1:colcon.colcon_core.environment:checking '/home/han/Desktop/Han_ws/10.minibot/install/minibot_controllers/bin'
[12.239s] INFO:colcon.colcon_core.shell:Creating package script '/home/han/Desktop/Han_ws/10.minibot/install/minibot_controllers/share/minibot_controllers/package.ps1'
[12.240s] INFO:colcon.colcon_core.shell:Creating package descriptor '/home/han/Desktop/Han_ws/10.minibot/install/minibot_controllers/share/minibot_controllers/package.dsv'
[12.240s] INFO:colcon.colcon_core.shell:Creating package script '/home/han/Desktop/Han_ws/10.minibot/install/minibot_controllers/share/minibot_controllers/package.sh'
[12.240s] INFO:colcon.colcon_core.shell:Creating package script '/home/han/Desktop/Han_ws/10.minibot/install/minibot_controllers/share/minibot_controllers/package.bash'
[12.240s] INFO:colcon.colcon_core.shell:Creating package script '/home/han/Desktop/Han_ws/10.minibot/install/minibot_controllers/share/minibot_controllers/package.zsh'
[12.241s] Level 1:colcon.colcon_core.environment:create_file_with_runtime_dependencies(/home/han/Desktop/Han_ws/10.minibot/install/minibot_controllers/share/colcon-core/packages/minibot_controllers)
[12.258s] Level 1:colcon.colcon_core.environment:create_environment_scripts_only(minibot_controllers)
[12.258s] Level 1:colcon.colcon_core.environment:checking '/home/han/Desktop/Han_ws/10.minibot/install/minibot_controllers' for CMake module files
[12.258s] Level 1:colcon.colcon_core.environment:checking '/home/han/Desktop/Han_ws/10.minibot/install/minibot_controllers' for CMake config files
[12.258s] Level 1:colcon.colcon_core.shell:create_environment_hook('minibot_controllers', 'cmake_prefix_path')
[12.259s] INFO:colcon.colcon_core.shell:Creating environment hook '/home/han/Desktop/Han_ws/10.minibot/install/minibot_controllers/share/minibot_controllers/hook/cmake_prefix_path.ps1'
[12.259s] INFO:colcon.colcon_core.shell:Creating environment descriptor '/home/han/Desktop/Han_ws/10.minibot/install/minibot_controllers/share/minibot_controllers/hook/cmake_prefix_path.dsv'
[12.259s] INFO:colcon.colcon_core.shell:Creating environment hook '/home/han/Desktop/Han_ws/10.minibot/install/minibot_controllers/share/minibot_controllers/hook/cmake_prefix_path.sh'
[12.259s] Level 1:colcon.colcon_core.environment:checking '/home/han/Desktop/Han_ws/10.minibot/install/minibot_controllers/lib'
[12.260s] Level 1:colcon.colcon_core.shell:create_environment_hook('minibot_controllers', 'ld_library_path_lib')
[12.260s] INFO:colcon.colcon_core.shell:Creating environment hook '/home/han/Desktop/Han_ws/10.minibot/install/minibot_controllers/share/minibot_controllers/hook/ld_library_path_lib.ps1'
[12.260s] INFO:colcon.colcon_core.shell:Creating environment descriptor '/home/han/Desktop/Han_ws/10.minibot/install/minibot_controllers/share/minibot_controllers/hook/ld_library_path_lib.dsv'
[12.260s] INFO:colcon.colcon_core.shell:Creating environment hook '/home/han/Desktop/Han_ws/10.minibot/install/minibot_controllers/share/minibot_controllers/hook/ld_library_path_lib.sh'
[12.260s] Level 1:colcon.colcon_core.environment:checking '/home/han/Desktop/Han_ws/10.minibot/install/minibot_controllers/bin'
[12.261s] Level 1:colcon.colcon_core.environment:checking '/home/han/Desktop/Han_ws/10.minibot/install/minibot_controllers/lib/pkgconfig/minibot_controllers.pc'
[12.261s] Level 1:colcon.colcon_core.environment:checking '/home/han/Desktop/Han_ws/10.minibot/install/minibot_controllers/lib/python3.10/site-packages'
[12.261s] Level 1:colcon.colcon_core.environment:checking '/home/han/Desktop/Han_ws/10.minibot/install/minibot_controllers/bin'
[12.261s] INFO:colcon.colcon_core.shell:Creating package script '/home/han/Desktop/Han_ws/10.minibot/install/minibot_controllers/share/minibot_controllers/package.ps1'
[12.261s] INFO:colcon.colcon_core.shell:Creating package descriptor '/home/han/Desktop/Han_ws/10.minibot/install/minibot_controllers/share/minibot_controllers/package.dsv'
[12.262s] INFO:colcon.colcon_core.shell:Creating package script '/home/han/Desktop/Han_ws/10.minibot/install/minibot_controllers/share/minibot_controllers/package.sh'
[12.262s] INFO:colcon.colcon_core.shell:Creating package script '/home/han/Desktop/Han_ws/10.minibot/install/minibot_controllers/share/minibot_controllers/package.bash'
[12.262s] INFO:colcon.colcon_core.shell:Creating package script '/home/han/Desktop/Han_ws/10.minibot/install/minibot_controllers/share/minibot_controllers/package.zsh'
[12.263s] Level 1:colcon.colcon_core.environment:create_file_with_runtime_dependencies(/home/han/Desktop/Han_ws/10.minibot/install/minibot_controllers/share/colcon-core/packages/minibot_controllers)
[12.263s] DEBUG:colcon.colcon_parallel_executor.executor.parallel:closing loop
[12.263s] DEBUG:colcon.colcon_parallel_executor.executor.parallel:loop closed
[12.263s] DEBUG:colcon.colcon_parallel_executor.executor.parallel:run_until_complete finished with '0'
[12.263s] DEBUG:colcon.colcon_core.event_reactor:joining thread
[12.268s] INFO:colcon.colcon_core.plugin_system:Skipping extension 'colcon_notification.desktop_notification.terminal_notifier': Not used on non-Darwin systems
[12.268s] INFO:colcon.colcon_core.plugin_system:Skipping extension 'colcon_notification.desktop_notification.win32': Not used on non-Windows systems
[12.268s] INFO:colcon.colcon_notification.desktop_notification:Sending desktop notification using 'notify2'
[12.274s] DEBUG:colcon.colcon_core.event_reactor:joined thread
[12.275s] INFO:colcon.colcon_core.shell:Creating prefix script '/home/han/Desktop/Han_ws/10.minibot/install/local_setup.ps1'
[12.275s] INFO:colcon.colcon_core.shell:Creating prefix util module '/home/han/Desktop/Han_ws/10.minibot/install/_local_setup_util_ps1.py'
[12.276s] INFO:colcon.colcon_core.shell:Creating prefix chain script '/home/han/Desktop/Han_ws/10.minibot/install/setup.ps1'
[12.277s] INFO:colcon.colcon_core.shell:Creating prefix script '/home/han/Desktop/Han_ws/10.minibot/install/local_setup.sh'
[12.278s] INFO:colcon.colcon_core.shell:Creating prefix util module '/home/han/Desktop/Han_ws/10.minibot/install/_local_setup_util_sh.py'
[12.278s] INFO:colcon.colcon_core.shell:Creating prefix chain script '/home/han/Desktop/Han_ws/10.minibot/install/setup.sh'
[12.278s] INFO:colcon.colcon_core.shell:Creating prefix script '/home/han/Desktop/Han_ws/10.minibot/install/local_setup.bash'
[12.279s] INFO:colcon.colcon_core.shell:Creating prefix chain script '/home/han/Desktop/Han_ws/10.minibot/install/setup.bash'
[12.279s] INFO:colcon.colcon_core.shell:Creating prefix script '/home/han/Desktop/Han_ws/10.minibot/install/local_setup.zsh'
[12.280s] INFO:colcon.colcon_core.shell:Creating prefix chain script '/home/han/Desktop/Han_ws/10.minibot/install/setup.zsh'
