[0.013s] Invoking command in '/home/han/Desktop/Han_ws/10.minibot/build/minibot_interfaces': CMAKE_PREFIX_PATH=/opt/ros/humble /usr/bin/cmake --build /home/han/Desktop/Han_ws/10.minibot/build/minibot_interfaces -- -j12 -l12
[0.052s] [ 10%] Built target minibot_interfaces__rosidl_generator_c
[0.054s] [ 12%] Built target minibot_interfaces__cpp
[0.062s] [ 12%] Built target ament_cmake_python_copy_minibot_interfaces
[0.077s] [ 33%] Built target minibot_interfaces__rosidl_typesupport_fastrtps_c
[0.077s] [ 33%] Built target minibot_interfaces__rosidl_typesupport_c
[0.077s] [ 43%] Built target minibot_interfaces__rosidl_typesupport_introspection_c
[0.079s] [ 56%] Built target minibot_interfaces__rosidl_typesupport_cpp
[0.079s] [ 69%] Built target minibot_interfaces__rosidl_typesupport_fastrtps_cpp
[0.079s] [ 74%] Built target minibot_interfaces__rosidl_typesupport_introspection_cpp
[0.096s] [ 74%] Built target minibot_interfaces
[0.111s] [ 76%] Built target minibot_interfaces__py
[0.129s] [ 84%] Built target minibot_interfaces__rosidl_generator_py
[0.147s] [ 97%] Built target minibot_interfaces__rosidl_typesupport_c__pyext
[0.148s] [ 97%] Built target minibot_interfaces__rosidl_typesupport_fastrtps_c__pyext
[0.148s] [100%] Built target minibot_interfaces__rosidl_typesupport_introspection_c__pyext
[0.304s] running egg_info
[0.305s] writing minibot_interfaces.egg-info/PKG-INFO
[0.305s] writing dependency_links to minibot_interfaces.egg-info/dependency_links.txt
[0.305s] writing top-level names to minibot_interfaces.egg-info/top_level.txt
[0.307s] reading manifest file 'minibot_interfaces.egg-info/SOURCES.txt'
[0.308s] writing manifest file 'minibot_interfaces.egg-info/SOURCES.txt'
[0.325s] [100%] Built target ament_cmake_python_build_minibot_interfaces_egg
