[0.088s] DEBUG:colcon:Command line arguments: ['/usr/bin/colcon', 'build']
[0.088s] DEBUG:colcon:Parsed command line arguments: Namespace(log_base=None, log_level=None, verb_name='build', build_base='build', install_base='install', merge_install=False, symlink_install=False, test_result_base=None, continue_on_error=False, executor='parallel', parallel_workers=12, event_handlers=None, ignore_user_meta=False, metas=['./colcon.meta'], base_paths=['.'], packages_ignore=None, packages_ignore_regex=None, paths=None, packages_up_to=None, packages_up_to_regex=None, packages_above=None, packages_above_and_dependencies=None, packages_above_depth=None, packages_select_by_dep=None, packages_skip_by_dep=None, packages_skip_up_to=None, packages_select_build_failed=False, packages_skip_build_finished=False, packages_select_test_failures=False, packages_skip_test_passed=False, packages_select=None, packages_skip=None, packages_select_regex=None, packages_skip_regex=None, packages_start=None, packages_end=None, allow_overriding=[], cmake_args=None, cmake_target=None, cmake_target_skip_unavailable=False, cmake_clean_cache=False, cmake_clean_first=False, cmake_force_configure=False, ament_cmake_args=None, catkin_cmake_args=None, catkin_skip_building_tests=False, mixin_files=None, mixin=None, verb_parser=<colcon_mixin.mixin.mixin_argument.MixinArgumentDecorator object at 0x7e3cd98604c0>, verb_extension=<colcon_core.verb.build.BuildVerb object at 0x7e3cd9978c10>, main=<bound method BuildVerb.main of <colcon_core.verb.build.BuildVerb object at 0x7e3cd9978c10>>, mixin_verb=('build',))
[0.232s] Level 1:colcon.colcon_core.package_discovery:discover_packages(colcon_meta) check parameters
[0.232s] Level 1:colcon.colcon_core.package_discovery:discover_packages(recursive) check parameters
[0.232s] Level 1:colcon.colcon_core.package_discovery:discover_packages(ignore) check parameters
[0.232s] Level 1:colcon.colcon_core.package_discovery:discover_packages(path) check parameters
[0.232s] Level 1:colcon.colcon_core.package_discovery:discover_packages(colcon_meta) discover
[0.232s] Level 1:colcon.colcon_core.package_discovery:discover_packages(recursive) discover
[0.232s] INFO:colcon.colcon_core.package_discovery:Crawling recursively for packages in '/home/han/Desktop/Han_ws/09.ROS'
[0.232s] Level 1:colcon.colcon_core.package_identification:_identify(.) by extensions ['ignore', 'ignore_ament_install']
[0.232s] Level 1:colcon.colcon_core.package_identification:_identify(.) by extension 'ignore'
[0.232s] Level 1:colcon.colcon_core.package_identification:_identify(.) by extension 'ignore_ament_install'
[0.232s] Level 1:colcon.colcon_core.package_identification:_identify(.) by extensions ['colcon_pkg']
[0.232s] Level 1:colcon.colcon_core.package_identification:_identify(.) by extension 'colcon_pkg'
[0.232s] Level 1:colcon.colcon_core.package_identification:_identify(.) by extensions ['colcon_meta']
[0.232s] Level 1:colcon.colcon_core.package_identification:_identify(.) by extension 'colcon_meta'
[0.232s] Level 1:colcon.colcon_core.package_identification:_identify(.) by extensions ['ros']
[0.232s] Level 1:colcon.colcon_core.package_identification:_identify(.) by extension 'ros'
[0.240s] Level 1:colcon.colcon_core.package_identification:_identify(.) by extensions ['cmake', 'python']
[0.240s] Level 1:colcon.colcon_core.package_identification:_identify(.) by extension 'cmake'
[0.241s] Level 1:colcon.colcon_core.package_identification:_identify(.) by extension 'python'
[0.241s] Level 1:colcon.colcon_core.package_identification:_identify(.) by extensions ['python_setup_py']
[0.241s] Level 1:colcon.colcon_core.package_identification:_identify(.) by extension 'python_setup_py'
[0.241s] Level 1:colcon.colcon_core.package_identification:_identify(build) by extensions ['ignore', 'ignore_ament_install']
[0.241s] Level 1:colcon.colcon_core.package_identification:_identify(build) by extension 'ignore'
[0.241s] Level 1:colcon.colcon_core.package_identification:_identify(build) ignored
[0.241s] Level 1:colcon.colcon_core.package_identification:_identify(install) by extensions ['ignore', 'ignore_ament_install']
[0.241s] Level 1:colcon.colcon_core.package_identification:_identify(install) by extension 'ignore'
[0.241s] Level 1:colcon.colcon_core.package_identification:_identify(install) ignored
[0.241s] Level 1:colcon.colcon_core.package_identification:_identify(log) by extensions ['ignore', 'ignore_ament_install']
[0.241s] Level 1:colcon.colcon_core.package_identification:_identify(log) by extension 'ignore'
[0.241s] Level 1:colcon.colcon_core.package_identification:_identify(log) ignored
[0.241s] Level 1:colcon.colcon_core.package_identification:_identify(src) by extensions ['ignore', 'ignore_ament_install']
[0.241s] Level 1:colcon.colcon_core.package_identification:_identify(src) by extension 'ignore'
[0.241s] Level 1:colcon.colcon_core.package_identification:_identify(src) by extension 'ignore_ament_install'
[0.241s] Level 1:colcon.colcon_core.package_identification:_identify(src) by extensions ['colcon_pkg']
[0.241s] Level 1:colcon.colcon_core.package_identification:_identify(src) by extension 'colcon_pkg'
[0.241s] Level 1:colcon.colcon_core.package_identification:_identify(src) by extensions ['colcon_meta']
[0.241s] Level 1:colcon.colcon_core.package_identification:_identify(src) by extension 'colcon_meta'
[0.242s] Level 1:colcon.colcon_core.package_identification:_identify(src) by extensions ['ros']
[0.242s] Level 1:colcon.colcon_core.package_identification:_identify(src) by extension 'ros'
[0.242s] Level 1:colcon.colcon_core.package_identification:_identify(src) by extensions ['cmake', 'python']
[0.242s] Level 1:colcon.colcon_core.package_identification:_identify(src) by extension 'cmake'
[0.242s] Level 1:colcon.colcon_core.package_identification:_identify(src) by extension 'python'
[0.242s] Level 1:colcon.colcon_core.package_identification:_identify(src) by extensions ['python_setup_py']
[0.242s] Level 1:colcon.colcon_core.package_identification:_identify(src) by extension 'python_setup_py'
[0.242s] Level 1:colcon.colcon_core.package_identification:_identify(src/my_first_package) by extensions ['ignore', 'ignore_ament_install']
[0.242s] Level 1:colcon.colcon_core.package_identification:_identify(src/my_first_package) by extension 'ignore'
[0.242s] Level 1:colcon.colcon_core.package_identification:_identify(src/my_first_package) by extension 'ignore_ament_install'
[0.242s] Level 1:colcon.colcon_core.package_identification:_identify(src/my_first_package) by extensions ['colcon_pkg']
[0.242s] Level 1:colcon.colcon_core.package_identification:_identify(src/my_first_package) by extension 'colcon_pkg'
[0.242s] Level 1:colcon.colcon_core.package_identification:_identify(src/my_first_package) by extensions ['colcon_meta']
[0.242s] Level 1:colcon.colcon_core.package_identification:_identify(src/my_first_package) by extension 'colcon_meta'
[0.242s] Level 1:colcon.colcon_core.package_identification:_identify(src/my_first_package) by extensions ['ros']
[0.242s] Level 1:colcon.colcon_core.package_identification:_identify(src/my_first_package) by extension 'ros'
[0.245s] DEBUG:colcon.colcon_core.package_identification:Package 'src/my_first_package' with type 'ros.ament_python' and name 'my_first_package'
[0.245s] Level 1:colcon.colcon_core.package_identification:_identify(src/my_first_package_msgs) by extensions ['ignore', 'ignore_ament_install']
[0.245s] Level 1:colcon.colcon_core.package_identification:_identify(src/my_first_package_msgs) by extension 'ignore'
[0.245s] Level 1:colcon.colcon_core.package_identification:_identify(src/my_first_package_msgs) by extension 'ignore_ament_install'
[0.245s] Level 1:colcon.colcon_core.package_identification:_identify(src/my_first_package_msgs) by extensions ['colcon_pkg']
[0.245s] Level 1:colcon.colcon_core.package_identification:_identify(src/my_first_package_msgs) by extension 'colcon_pkg'
[0.245s] Level 1:colcon.colcon_core.package_identification:_identify(src/my_first_package_msgs) by extensions ['colcon_meta']
[0.245s] Level 1:colcon.colcon_core.package_identification:_identify(src/my_first_package_msgs) by extension 'colcon_meta'
[0.245s] Level 1:colcon.colcon_core.package_identification:_identify(src/my_first_package_msgs) by extensions ['ros']
[0.245s] Level 1:colcon.colcon_core.package_identification:_identify(src/my_first_package_msgs) by extension 'ros'
[0.245s] DEBUG:colcon.colcon_core.package_identification:Package 'src/my_first_package_msgs' with type 'ros.ament_cmake' and name 'my_first_package_msgs'
[0.245s] Level 1:colcon.colcon_core.package_discovery:discover_packages(recursive) using defaults
[0.246s] Level 1:colcon.colcon_core.package_discovery:discover_packages(ignore) discover
[0.246s] Level 1:colcon.colcon_core.package_discovery:discover_packages(ignore) using defaults
[0.246s] Level 1:colcon.colcon_core.package_discovery:discover_packages(path) discover
[0.246s] Level 1:colcon.colcon_core.package_discovery:discover_packages(path) using defaults
[0.266s] Level 1:colcon.colcon_core.package_discovery:discover_packages(prefix_path) check parameters
[0.266s] Level 1:colcon.colcon_core.package_discovery:discover_packages(prefix_path) discover
[0.268s] DEBUG:colcon.colcon_installed_package_information.package_discovery:Found 2 installed packages in /home/han/Desktop/Han_ws/09.ROS/install
[0.269s] DEBUG:colcon.colcon_installed_package_information.package_discovery:Found 295 installed packages in /opt/ros/humble
[0.270s] Level 1:colcon.colcon_core.package_discovery:discover_packages(prefix_path) using defaults
[0.300s] Level 5:colcon.colcon_core.verb:set package 'my_first_package' build argument 'cmake_args' from command line to 'None'
[0.300s] Level 5:colcon.colcon_core.verb:set package 'my_first_package' build argument 'cmake_target' from command line to 'None'
[0.300s] Level 5:colcon.colcon_core.verb:set package 'my_first_package' build argument 'cmake_target_skip_unavailable' from command line to 'False'
[0.300s] Level 5:colcon.colcon_core.verb:set package 'my_first_package' build argument 'cmake_clean_cache' from command line to 'False'
[0.300s] Level 5:colcon.colcon_core.verb:set package 'my_first_package' build argument 'cmake_clean_first' from command line to 'False'
[0.300s] Level 5:colcon.colcon_core.verb:set package 'my_first_package' build argument 'cmake_force_configure' from command line to 'False'
[0.300s] Level 5:colcon.colcon_core.verb:set package 'my_first_package' build argument 'ament_cmake_args' from command line to 'None'
[0.300s] Level 5:colcon.colcon_core.verb:set package 'my_first_package' build argument 'catkin_cmake_args' from command line to 'None'
[0.300s] Level 5:colcon.colcon_core.verb:set package 'my_first_package' build argument 'catkin_skip_building_tests' from command line to 'False'
[0.300s] DEBUG:colcon.colcon_core.verb:Building package 'my_first_package' with the following arguments: {'ament_cmake_args': None, 'build_base': '/home/han/Desktop/Han_ws/09.ROS/build/my_first_package', 'catkin_cmake_args': None, 'catkin_skip_building_tests': False, 'cmake_args': None, 'cmake_clean_cache': False, 'cmake_clean_first': False, 'cmake_force_configure': False, 'cmake_target': None, 'cmake_target_skip_unavailable': False, 'install_base': '/home/han/Desktop/Han_ws/09.ROS/install/my_first_package', 'merge_install': False, 'path': '/home/han/Desktop/Han_ws/09.ROS/src/my_first_package', 'symlink_install': False, 'test_result_base': None}
[0.300s] Level 5:colcon.colcon_core.verb:set package 'my_first_package_msgs' build argument 'cmake_args' from command line to 'None'
[0.300s] Level 5:colcon.colcon_core.verb:set package 'my_first_package_msgs' build argument 'cmake_target' from command line to 'None'
[0.300s] Level 5:colcon.colcon_core.verb:set package 'my_first_package_msgs' build argument 'cmake_target_skip_unavailable' from command line to 'False'
[0.300s] Level 5:colcon.colcon_core.verb:set package 'my_first_package_msgs' build argument 'cmake_clean_cache' from command line to 'False'
[0.300s] Level 5:colcon.colcon_core.verb:set package 'my_first_package_msgs' build argument 'cmake_clean_first' from command line to 'False'
[0.300s] Level 5:colcon.colcon_core.verb:set package 'my_first_package_msgs' build argument 'cmake_force_configure' from command line to 'False'
[0.300s] Level 5:colcon.colcon_core.verb:set package 'my_first_package_msgs' build argument 'ament_cmake_args' from command line to 'None'
[0.300s] Level 5:colcon.colcon_core.verb:set package 'my_first_package_msgs' build argument 'catkin_cmake_args' from command line to 'None'
[0.300s] Level 5:colcon.colcon_core.verb:set package 'my_first_package_msgs' build argument 'catkin_skip_building_tests' from command line to 'False'
[0.300s] DEBUG:colcon.colcon_core.verb:Building package 'my_first_package_msgs' with the following arguments: {'ament_cmake_args': None, 'build_base': '/home/han/Desktop/Han_ws/09.ROS/build/my_first_package_msgs', 'catkin_cmake_args': None, 'catkin_skip_building_tests': False, 'cmake_args': None, 'cmake_clean_cache': False, 'cmake_clean_first': False, 'cmake_force_configure': False, 'cmake_target': None, 'cmake_target_skip_unavailable': False, 'install_base': '/home/han/Desktop/Han_ws/09.ROS/install/my_first_package_msgs', 'merge_install': False, 'path': '/home/han/Desktop/Han_ws/09.ROS/src/my_first_package_msgs', 'symlink_install': False, 'test_result_base': None}
[0.301s] INFO:colcon.colcon_core.executor:Executing jobs using 'parallel' executor
[0.301s] DEBUG:colcon.colcon_parallel_executor.executor.parallel:run_until_complete
[0.301s] INFO:colcon.colcon_ros.task.ament_python.build:Building ROS package in '/home/han/Desktop/Han_ws/09.ROS/src/my_first_package' with build type 'ament_python'
[0.302s] Level 1:colcon.colcon_core.shell:create_environment_hook('my_first_package', 'ament_prefix_path')
[0.303s] INFO:colcon.colcon_core.plugin_system:Skipping extension 'colcon_core.shell.bat': Not used on non-Windows systems
[0.303s] INFO:colcon.colcon_core.shell:Creating environment hook '/home/han/Desktop/Han_ws/09.ROS/install/my_first_package/share/my_first_package/hook/ament_prefix_path.ps1'
[0.304s] INFO:colcon.colcon_core.shell:Creating environment descriptor '/home/han/Desktop/Han_ws/09.ROS/install/my_first_package/share/my_first_package/hook/ament_prefix_path.dsv'
[0.304s] INFO:colcon.colcon_core.shell:Creating environment hook '/home/han/Desktop/Han_ws/09.ROS/install/my_first_package/share/my_first_package/hook/ament_prefix_path.sh'
[0.304s] INFO:colcon.colcon_core.shell:Skip shell extension 'powershell' for command environment: Not usable outside of PowerShell
[0.304s] DEBUG:colcon.colcon_core.shell:Skip shell extension 'dsv' for command environment
[0.307s] INFO:colcon.colcon_ros.task.ament_cmake.build:Building ROS package in '/home/han/Desktop/Han_ws/09.ROS/src/my_first_package_msgs' with build type 'ament_cmake'
[0.307s] INFO:colcon.colcon_cmake.task.cmake.build:Building CMake package in '/home/han/Desktop/Han_ws/09.ROS/src/my_first_package_msgs'
[0.307s] INFO:colcon.colcon_core.shell:Skip shell extension 'powershell' for command environment: Not usable outside of PowerShell
[0.307s] DEBUG:colcon.colcon_core.shell:Skip shell extension 'dsv' for command environment
[0.541s] INFO:colcon.colcon_core.task.python.build:Building Python package in '/home/han/Desktop/Han_ws/09.ROS/src/my_first_package'
[0.541s] INFO:colcon.colcon_core.shell:Skip shell extension 'powershell' for command environment: Not usable outside of PowerShell
[0.541s] DEBUG:colcon.colcon_core.shell:Skip shell extension 'dsv' for command environment
[0.547s] DEBUG:colcon.colcon_core.event_handler.log_command:Invoking command in '/home/han/Desktop/Han_ws/09.ROS/build/my_first_package_msgs': CMAKE_PREFIX_PATH=${CMAKE_PREFIX_PATH}:/home/han/Desktop/Han_ws/09.ROS/install/my_first_package:/opt/ros/humble VIRTUAL_ENV_PROMPT=(myvenv) /usr/bin/cmake --build /home/han/Desktop/Han_ws/09.ROS/build/my_first_package_msgs -- -j12 -l12
[0.867s] DEBUG:colcon.colcon_core.event_handler.log_command:Invoking command in '/home/han/Desktop/Han_ws/09.ROS/src/my_first_package': PYTHONPATH=/home/han/Desktop/Han_ws/09.ROS/build/my_first_package/prefix_override:/home/han/Desktop/Han_ws/09.ROS/install/my_first_package/lib/python3.10/site-packages:${PYTHONPATH} VIRTUAL_ENV_PROMPT=(myvenv) /usr/bin/python3 -W ignore:setup.py install is deprecated setup.py egg_info --egg-base ../../build/my_first_package build --build-base /home/han/Desktop/Han_ws/09.ROS/build/my_first_package/build install --record /home/han/Desktop/Han_ws/09.ROS/build/my_first_package/install.log --single-version-externally-managed install_data
[1.132s] DEBUG:colcon.colcon_core.event_handler.log_command:Invoked command in '/home/han/Desktop/Han_ws/09.ROS/src/my_first_package' returned '0': PYTHONPATH=/home/han/Desktop/Han_ws/09.ROS/build/my_first_package/prefix_override:/home/han/Desktop/Han_ws/09.ROS/install/my_first_package/lib/python3.10/site-packages:${PYTHONPATH} VIRTUAL_ENV_PROMPT=(myvenv) /usr/bin/python3 -W ignore:setup.py install is deprecated setup.py egg_info --egg-base ../../build/my_first_package build --build-base /home/han/Desktop/Han_ws/09.ROS/build/my_first_package/build install --record /home/han/Desktop/Han_ws/09.ROS/build/my_first_package/install.log --single-version-externally-managed install_data
[1.135s] Level 1:colcon.colcon_core.environment:checking '/home/han/Desktop/Han_ws/09.ROS/install/my_first_package' for CMake module files
[1.135s] Level 1:colcon.colcon_core.environment:checking '/home/han/Desktop/Han_ws/09.ROS/install/my_first_package' for CMake config files
[1.136s] Level 1:colcon.colcon_core.environment:checking '/home/han/Desktop/Han_ws/09.ROS/install/my_first_package/lib'
[1.136s] Level 1:colcon.colcon_core.environment:checking '/home/han/Desktop/Han_ws/09.ROS/install/my_first_package/bin'
[1.136s] Level 1:colcon.colcon_core.environment:checking '/home/han/Desktop/Han_ws/09.ROS/install/my_first_package/lib/pkgconfig/my_first_package.pc'
[1.137s] Level 1:colcon.colcon_core.environment:checking '/home/han/Desktop/Han_ws/09.ROS/install/my_first_package/lib/python3.10/site-packages'
[1.137s] Level 1:colcon.colcon_core.shell:create_environment_hook('my_first_package', 'pythonpath')
[1.137s] INFO:colcon.colcon_core.shell:Creating environment hook '/home/han/Desktop/Han_ws/09.ROS/install/my_first_package/share/my_first_package/hook/pythonpath.ps1'
[1.137s] INFO:colcon.colcon_core.shell:Creating environment descriptor '/home/han/Desktop/Han_ws/09.ROS/install/my_first_package/share/my_first_package/hook/pythonpath.dsv'
[1.138s] INFO:colcon.colcon_core.shell:Creating environment hook '/home/han/Desktop/Han_ws/09.ROS/install/my_first_package/share/my_first_package/hook/pythonpath.sh'
[1.139s] Level 1:colcon.colcon_core.environment:checking '/home/han/Desktop/Han_ws/09.ROS/install/my_first_package/bin'
[1.139s] Level 1:colcon.colcon_core.environment:create_environment_scripts_only(my_first_package)
[1.139s] INFO:colcon.colcon_core.shell:Creating package script '/home/han/Desktop/Han_ws/09.ROS/install/my_first_package/share/my_first_package/package.ps1'
[1.140s] INFO:colcon.colcon_core.shell:Creating package descriptor '/home/han/Desktop/Han_ws/09.ROS/install/my_first_package/share/my_first_package/package.dsv'
[1.140s] INFO:colcon.colcon_core.shell:Creating package script '/home/han/Desktop/Han_ws/09.ROS/install/my_first_package/share/my_first_package/package.sh'
[1.141s] INFO:colcon.colcon_core.shell:Creating package script '/home/han/Desktop/Han_ws/09.ROS/install/my_first_package/share/my_first_package/package.bash'
[1.141s] INFO:colcon.colcon_core.shell:Creating package script '/home/han/Desktop/Han_ws/09.ROS/install/my_first_package/share/my_first_package/package.zsh'
[1.142s] Level 1:colcon.colcon_core.environment:create_file_with_runtime_dependencies(/home/han/Desktop/Han_ws/09.ROS/install/my_first_package/share/colcon-core/packages/my_first_package)
[1.649s] DEBUG:colcon.colcon_core.event_handler.log_command:Invoked command in '/home/han/Desktop/Han_ws/09.ROS/build/my_first_package_msgs' returned '0': CMAKE_PREFIX_PATH=${CMAKE_PREFIX_PATH}:/home/han/Desktop/Han_ws/09.ROS/install/my_first_package:/opt/ros/humble VIRTUAL_ENV_PROMPT=(myvenv) /usr/bin/cmake --build /home/han/Desktop/Han_ws/09.ROS/build/my_first_package_msgs -- -j12 -l12
[1.706s] DEBUG:colcon.colcon_core.event_handler.log_command:Invoking command in '/home/han/Desktop/Han_ws/09.ROS/build/my_first_package_msgs': CMAKE_PREFIX_PATH=${CMAKE_PREFIX_PATH}:/home/han/Desktop/Han_ws/09.ROS/install/my_first_package:/opt/ros/humble VIRTUAL_ENV_PROMPT=(myvenv) /usr/bin/cmake --install /home/han/Desktop/Han_ws/09.ROS/build/my_first_package_msgs
[1.752s] Level 1:colcon.colcon_core.environment:create_environment_scripts_only(my_first_package_msgs)
[1.752s] Level 1:colcon.colcon_core.environment:checking '/home/han/Desktop/Han_ws/09.ROS/install/my_first_package_msgs' for CMake module files
[1.753s] DEBUG:colcon.colcon_core.event_handler.log_command:Invoked command in '/home/han/Desktop/Han_ws/09.ROS/build/my_first_package_msgs' returned '0': CMAKE_PREFIX_PATH=${CMAKE_PREFIX_PATH}:/home/han/Desktop/Han_ws/09.ROS/install/my_first_package:/opt/ros/humble VIRTUAL_ENV_PROMPT=(myvenv) /usr/bin/cmake --install /home/han/Desktop/Han_ws/09.ROS/build/my_first_package_msgs
[1.753s] Level 1:colcon.colcon_core.environment:checking '/home/han/Desktop/Han_ws/09.ROS/install/my_first_package_msgs' for CMake config files
[1.753s] Level 1:colcon.colcon_core.shell:create_environment_hook('my_first_package_msgs', 'cmake_prefix_path')
[1.754s] INFO:colcon.colcon_core.shell:Creating environment hook '/home/han/Desktop/Han_ws/09.ROS/install/my_first_package_msgs/share/my_first_package_msgs/hook/cmake_prefix_path.ps1'
[1.754s] INFO:colcon.colcon_core.shell:Creating environment descriptor '/home/han/Desktop/Han_ws/09.ROS/install/my_first_package_msgs/share/my_first_package_msgs/hook/cmake_prefix_path.dsv'
[1.754s] INFO:colcon.colcon_core.shell:Creating environment hook '/home/han/Desktop/Han_ws/09.ROS/install/my_first_package_msgs/share/my_first_package_msgs/hook/cmake_prefix_path.sh'
[1.754s] Level 1:colcon.colcon_core.environment:checking '/home/han/Desktop/Han_ws/09.ROS/install/my_first_package_msgs/lib'
[1.755s] Level 1:colcon.colcon_core.shell:create_environment_hook('my_first_package_msgs', 'ld_library_path_lib')
[1.755s] INFO:colcon.colcon_core.shell:Creating environment hook '/home/han/Desktop/Han_ws/09.ROS/install/my_first_package_msgs/share/my_first_package_msgs/hook/ld_library_path_lib.ps1'
[1.755s] INFO:colcon.colcon_core.shell:Creating environment descriptor '/home/han/Desktop/Han_ws/09.ROS/install/my_first_package_msgs/share/my_first_package_msgs/hook/ld_library_path_lib.dsv'
[1.755s] INFO:colcon.colcon_core.shell:Creating environment hook '/home/han/Desktop/Han_ws/09.ROS/install/my_first_package_msgs/share/my_first_package_msgs/hook/ld_library_path_lib.sh'
[1.755s] Level 1:colcon.colcon_core.environment:checking '/home/han/Desktop/Han_ws/09.ROS/install/my_first_package_msgs/bin'
[1.755s] Level 1:colcon.colcon_core.environment:checking '/home/han/Desktop/Han_ws/09.ROS/install/my_first_package_msgs/lib/pkgconfig/my_first_package_msgs.pc'
[1.756s] Level 1:colcon.colcon_core.environment:checking '/home/han/Desktop/Han_ws/09.ROS/install/my_first_package_msgs/lib/python3.10/site-packages'
[1.756s] Level 1:colcon.colcon_core.environment:checking '/home/han/Desktop/Han_ws/09.ROS/install/my_first_package_msgs/bin'
[1.756s] INFO:colcon.colcon_core.shell:Creating package script '/home/han/Desktop/Han_ws/09.ROS/install/my_first_package_msgs/share/my_first_package_msgs/package.ps1'
[1.757s] INFO:colcon.colcon_core.shell:Creating package descriptor '/home/han/Desktop/Han_ws/09.ROS/install/my_first_package_msgs/share/my_first_package_msgs/package.dsv'
[1.757s] INFO:colcon.colcon_core.shell:Creating package script '/home/han/Desktop/Han_ws/09.ROS/install/my_first_package_msgs/share/my_first_package_msgs/package.sh'
[1.757s] INFO:colcon.colcon_core.shell:Creating package script '/home/han/Desktop/Han_ws/09.ROS/install/my_first_package_msgs/share/my_first_package_msgs/package.bash'
[1.757s] INFO:colcon.colcon_core.shell:Creating package script '/home/han/Desktop/Han_ws/09.ROS/install/my_first_package_msgs/share/my_first_package_msgs/package.zsh'
[1.758s] Level 1:colcon.colcon_core.environment:create_file_with_runtime_dependencies(/home/han/Desktop/Han_ws/09.ROS/install/my_first_package_msgs/share/colcon-core/packages/my_first_package_msgs)
[1.807s] Level 1:colcon.colcon_core.environment:create_environment_scripts_only(my_first_package_msgs)
[1.807s] Level 1:colcon.colcon_core.environment:checking '/home/han/Desktop/Han_ws/09.ROS/install/my_first_package_msgs' for CMake module files
[1.808s] Level 1:colcon.colcon_core.environment:checking '/home/han/Desktop/Han_ws/09.ROS/install/my_first_package_msgs' for CMake config files
[1.808s] Level 1:colcon.colcon_core.shell:create_environment_hook('my_first_package_msgs', 'cmake_prefix_path')
[1.808s] INFO:colcon.colcon_core.shell:Creating environment hook '/home/han/Desktop/Han_ws/09.ROS/install/my_first_package_msgs/share/my_first_package_msgs/hook/cmake_prefix_path.ps1'
[1.808s] INFO:colcon.colcon_core.shell:Creating environment descriptor '/home/han/Desktop/Han_ws/09.ROS/install/my_first_package_msgs/share/my_first_package_msgs/hook/cmake_prefix_path.dsv'
[1.809s] INFO:colcon.colcon_core.shell:Creating environment hook '/home/han/Desktop/Han_ws/09.ROS/install/my_first_package_msgs/share/my_first_package_msgs/hook/cmake_prefix_path.sh'
[1.809s] Level 1:colcon.colcon_core.environment:checking '/home/han/Desktop/Han_ws/09.ROS/install/my_first_package_msgs/lib'
[1.809s] Level 1:colcon.colcon_core.shell:create_environment_hook('my_first_package_msgs', 'ld_library_path_lib')
[1.809s] INFO:colcon.colcon_core.shell:Creating environment hook '/home/han/Desktop/Han_ws/09.ROS/install/my_first_package_msgs/share/my_first_package_msgs/hook/ld_library_path_lib.ps1'
[1.810s] INFO:colcon.colcon_core.shell:Creating environment descriptor '/home/han/Desktop/Han_ws/09.ROS/install/my_first_package_msgs/share/my_first_package_msgs/hook/ld_library_path_lib.dsv'
[1.810s] INFO:colcon.colcon_core.shell:Creating environment hook '/home/han/Desktop/Han_ws/09.ROS/install/my_first_package_msgs/share/my_first_package_msgs/hook/ld_library_path_lib.sh'
[1.810s] Level 1:colcon.colcon_core.environment:checking '/home/han/Desktop/Han_ws/09.ROS/install/my_first_package_msgs/bin'
[1.811s] Level 1:colcon.colcon_core.environment:checking '/home/han/Desktop/Han_ws/09.ROS/install/my_first_package_msgs/lib/pkgconfig/my_first_package_msgs.pc'
[1.811s] Level 1:colcon.colcon_core.environment:checking '/home/han/Desktop/Han_ws/09.ROS/install/my_first_package_msgs/lib/python3.10/site-packages'
[1.811s] Level 1:colcon.colcon_core.environment:checking '/home/han/Desktop/Han_ws/09.ROS/install/my_first_package_msgs/bin'
[1.811s] INFO:colcon.colcon_core.shell:Creating package script '/home/han/Desktop/Han_ws/09.ROS/install/my_first_package_msgs/share/my_first_package_msgs/package.ps1'
[1.812s] INFO:colcon.colcon_core.shell:Creating package descriptor '/home/han/Desktop/Han_ws/09.ROS/install/my_first_package_msgs/share/my_first_package_msgs/package.dsv'
[1.812s] INFO:colcon.colcon_core.shell:Creating package script '/home/han/Desktop/Han_ws/09.ROS/install/my_first_package_msgs/share/my_first_package_msgs/package.sh'
[1.813s] INFO:colcon.colcon_core.shell:Creating package script '/home/han/Desktop/Han_ws/09.ROS/install/my_first_package_msgs/share/my_first_package_msgs/package.bash'
[1.813s] INFO:colcon.colcon_core.shell:Creating package script '/home/han/Desktop/Han_ws/09.ROS/install/my_first_package_msgs/share/my_first_package_msgs/package.zsh'
[1.813s] Level 1:colcon.colcon_core.environment:create_file_with_runtime_dependencies(/home/han/Desktop/Han_ws/09.ROS/install/my_first_package_msgs/share/colcon-core/packages/my_first_package_msgs)
[1.813s] DEBUG:colcon.colcon_parallel_executor.executor.parallel:closing loop
[1.814s] DEBUG:colcon.colcon_parallel_executor.executor.parallel:loop closed
[1.814s] DEBUG:colcon.colcon_parallel_executor.executor.parallel:run_until_complete finished with '0'
[1.814s] DEBUG:colcon.colcon_core.event_reactor:joining thread
[1.819s] INFO:colcon.colcon_core.plugin_system:Skipping extension 'colcon_notification.desktop_notification.terminal_notifier': Not used on non-Darwin systems
[1.819s] INFO:colcon.colcon_core.plugin_system:Skipping extension 'colcon_notification.desktop_notification.win32': Not used on non-Windows systems
[1.819s] INFO:colcon.colcon_notification.desktop_notification:Sending desktop notification using 'notify2'
[1.827s] DEBUG:colcon.colcon_core.event_reactor:joined thread
[1.827s] INFO:colcon.colcon_core.shell:Creating prefix script '/home/han/Desktop/Han_ws/09.ROS/install/local_setup.ps1'
[1.829s] INFO:colcon.colcon_core.shell:Creating prefix util module '/home/han/Desktop/Han_ws/09.ROS/install/_local_setup_util_ps1.py'
[1.831s] INFO:colcon.colcon_core.shell:Creating prefix chain script '/home/han/Desktop/Han_ws/09.ROS/install/setup.ps1'
[1.831s] INFO:colcon.colcon_core.shell:Creating prefix script '/home/han/Desktop/Han_ws/09.ROS/install/local_setup.sh'
[1.832s] INFO:colcon.colcon_core.shell:Creating prefix util module '/home/han/Desktop/Han_ws/09.ROS/install/_local_setup_util_sh.py'
[1.832s] INFO:colcon.colcon_core.shell:Creating prefix chain script '/home/han/Desktop/Han_ws/09.ROS/install/setup.sh'
[1.833s] INFO:colcon.colcon_core.shell:Creating prefix script '/home/han/Desktop/Han_ws/09.ROS/install/local_setup.bash'
[1.833s] INFO:colcon.colcon_core.shell:Creating prefix chain script '/home/han/Desktop/Han_ws/09.ROS/install/setup.bash'
[1.834s] INFO:colcon.colcon_core.shell:Creating prefix script '/home/han/Desktop/Han_ws/09.ROS/install/local_setup.zsh'
[1.834s] INFO:colcon.colcon_core.shell:Creating prefix chain script '/home/han/Desktop/Han_ws/09.ROS/install/setup.zsh'
