[0.013s] Invoking command in '/home/han/Desktop/Han_ws/10.minibot/build/minibot_interfaces': CMAKE_PREFIX_PATH=/opt/ros/humble /usr/bin/cmake --build /home/han/Desktop/Han_ws/10.minibot/build/minibot_interfaces -- -j12 -l12
[0.051s] [  2%] Built target minibot_interfaces__cpp
[0.051s] [ 12%] Built target minibot_interfaces__rosidl_generator_c
[0.060s] [ 12%] Built target ament_cmake_python_copy_minibot_interfaces
[0.074s] [ 23%] Built target minibot_interfaces__rosidl_typesupport_fastrtps_cpp
[0.075s] [ 64%] Built target minibot_interfaces__rosidl_typesupport_c
[0.075s] [ 64%] Built target minibot_interfaces__rosidl_typesupport_introspection_c
[0.075s] [ 64%] Built target minibot_interfaces__rosidl_typesupport_fastrtps_c
[0.075s] [ 64%] Built target minibot_interfaces__rosidl_typesupport_cpp
[0.076s] [ 74%] Built target minibot_interfaces__rosidl_typesupport_introspection_cpp
[0.091s] [ 74%] Built target minibot_interfaces
[0.107s] [ 76%] Built target minibot_interfaces__py
[0.124s] [ 84%] Built target minibot_interfaces__rosidl_generator_py
[0.142s] [ 94%] Built target minibot_interfaces__rosidl_typesupport_c__pyext
[0.142s] [ 94%] Built target minibot_interfaces__rosidl_typesupport_introspection_c__pyext
[0.143s] [100%] Built target minibot_interfaces__rosidl_typesupport_fastrtps_c__pyext
[0.288s] running egg_info
[0.288s] writing minibot_interfaces.egg-info/PKG-INFO
[0.289s] writing dependency_links to minibot_interfaces.egg-info/dependency_links.txt
[0.289s] writing top-level names to minibot_interfaces.egg-info/top_level.txt
[0.291s] reading manifest file 'minibot_interfaces.egg-info/SOURCES.txt'
[0.291s] writing manifest file 'minibot_interfaces.egg-info/SOURCES.txt'
[0.313s] [100%] Built target ament_cmake_python_build_minibot_interfaces_egg
[0.322s] Invoked command in '/home/han/Desktop/Han_ws/10.minibot/build/minibot_interfaces' returned '0': CMAKE_PREFIX_PATH=/opt/ros/humble /usr/bin/cmake --build /home/han/Desktop/Han_ws/10.minibot/build/minibot_interfaces -- -j12 -l12
[0.368s] Invoking command in '/home/han/Desktop/Han_ws/10.minibot/build/minibot_interfaces': CMAKE_PREFIX_PATH=/opt/ros/humble /usr/bin/cmake --install /home/han/Desktop/Han_ws/10.minibot/build/minibot_interfaces
[0.374s] -- Install configuration: ""
[0.375s] -- Installing: /home/han/Desktop/Han_ws/10.minibot/install/minibot_interfaces/share/ament_index/resource_index/rosidl_interfaces/minibot_interfaces
[0.375s] -- Installing: /home/han/Desktop/Han_ws/10.minibot/install/minibot_interfaces/include/minibot_interfaces/minibot_interfaces
[0.375s] -- Installing: /home/han/Desktop/Han_ws/10.minibot/install/minibot_interfaces/include/minibot_interfaces/minibot_interfaces/msg
[0.375s] -- Installing: /home/han/Desktop/Han_ws/10.minibot/install/minibot_interfaces/include/minibot_interfaces/minibot_interfaces/msg/rosidl_generator_c__visibility_control.h
[0.375s] -- Installing: /home/han/Desktop/Han_ws/10.minibot/install/minibot_interfaces/include/minibot_interfaces/minibot_interfaces/msg/robot_state.h
[0.375s] -- Installing: /home/han/Desktop/Han_ws/10.minibot/install/minibot_interfaces/include/minibot_interfaces/minibot_interfaces/msg/lamp_command.h
[0.375s] -- Installing: /home/han/Desktop/Han_ws/10.minibot/install/minibot_interfaces/include/minibot_interfaces/minibot_interfaces/msg/detail
[0.375s] -- Installing: /home/han/Desktop/Han_ws/10.minibot/install/minibot_interfaces/include/minibot_interfaces/minibot_interfaces/msg/detail/lamp_command__functions.c
[0.375s] -- Installing: /home/han/Desktop/Han_ws/10.minibot/install/minibot_interfaces/include/minibot_interfaces/minibot_interfaces/msg/detail/lamp_command__type_support.h
[0.375s] -- Installing: /home/han/Desktop/Han_ws/10.minibot/install/minibot_interfaces/include/minibot_interfaces/minibot_interfaces/msg/detail/robot_state__functions.c
[0.375s] -- Installing: /home/han/Desktop/Han_ws/10.minibot/install/minibot_interfaces/include/minibot_interfaces/minibot_interfaces/msg/detail/lamp_command__functions.h
[0.375s] -- Installing: /home/han/Desktop/Han_ws/10.minibot/install/minibot_interfaces/include/minibot_interfaces/minibot_interfaces/msg/detail/robot_state__functions.h
[0.375s] -- Installing: /home/han/Desktop/Han_ws/10.minibot/install/minibot_interfaces/include/minibot_interfaces/minibot_interfaces/msg/detail/robot_state__type_support.h
[0.375s] -- Installing: /home/han/Desktop/Han_ws/10.minibot/install/minibot_interfaces/include/minibot_interfaces/minibot_interfaces/msg/detail/robot_state__struct.h
[0.375s] -- Installing: /home/han/Desktop/Han_ws/10.minibot/install/minibot_interfaces/include/minibot_interfaces/minibot_interfaces/msg/detail/lamp_command__struct.h
[0.375s] -- Installing: /home/han/Desktop/Han_ws/10.minibot/install/minibot_interfaces/share/minibot_interfaces/environment/library_path.sh
[0.376s] -- Installing: /home/han/Desktop/Han_ws/10.minibot/install/minibot_interfaces/share/minibot_interfaces/environment/library_path.dsv
[0.376s] -- Installing: /home/han/Desktop/Han_ws/10.minibot/install/minibot_interfaces/lib/libminibot_interfaces__rosidl_generator_c.so
[0.376s] -- Set runtime path of "/home/han/Desktop/Han_ws/10.minibot/install/minibot_interfaces/lib/libminibot_interfaces__rosidl_generator_c.so" to ""
[0.376s] -- Up-to-date: /home/han/Desktop/Han_ws/10.minibot/install/minibot_interfaces/include/minibot_interfaces/minibot_interfaces
[0.376s] -- Up-to-date: /home/han/Desktop/Han_ws/10.minibot/install/minibot_interfaces/include/minibot_interfaces/minibot_interfaces/msg
[0.376s] -- Up-to-date: /home/han/Desktop/Han_ws/10.minibot/install/minibot_interfaces/include/minibot_interfaces/minibot_interfaces/msg/detail
[0.376s] -- Installing: /home/han/Desktop/Han_ws/10.minibot/install/minibot_interfaces/include/minibot_interfaces/minibot_interfaces/msg/detail/lamp_command__rosidl_typesupport_fastrtps_c.h
[0.376s] -- Installing: /home/han/Desktop/Han_ws/10.minibot/install/minibot_interfaces/include/minibot_interfaces/minibot_interfaces/msg/detail/robot_state__rosidl_typesupport_fastrtps_c.h
[0.376s] -- Installing: /home/han/Desktop/Han_ws/10.minibot/install/minibot_interfaces/include/minibot_interfaces/minibot_interfaces/msg/rosidl_typesupport_fastrtps_c__visibility_control.h
[0.376s] -- Installing: /home/han/Desktop/Han_ws/10.minibot/install/minibot_interfaces/lib/libminibot_interfaces__rosidl_typesupport_fastrtps_c.so
[0.376s] -- Set runtime path of "/home/han/Desktop/Han_ws/10.minibot/install/minibot_interfaces/lib/libminibot_interfaces__rosidl_typesupport_fastrtps_c.so" to ""
[0.376s] -- Up-to-date: /home/han/Desktop/Han_ws/10.minibot/install/minibot_interfaces/include/minibot_interfaces/minibot_interfaces
[0.376s] -- Up-to-date: /home/han/Desktop/Han_ws/10.minibot/install/minibot_interfaces/include/minibot_interfaces/minibot_interfaces/msg
[0.376s] -- Installing: /home/han/Desktop/Han_ws/10.minibot/install/minibot_interfaces/include/minibot_interfaces/minibot_interfaces/msg/lamp_command.hpp
[0.377s] -- Up-to-date: /home/han/Desktop/Han_ws/10.minibot/install/minibot_interfaces/include/minibot_interfaces/minibot_interfaces/msg/detail
[0.377s] -- Installing: /home/han/Desktop/Han_ws/10.minibot/install/minibot_interfaces/include/minibot_interfaces/minibot_interfaces/msg/detail/lamp_command__traits.hpp
[0.377s] -- Installing: /home/han/Desktop/Han_ws/10.minibot/install/minibot_interfaces/include/minibot_interfaces/minibot_interfaces/msg/detail/robot_state__struct.hpp
[0.377s] -- Installing: /home/han/Desktop/Han_ws/10.minibot/install/minibot_interfaces/include/minibot_interfaces/minibot_interfaces/msg/detail/robot_state__traits.hpp
[0.377s] -- Installing: /home/han/Desktop/Han_ws/10.minibot/install/minibot_interfaces/include/minibot_interfaces/minibot_interfaces/msg/detail/lamp_command__struct.hpp
[0.377s] -- Installing: /home/han/Desktop/Han_ws/10.minibot/install/minibot_interfaces/include/minibot_interfaces/minibot_interfaces/msg/detail/lamp_command__builder.hpp
[0.377s] -- Installing: /home/han/Desktop/Han_ws/10.minibot/install/minibot_interfaces/include/minibot_interfaces/minibot_interfaces/msg/detail/robot_state__builder.hpp
[0.377s] -- Installing: /home/han/Desktop/Han_ws/10.minibot/install/minibot_interfaces/include/minibot_interfaces/minibot_interfaces/msg/robot_state.hpp
[0.377s] -- Up-to-date: /home/han/Desktop/Han_ws/10.minibot/install/minibot_interfaces/include/minibot_interfaces/minibot_interfaces
[0.377s] -- Up-to-date: /home/han/Desktop/Han_ws/10.minibot/install/minibot_interfaces/include/minibot_interfaces/minibot_interfaces/msg
[0.377s] -- Installing: /home/han/Desktop/Han_ws/10.minibot/install/minibot_interfaces/include/minibot_interfaces/minibot_interfaces/msg/rosidl_typesupport_fastrtps_cpp__visibility_control.h
[0.377s] -- Up-to-date: /home/han/Desktop/Han_ws/10.minibot/install/minibot_interfaces/include/minibot_interfaces/minibot_interfaces/msg/detail
[0.377s] -- Installing: /home/han/Desktop/Han_ws/10.minibot/install/minibot_interfaces/include/minibot_interfaces/minibot_interfaces/msg/detail/lamp_command__rosidl_typesupport_fastrtps_cpp.hpp
[0.377s] -- Installing: /home/han/Desktop/Han_ws/10.minibot/install/minibot_interfaces/include/minibot_interfaces/minibot_interfaces/msg/detail/robot_state__rosidl_typesupport_fastrtps_cpp.hpp
[0.377s] -- Installing: /home/han/Desktop/Han_ws/10.minibot/install/minibot_interfaces/include/minibot_interfaces/minibot_interfaces/msg/detail/dds_fastrtps
[0.377s] -- Installing: /home/han/Desktop/Han_ws/10.minibot/install/minibot_interfaces/lib/libminibot_interfaces__rosidl_typesupport_fastrtps_cpp.so
[0.378s] -- Set runtime path of "/home/han/Desktop/Han_ws/10.minibot/install/minibot_interfaces/lib/libminibot_interfaces__rosidl_typesupport_fastrtps_cpp.so" to ""
[0.378s] -- Up-to-date: /home/han/Desktop/Han_ws/10.minibot/install/minibot_interfaces/include/minibot_interfaces/minibot_interfaces
[0.378s] -- Up-to-date: /home/han/Desktop/Han_ws/10.minibot/install/minibot_interfaces/include/minibot_interfaces/minibot_interfaces/msg
[0.378s] -- Installing: /home/han/Desktop/Han_ws/10.minibot/install/minibot_interfaces/include/minibot_interfaces/minibot_interfaces/msg/rosidl_typesupport_introspection_c__visibility_control.h
[0.378s] -- Up-to-date: /home/han/Desktop/Han_ws/10.minibot/install/minibot_interfaces/include/minibot_interfaces/minibot_interfaces/msg/detail
[0.378s] -- Installing: /home/han/Desktop/Han_ws/10.minibot/install/minibot_interfaces/include/minibot_interfaces/minibot_interfaces/msg/detail/robot_state__type_support.c
[0.378s] -- Installing: /home/han/Desktop/Han_ws/10.minibot/install/minibot_interfaces/include/minibot_interfaces/minibot_interfaces/msg/detail/robot_state__rosidl_typesupport_introspection_c.h
[0.378s] -- Installing: /home/han/Desktop/Han_ws/10.minibot/install/minibot_interfaces/include/minibot_interfaces/minibot_interfaces/msg/detail/lamp_command__type_support.c
[0.378s] -- Installing: /home/han/Desktop/Han_ws/10.minibot/install/minibot_interfaces/include/minibot_interfaces/minibot_interfaces/msg/detail/lamp_command__rosidl_typesupport_introspection_c.h
[0.378s] -- Installing: /home/han/Desktop/Han_ws/10.minibot/install/minibot_interfaces/lib/libminibot_interfaces__rosidl_typesupport_introspection_c.so
[0.378s] -- Set runtime path of "/home/han/Desktop/Han_ws/10.minibot/install/minibot_interfaces/lib/libminibot_interfaces__rosidl_typesupport_introspection_c.so" to ""
[0.378s] -- Installing: /home/han/Desktop/Han_ws/10.minibot/install/minibot_interfaces/lib/libminibot_interfaces__rosidl_typesupport_c.so
[0.378s] -- Set runtime path of "/home/han/Desktop/Han_ws/10.minibot/install/minibot_interfaces/lib/libminibot_interfaces__rosidl_typesupport_c.so" to ""
[0.378s] -- Up-to-date: /home/han/Desktop/Han_ws/10.minibot/install/minibot_interfaces/include/minibot_interfaces/minibot_interfaces
[0.378s] -- Up-to-date: /home/han/Desktop/Han_ws/10.minibot/install/minibot_interfaces/include/minibot_interfaces/minibot_interfaces/msg
[0.378s] -- Up-to-date: /home/han/Desktop/Han_ws/10.minibot/install/minibot_interfaces/include/minibot_interfaces/minibot_interfaces/msg/detail
[0.379s] -- Installing: /home/han/Desktop/Han_ws/10.minibot/install/minibot_interfaces/include/minibot_interfaces/minibot_interfaces/msg/detail/lamp_command__type_support.cpp
[0.379s] -- Installing: /home/han/Desktop/Han_ws/10.minibot/install/minibot_interfaces/include/minibot_interfaces/minibot_interfaces/msg/detail/robot_state__rosidl_typesupport_introspection_cpp.hpp
[0.379s] -- Installing: /home/han/Desktop/Han_ws/10.minibot/install/minibot_interfaces/include/minibot_interfaces/minibot_interfaces/msg/detail/lamp_command__rosidl_typesupport_introspection_cpp.hpp
[0.379s] -- Installing: /home/han/Desktop/Han_ws/10.minibot/install/minibot_interfaces/include/minibot_interfaces/minibot_interfaces/msg/detail/robot_state__type_support.cpp
[0.379s] -- Installing: /home/han/Desktop/Han_ws/10.minibot/install/minibot_interfaces/lib/libminibot_interfaces__rosidl_typesupport_introspection_cpp.so
[0.379s] -- Set runtime path of "/home/han/Desktop/Han_ws/10.minibot/install/minibot_interfaces/lib/libminibot_interfaces__rosidl_typesupport_introspection_cpp.so" to ""
[0.379s] -- Installing: /home/han/Desktop/Han_ws/10.minibot/install/minibot_interfaces/lib/libminibot_interfaces__rosidl_typesupport_cpp.so
[0.379s] -- Set runtime path of "/home/han/Desktop/Han_ws/10.minibot/install/minibot_interfaces/lib/libminibot_interfaces__rosidl_typesupport_cpp.so" to ""
[0.379s] -- Installing: /home/han/Desktop/Han_ws/10.minibot/install/minibot_interfaces/share/minibot_interfaces/environment/pythonpath.sh
[0.379s] -- Installing: /home/han/Desktop/Han_ws/10.minibot/install/minibot_interfaces/share/minibot_interfaces/environment/pythonpath.dsv
[0.379s] -- Installing: /home/han/Desktop/Han_ws/10.minibot/install/minibot_interfaces/local/lib/python3.10/dist-packages/minibot_interfaces-0.0.0-py3.10.egg-info
[0.379s] -- Installing: /home/han/Desktop/Han_ws/10.minibot/install/minibot_interfaces/local/lib/python3.10/dist-packages/minibot_interfaces-0.0.0-py3.10.egg-info/dependency_links.txt
[0.379s] -- Installing: /home/han/Desktop/Han_ws/10.minibot/install/minibot_interfaces/local/lib/python3.10/dist-packages/minibot_interfaces-0.0.0-py3.10.egg-info/PKG-INFO
[0.380s] -- Installing: /home/han/Desktop/Han_ws/10.minibot/install/minibot_interfaces/local/lib/python3.10/dist-packages/minibot_interfaces-0.0.0-py3.10.egg-info/top_level.txt
[0.380s] -- Installing: /home/han/Desktop/Han_ws/10.minibot/install/minibot_interfaces/local/lib/python3.10/dist-packages/minibot_interfaces-0.0.0-py3.10.egg-info/SOURCES.txt
[0.380s] -- Installing: /home/han/Desktop/Han_ws/10.minibot/install/minibot_interfaces/local/lib/python3.10/dist-packages/minibot_interfaces
[0.380s] -- Installing: /home/han/Desktop/Han_ws/10.minibot/install/minibot_interfaces/local/lib/python3.10/dist-packages/minibot_interfaces/_minibot_interfaces_s.ep.rosidl_typesupport_fastrtps_c.c
[0.380s] -- Installing: /home/han/Desktop/Han_ws/10.minibot/install/minibot_interfaces/local/lib/python3.10/dist-packages/minibot_interfaces/minibot_interfaces_s__rosidl_typesupport_fastrtps_c.cpython-310-x86_64-linux-gnu.so
[0.380s] -- Installing: /home/han/Desktop/Han_ws/10.minibot/install/minibot_interfaces/local/lib/python3.10/dist-packages/minibot_interfaces/__init__.py
[0.380s] -- Installing: /home/han/Desktop/Han_ws/10.minibot/install/minibot_interfaces/local/lib/python3.10/dist-packages/minibot_interfaces/_minibot_interfaces_s.ep.rosidl_typesupport_c.c
[0.380s] -- Installing: /home/han/Desktop/Han_ws/10.minibot/install/minibot_interfaces/local/lib/python3.10/dist-packages/minibot_interfaces/_minibot_interfaces_s.ep.rosidl_typesupport_introspection_c.c
[0.380s] -- Installing: /home/han/Desktop/Han_ws/10.minibot/install/minibot_interfaces/local/lib/python3.10/dist-packages/minibot_interfaces/minibot_interfaces_s__rosidl_typesupport_c.cpython-310-x86_64-linux-gnu.so
[0.380s] -- Installing: /home/han/Desktop/Han_ws/10.minibot/install/minibot_interfaces/local/lib/python3.10/dist-packages/minibot_interfaces/libminibot_interfaces__rosidl_generator_py.so
[0.380s] -- Installing: /home/han/Desktop/Han_ws/10.minibot/install/minibot_interfaces/local/lib/python3.10/dist-packages/minibot_interfaces/minibot_interfaces_s__rosidl_typesupport_introspection_c.cpython-310-x86_64-linux-gnu.so
[0.380s] -- Installing: /home/han/Desktop/Han_ws/10.minibot/install/minibot_interfaces/local/lib/python3.10/dist-packages/minibot_interfaces/msg
[0.380s] -- Installing: /home/han/Desktop/Han_ws/10.minibot/install/minibot_interfaces/local/lib/python3.10/dist-packages/minibot_interfaces/msg/_lamp_command.py
[0.381s] -- Installing: /home/han/Desktop/Han_ws/10.minibot/install/minibot_interfaces/local/lib/python3.10/dist-packages/minibot_interfaces/msg/__init__.py
[0.381s] -- Installing: /home/han/Desktop/Han_ws/10.minibot/install/minibot_interfaces/local/lib/python3.10/dist-packages/minibot_interfaces/msg/_robot_state_s.c
[0.381s] -- Installing: /home/han/Desktop/Han_ws/10.minibot/install/minibot_interfaces/local/lib/python3.10/dist-packages/minibot_interfaces/msg/_lamp_command_s.c
[0.381s] -- Installing: /home/han/Desktop/Han_ws/10.minibot/install/minibot_interfaces/local/lib/python3.10/dist-packages/minibot_interfaces/msg/_robot_state.py
[0.406s] Listing '/home/han/Desktop/Han_ws/10.minibot/install/minibot_interfaces/local/lib/python3.10/dist-packages/minibot_interfaces'...
[0.406s] Compiling '/home/han/Desktop/Han_ws/10.minibot/install/minibot_interfaces/local/lib/python3.10/dist-packages/minibot_interfaces/__init__.py'...
[0.406s] Listing '/home/han/Desktop/Han_ws/10.minibot/install/minibot_interfaces/local/lib/python3.10/dist-packages/minibot_interfaces/msg'...
[0.406s] Compiling '/home/han/Desktop/Han_ws/10.minibot/install/minibot_interfaces/local/lib/python3.10/dist-packages/minibot_interfaces/msg/__init__.py'...
[0.406s] Compiling '/home/han/Desktop/Han_ws/10.minibot/install/minibot_interfaces/local/lib/python3.10/dist-packages/minibot_interfaces/msg/_lamp_command.py'...
[0.406s] Compiling '/home/han/Desktop/Han_ws/10.minibot/install/minibot_interfaces/local/lib/python3.10/dist-packages/minibot_interfaces/msg/_robot_state.py'...
[0.409s] -- Installing: /home/han/Desktop/Han_ws/10.minibot/install/minibot_interfaces/local/lib/python3.10/dist-packages/minibot_interfaces/minibot_interfaces_s__rosidl_typesupport_fastrtps_c.cpython-310-x86_64-linux-gnu.so
[0.410s] -- Set runtime path of "/home/han/Desktop/Han_ws/10.minibot/install/minibot_interfaces/local/lib/python3.10/dist-packages/minibot_interfaces/minibot_interfaces_s__rosidl_typesupport_fastrtps_c.cpython-310-x86_64-linux-gnu.so" to ""
[0.410s] -- Installing: /home/han/Desktop/Han_ws/10.minibot/install/minibot_interfaces/local/lib/python3.10/dist-packages/minibot_interfaces/minibot_interfaces_s__rosidl_typesupport_introspection_c.cpython-310-x86_64-linux-gnu.so
[0.410s] -- Set runtime path of "/home/han/Desktop/Han_ws/10.minibot/install/minibot_interfaces/local/lib/python3.10/dist-packages/minibot_interfaces/minibot_interfaces_s__rosidl_typesupport_introspection_c.cpython-310-x86_64-linux-gnu.so" to ""
[0.410s] -- Installing: /home/han/Desktop/Han_ws/10.minibot/install/minibot_interfaces/local/lib/python3.10/dist-packages/minibot_interfaces/minibot_interfaces_s__rosidl_typesupport_c.cpython-310-x86_64-linux-gnu.so
[0.410s] -- Set runtime path of "/home/han/Desktop/Han_ws/10.minibot/install/minibot_interfaces/local/lib/python3.10/dist-packages/minibot_interfaces/minibot_interfaces_s__rosidl_typesupport_c.cpython-310-x86_64-linux-gnu.so" to ""
[0.410s] -- Installing: /home/han/Desktop/Han_ws/10.minibot/install/minibot_interfaces/lib/libminibot_interfaces__rosidl_generator_py.so
[0.410s] -- Set runtime path of "/home/han/Desktop/Han_ws/10.minibot/install/minibot_interfaces/lib/libminibot_interfaces__rosidl_generator_py.so" to ""
[0.410s] -- Installing: /home/han/Desktop/Han_ws/10.minibot/install/minibot_interfaces/share/minibot_interfaces/msg/LampCommand.idl
[0.410s] -- Installing: /home/han/Desktop/Han_ws/10.minibot/install/minibot_interfaces/share/minibot_interfaces/msg/RobotState.idl
[0.410s] -- Installing: /home/han/Desktop/Han_ws/10.minibot/install/minibot_interfaces/share/minibot_interfaces/msg/LampCommand.msg
[0.411s] -- Installing: /home/han/Desktop/Han_ws/10.minibot/install/minibot_interfaces/share/minibot_interfaces/msg/RobotState.msg
[0.411s] -- Installing: /home/han/Desktop/Han_ws/10.minibot/install/minibot_interfaces/share/ament_index/resource_index/package_run_dependencies/minibot_interfaces
[0.411s] -- Installing: /home/han/Desktop/Han_ws/10.minibot/install/minibot_interfaces/share/ament_index/resource_index/parent_prefix_path/minibot_interfaces
[0.411s] -- Installing: /home/han/Desktop/Han_ws/10.minibot/install/minibot_interfaces/share/minibot_interfaces/environment/ament_prefix_path.sh
[0.411s] -- Installing: /home/han/Desktop/Han_ws/10.minibot/install/minibot_interfaces/share/minibot_interfaces/environment/ament_prefix_path.dsv
[0.411s] -- Installing: /home/han/Desktop/Han_ws/10.minibot/install/minibot_interfaces/share/minibot_interfaces/environment/path.sh
[0.411s] -- Installing: /home/han/Desktop/Han_ws/10.minibot/install/minibot_interfaces/share/minibot_interfaces/environment/path.dsv
[0.411s] -- Installing: /home/han/Desktop/Han_ws/10.minibot/install/minibot_interfaces/share/minibot_interfaces/local_setup.bash
[0.411s] -- Installing: /home/han/Desktop/Han_ws/10.minibot/install/minibot_interfaces/share/minibot_interfaces/local_setup.sh
[0.411s] -- Installing: /home/han/Desktop/Han_ws/10.minibot/install/minibot_interfaces/share/minibot_interfaces/local_setup.zsh
[0.411s] -- Installing: /home/han/Desktop/Han_ws/10.minibot/install/minibot_interfaces/share/minibot_interfaces/local_setup.dsv
[0.411s] -- Installing: /home/han/Desktop/Han_ws/10.minibot/install/minibot_interfaces/share/minibot_interfaces/package.dsv
[0.412s] -- Installing: /home/han/Desktop/Han_ws/10.minibot/install/minibot_interfaces/share/ament_index/resource_index/packages/minibot_interfaces
[0.412s] -- Installing: /home/han/Desktop/Han_ws/10.minibot/install/minibot_interfaces/share/minibot_interfaces/cmake/export_minibot_interfaces__rosidl_generator_cExport.cmake
[0.412s] -- Installing: /home/han/Desktop/Han_ws/10.minibot/install/minibot_interfaces/share/minibot_interfaces/cmake/export_minibot_interfaces__rosidl_generator_cExport-noconfig.cmake
[0.412s] -- Installing: /home/han/Desktop/Han_ws/10.minibot/install/minibot_interfaces/share/minibot_interfaces/cmake/export_minibot_interfaces__rosidl_typesupport_fastrtps_cExport.cmake
[0.412s] -- Installing: /home/han/Desktop/Han_ws/10.minibot/install/minibot_interfaces/share/minibot_interfaces/cmake/export_minibot_interfaces__rosidl_typesupport_fastrtps_cExport-noconfig.cmake
[0.412s] -- Installing: /home/han/Desktop/Han_ws/10.minibot/install/minibot_interfaces/share/minibot_interfaces/cmake/export_minibot_interfaces__rosidl_generator_cppExport.cmake
[0.412s] -- Installing: /home/han/Desktop/Han_ws/10.minibot/install/minibot_interfaces/share/minibot_interfaces/cmake/export_minibot_interfaces__rosidl_typesupport_fastrtps_cppExport.cmake
[0.412s] -- Installing: /home/han/Desktop/Han_ws/10.minibot/install/minibot_interfaces/share/minibot_interfaces/cmake/export_minibot_interfaces__rosidl_typesupport_fastrtps_cppExport-noconfig.cmake
[0.412s] -- Installing: /home/han/Desktop/Han_ws/10.minibot/install/minibot_interfaces/share/minibot_interfaces/cmake/minibot_interfaces__rosidl_typesupport_introspection_cExport.cmake
[0.412s] -- Installing: /home/han/Desktop/Han_ws/10.minibot/install/minibot_interfaces/share/minibot_interfaces/cmake/minibot_interfaces__rosidl_typesupport_introspection_cExport-noconfig.cmake
[0.412s] -- Installing: /home/han/Desktop/Han_ws/10.minibot/install/minibot_interfaces/share/minibot_interfaces/cmake/minibot_interfaces__rosidl_typesupport_cExport.cmake
[0.413s] -- Installing: /home/han/Desktop/Han_ws/10.minibot/install/minibot_interfaces/share/minibot_interfaces/cmake/minibot_interfaces__rosidl_typesupport_cExport-noconfig.cmake
[0.413s] -- Installing: /home/han/Desktop/Han_ws/10.minibot/install/minibot_interfaces/share/minibot_interfaces/cmake/minibot_interfaces__rosidl_typesupport_introspection_cppExport.cmake
[0.413s] -- Installing: /home/han/Desktop/Han_ws/10.minibot/install/minibot_interfaces/share/minibot_interfaces/cmake/minibot_interfaces__rosidl_typesupport_introspection_cppExport-noconfig.cmake
[0.413s] -- Installing: /home/han/Desktop/Han_ws/10.minibot/install/minibot_interfaces/share/minibot_interfaces/cmake/minibot_interfaces__rosidl_typesupport_cppExport.cmake
[0.413s] -- Installing: /home/han/Desktop/Han_ws/10.minibot/install/minibot_interfaces/share/minibot_interfaces/cmake/minibot_interfaces__rosidl_typesupport_cppExport-noconfig.cmake
[0.413s] -- Installing: /home/han/Desktop/Han_ws/10.minibot/install/minibot_interfaces/share/minibot_interfaces/cmake/export_minibot_interfaces__rosidl_generator_pyExport.cmake
[0.413s] -- Installing: /home/han/Desktop/Han_ws/10.minibot/install/minibot_interfaces/share/minibot_interfaces/cmake/export_minibot_interfaces__rosidl_generator_pyExport-noconfig.cmake
[0.413s] -- Installing: /home/han/Desktop/Han_ws/10.minibot/install/minibot_interfaces/share/minibot_interfaces/cmake/rosidl_cmake-extras.cmake
[0.413s] -- Installing: /home/han/Desktop/Han_ws/10.minibot/install/minibot_interfaces/share/minibot_interfaces/cmake/ament_cmake_export_dependencies-extras.cmake
[0.413s] -- Installing: /home/han/Desktop/Han_ws/10.minibot/install/minibot_interfaces/share/minibot_interfaces/cmake/ament_cmake_export_include_directories-extras.cmake
[0.413s] -- Installing: /home/han/Desktop/Han_ws/10.minibot/install/minibot_interfaces/share/minibot_interfaces/cmake/ament_cmake_export_libraries-extras.cmake
[0.414s] -- Installing: /home/han/Desktop/Han_ws/10.minibot/install/minibot_interfaces/share/minibot_interfaces/cmake/ament_cmake_export_targets-extras.cmake
[0.414s] -- Installing: /home/han/Desktop/Han_ws/10.minibot/install/minibot_interfaces/share/minibot_interfaces/cmake/rosidl_cmake_export_typesupport_targets-extras.cmake
[0.414s] -- Installing: /home/han/Desktop/Han_ws/10.minibot/install/minibot_interfaces/share/minibot_interfaces/cmake/rosidl_cmake_export_typesupport_libraries-extras.cmake
[0.414s] -- Installing: /home/han/Desktop/Han_ws/10.minibot/install/minibot_interfaces/share/minibot_interfaces/cmake/minibot_interfacesConfig.cmake
[0.414s] -- Installing: /home/han/Desktop/Han_ws/10.minibot/install/minibot_interfaces/share/minibot_interfaces/cmake/minibot_interfacesConfig-version.cmake
[0.414s] -- Installing: /home/han/Desktop/Han_ws/10.minibot/install/minibot_interfaces/share/minibot_interfaces/package.xml
[0.416s] Invoked command in '/home/han/Desktop/Han_ws/10.minibot/build/minibot_interfaces' returned '0': CMAKE_PREFIX_PATH=/opt/ros/humble /usr/bin/cmake --install /home/han/Desktop/Han_ws/10.minibot/build/minibot_interfaces
