[0.014s] Invoking command in '/home/han/Desktop/Han_ws/10.minibot/build/minibot_interfaces': CMAKE_PREFIX_PATH=/opt/ros/humble /usr/bin/cmake /home/han/Desktop/Han_ws/10.minibot/src/pinklab_minibot_robot/minibot_interfaces -DCMAKE_INSTALL_PREFIX=/home/han/Desktop/Han_ws/10.minibot/install/minibot_interfaces
[0.027s] -- Found ament_cmake: 1.3.9 (/opt/ros/humble/share/ament_cmake/cmake)
[0.153s] -- Found Python3: /usr/bin/python3 (found version "3.10.12") found components: Interpreter 
[0.237s] -- Found std_msgs: 4.2.4 (/opt/ros/humble/share/std_msgs/cmake)
[0.278s] -- Found rosidl_generator_c: 3.1.5 (/opt/ros/humble/share/rosidl_generator_c/cmake)
[0.283s] -- Found rosidl_adapter: 3.1.5 (/opt/ros/humble/share/rosidl_adapter/cmake)
[0.294s] -- Found rosidl_generator_cpp: 3.1.5 (/opt/ros/humble/share/rosidl_generator_cpp/cmake)
[0.311s] -- Using all available rosidl_typesupport_c: rosidl_typesupport_fastrtps_c;rosidl_typesupport_introspection_c
[0.326s] -- Using all available rosidl_typesupport_cpp: rosidl_typesupport_fastrtps_cpp;rosidl_typesupport_introspection_cpp
[0.375s] -- Found rosidl_default_generators: 1.2.0 (/opt/ros/humble/share/rosidl_default_generators/cmake)
[0.596s] -- Found ament_cmake_ros: 0.10.0 (/opt/ros/humble/share/ament_cmake_ros/cmake)
[0.870s] -- Using all available rosidl_typesupport_c: rosidl_typesupport_fastrtps_c;rosidl_typesupport_introspection_c
[0.992s] -- Using all available rosidl_typesupport_cpp: rosidl_typesupport_fastrtps_cpp;rosidl_typesupport_introspection_cpp
[1.014s] -- Found PythonInterp: /usr/bin/python3 (found suitable version "3.10.12", minimum required is "3.6") 
[1.015s] -- Found python_cmake_module: 0.10.0 (/opt/ros/humble/share/python_cmake_module/cmake)
[1.041s] -- Found PythonLibs: /usr/lib/x86_64-linux-gnu/libpython3.10.so (found suitable version "3.10.12", minimum required is "3.5") 
[1.041s] -- Using PYTHON_EXECUTABLE: /usr/bin/python3
[1.042s] -- Using PYTHON_INCLUDE_DIRS: /usr/include/python3.10
[1.042s] -- Using PYTHON_LIBRARIES: /usr/lib/x86_64-linux-gnu/libpython3.10.so
[1.059s] -- Found PythonExtra: .so  
[1.099s] -- Found ament_lint_auto: 0.12.11 (/opt/ros/humble/share/ament_lint_auto/cmake)
[1.115s] -- Added test 'lint_cmake' to check CMake code style
[1.115s] -- Added test 'xmllint' to check XML markup files
[1.117s] -- Configuring done
[1.154s] -- Generating done
[1.156s] -- Build files have been written to: /home/han/Desktop/Han_ws/10.minibot/build/minibot_interfaces
[1.164s] Invoked command in '/home/han/Desktop/Han_ws/10.minibot/build/minibot_interfaces' returned '0': CMAKE_PREFIX_PATH=/opt/ros/humble /usr/bin/cmake /home/han/Desktop/Han_ws/10.minibot/src/pinklab_minibot_robot/minibot_interfaces -DCMAKE_INSTALL_PREFIX=/home/han/Desktop/Han_ws/10.minibot/install/minibot_interfaces
[1.165s] Invoking command in '/home/han/Desktop/Han_ws/10.minibot/build/minibot_interfaces': CMAKE_PREFIX_PATH=/opt/ros/humble /usr/bin/cmake --build /home/han/Desktop/Han_ws/10.minibot/build/minibot_interfaces -- -j12 -l12
[1.193s] [  2%] [34m[1mGenerating C code for ROS interfaces[0m
[1.201s] [  5%] [34m[1mGenerating C++ code for ROS interfaces[0m
[1.207s] [  5%] Built target ament_cmake_python_copy_minibot_interfaces
[1.447s] [  5%] Built target minibot_interfaces__cpp
[1.451s] running egg_info
[1.452s] creating minibot_interfaces.egg-info
[1.452s] writing minibot_interfaces.egg-info/PKG-INFO
[1.452s] writing dependency_links to minibot_interfaces.egg-info/dependency_links.txt
[1.452s] writing top-level names to minibot_interfaces.egg-info/top_level.txt
[1.453s] writing manifest file 'minibot_interfaces.egg-info/SOURCES.txt'
[1.456s] [ 10%] [34m[1mGenerating C++ type support for eProsima Fast-RTPS[0m
[1.456s] [ 10%] [34m[1mGenerating C++ introspection for ROS interfaces[0m
[1.459s] [ 12%] [34m[1mGenerating C++ type support dispatch for ROS interfaces[0m
[1.460s] reading manifest file 'minibot_interfaces.egg-info/SOURCES.txt'
[1.460s] writing manifest file 'minibot_interfaces.egg-info/SOURCES.txt'
[1.494s] [ 12%] Built target ament_cmake_python_build_minibot_interfaces_egg
[1.598s] [ 15%] [32mBuilding C object CMakeFiles/minibot_interfaces__rosidl_generator_c.dir/rosidl_generator_c/minibot_interfaces/msg/detail/lamp_command__functions.c.o[0m
[1.601s] [ 17%] [32mBuilding C object CMakeFiles/minibot_interfaces__rosidl_generator_c.dir/rosidl_generator_c/minibot_interfaces/msg/detail/robot_state__functions.c.o[0m
[1.644s] [ 20%] [32m[1mLinking C shared library libminibot_interfaces__rosidl_generator_c.so[0m
[1.673s] [ 20%] Built target minibot_interfaces__rosidl_generator_c
[1.682s] [ 25%] [34m[1mGenerating C type support for eProsima Fast-RTPS[0m
[1.682s] [ 25%] [34m[1mGenerating C introspection for ROS interfaces[0m
[1.684s] [ 28%] [34m[1mGenerating C type support dispatch for ROS interfaces[0m
[1.696s] [ 33%] [32mBuilding CXX object CMakeFiles/minibot_interfaces__rosidl_typesupport_introspection_cpp.dir/rosidl_typesupport_introspection_cpp/minibot_interfaces/msg/detail/lamp_command__type_support.cpp.o[0m
[1.696s] [ 33%] [32mBuilding CXX object CMakeFiles/minibot_interfaces__rosidl_typesupport_introspection_cpp.dir/rosidl_typesupport_introspection_cpp/minibot_interfaces/msg/detail/robot_state__type_support.cpp.o[0m
[1.724s] [ 35%] [32mBuilding CXX object CMakeFiles/minibot_interfaces__rosidl_typesupport_fastrtps_cpp.dir/rosidl_typesupport_fastrtps_cpp/minibot_interfaces/msg/detail/dds_fastrtps/robot_state__type_support.cpp.o[0m
[1.725s] [ 38%] [32mBuilding CXX object CMakeFiles/minibot_interfaces__rosidl_typesupport_fastrtps_cpp.dir/rosidl_typesupport_fastrtps_cpp/minibot_interfaces/msg/detail/dds_fastrtps/lamp_command__type_support.cpp.o[0m
[1.751s] [ 41%] [32mBuilding CXX object CMakeFiles/minibot_interfaces__rosidl_typesupport_cpp.dir/rosidl_typesupport_cpp/minibot_interfaces/msg/robot_state__type_support.cpp.o[0m
[1.751s] [ 43%] [32mBuilding CXX object CMakeFiles/minibot_interfaces__rosidl_typesupport_cpp.dir/rosidl_typesupport_cpp/minibot_interfaces/msg/lamp_command__type_support.cpp.o[0m
[2.051s] [ 46%] [32mBuilding CXX object CMakeFiles/minibot_interfaces__rosidl_typesupport_c.dir/rosidl_typesupport_c/minibot_interfaces/msg/robot_state__type_support.cpp.o[0m
[2.052s] [ 48%] [32mBuilding CXX object CMakeFiles/minibot_interfaces__rosidl_typesupport_c.dir/rosidl_typesupport_c/minibot_interfaces/msg/lamp_command__type_support.cpp.o[0m
[2.113s] [ 51%] [32m[1mLinking CXX shared library libminibot_interfaces__rosidl_typesupport_c.so[0m
[2.135s] [ 53%] [32m[1mLinking CXX shared library libminibot_interfaces__rosidl_typesupport_cpp.so[0m
[2.152s] [ 58%] [32mBuilding C object CMakeFiles/minibot_interfaces__rosidl_typesupport_introspection_c.dir/rosidl_typesupport_introspection_c/minibot_interfaces/msg/detail/lamp_command__type_support.c.o[0m
[2.152s] [ 58%] [32mBuilding C object CMakeFiles/minibot_interfaces__rosidl_typesupport_introspection_c.dir/rosidl_typesupport_introspection_c/minibot_interfaces/msg/detail/robot_state__type_support.c.o[0m
[2.166s] [ 64%] [32mBuilding CXX object CMakeFiles/minibot_interfaces__rosidl_typesupport_fastrtps_c.dir/rosidl_typesupport_fastrtps_c/minibot_interfaces/msg/detail/lamp_command__type_support_c.cpp.o[0m
[2.167s] [ 64%] [32mBuilding CXX object CMakeFiles/minibot_interfaces__rosidl_typesupport_fastrtps_c.dir/rosidl_typesupport_fastrtps_c/minibot_interfaces/msg/detail/robot_state__type_support_c.cpp.o[0m
[2.181s] [ 64%] Built target minibot_interfaces__rosidl_typesupport_c
[2.198s] [ 66%] [32m[1mLinking C shared library libminibot_interfaces__rosidl_typesupport_introspection_c.so[0m
[2.209s] [ 66%] Built target minibot_interfaces__rosidl_typesupport_cpp
[2.222s] [ 69%] [32m[1mLinking CXX shared library libminibot_interfaces__rosidl_typesupport_introspection_cpp.so[0m
[2.228s] [ 69%] Built target minibot_interfaces__rosidl_typesupport_introspection_c
[2.285s] [ 71%] [32m[1mLinking CXX shared library libminibot_interfaces__rosidl_typesupport_fastrtps_cpp.so[0m
[2.296s] [ 71%] Built target minibot_interfaces__rosidl_typesupport_introspection_cpp
[2.376s] [ 71%] Built target minibot_interfaces__rosidl_typesupport_fastrtps_cpp
[2.509s] [ 74%] [32m[1mLinking CXX shared library libminibot_interfaces__rosidl_typesupport_fastrtps_c.so[0m
[2.582s] [ 74%] Built target minibot_interfaces__rosidl_typesupport_fastrtps_c
[2.596s] [ 74%] Built target minibot_interfaces
[2.612s] [ 76%] [34m[1mGenerating Python code for ROS interfaces[0m
[2.917s] [ 76%] Built target minibot_interfaces__py
[2.932s] [ 82%] [32mBuilding C object CMakeFiles/minibot_interfaces__rosidl_generator_py.dir/rosidl_generator_py/minibot_interfaces/msg/_robot_state_s.c.o[0m
[2.932s] [ 82%] [32mBuilding C object CMakeFiles/minibot_interfaces__rosidl_generator_py.dir/rosidl_generator_py/minibot_interfaces/msg/_lamp_command_s.c.o[0m
[3.027s] [ 84%] [32m[1mLinking C shared library rosidl_generator_py/minibot_interfaces/libminibot_interfaces__rosidl_generator_py.so[0m
[3.059s] [ 84%] Built target minibot_interfaces__rosidl_generator_py
[3.077s] [ 92%] [32mBuilding C object CMakeFiles/minibot_interfaces__rosidl_typesupport_introspection_c__pyext.dir/rosidl_generator_py/minibot_interfaces/_minibot_interfaces_s.ep.rosidl_typesupport_introspection_c.c.o[0m
[3.077s] [ 92%] [32mBuilding C object CMakeFiles/minibot_interfaces__rosidl_typesupport_fastrtps_c__pyext.dir/rosidl_generator_py/minibot_interfaces/_minibot_interfaces_s.ep.rosidl_typesupport_fastrtps_c.c.o[0m
[3.077s] [ 92%] [32mBuilding C object CMakeFiles/minibot_interfaces__rosidl_typesupport_c__pyext.dir/rosidl_generator_py/minibot_interfaces/_minibot_interfaces_s.ep.rosidl_typesupport_c.c.o[0m
[3.160s] [100%] [32m[1mLinking C shared library rosidl_generator_py/minibot_interfaces/minibot_interfaces_s__rosidl_typesupport_introspection_c.cpython-310-x86_64-linux-gnu.so[0m
[3.160s] [100%] [32m[1mLinking C shared library rosidl_generator_py/minibot_interfaces/minibot_interfaces_s__rosidl_typesupport_c.cpython-310-x86_64-linux-gnu.so[0m
[3.160s] [100%] [32m[1mLinking C shared library rosidl_generator_py/minibot_interfaces/minibot_interfaces_s__rosidl_typesupport_fastrtps_c.cpython-310-x86_64-linux-gnu.so[0m
[3.190s] [100%] Built target minibot_interfaces__rosidl_typesupport_fastrtps_c__pyext
[3.190s] [100%] Built target minibot_interfaces__rosidl_typesupport_introspection_c__pyext
[3.190s] [100%] Built target minibot_interfaces__rosidl_typesupport_c__pyext
