[0.008s] Invoking command in '/home/han/Desktop/Han_ws/09.ROS/build/my_first_package_msgs': CMAKE_PREFIX_PATH=${CMAKE_PREFIX_PATH}:/home/han/Desktop/Han_ws/09.ROS/install/my_first_package:/opt/ros/humble /usr/bin/cmake --build /home/han/Desktop/Han_ws/09.ROS/build/my_first_package_msgs -- -j12 -l12
[0.026s] -- Found ament_cmake: 1.3.9 (/opt/ros/humble/share/ament_cmake/cmake)
[0.120s] -- Found rosidl_default_generators: 1.2.0 (/opt/ros/humble/share/rosidl_default_generators/cmake)
[0.122s] -- Using all available rosidl_typesupport_c: rosidl_typesupport_fastrtps_c;rosidl_typesupport_introspection_c
[0.124s] -- Found rosidl_adapter: 3.1.5 (/opt/ros/humble/share/rosidl_adapter/cmake)
[0.148s] -- Using all available rosidl_typesupport_cpp: rosidl_typesupport_fastrtps_cpp;rosidl_typesupport_introspection_cpp
[0.362s] -- Found ament_cmake_ros: 0.10.0 (/opt/ros/humble/share/ament_cmake_ros/cmake)
[0.510s] -- Using all available rosidl_typesupport_c: rosidl_typesupport_fastrtps_c;rosidl_typesupport_introspection_c
[0.688s] -- Using all available rosidl_typesupport_cpp: rosidl_typesupport_fastrtps_cpp;rosidl_typesupport_introspection_cpp
[0.705s] -- Found python_cmake_module: 0.10.0 (/opt/ros/humble/share/python_cmake_module/cmake)
[0.723s] -- Using PYTHON_EXECUTABLE: /usr/bin/python3
[0.723s] -- Using PYTHON_INCLUDE_DIRS: /usr/include/python3.10
[0.723s] -- Using PYTHON_LIBRARIES: /usr/lib/x86_64-linux-gnu/libpython3.10.so
[0.731s] -- Found ament_lint_auto: 0.12.11 (/opt/ros/humble/share/ament_lint_auto/cmake)
[0.741s] -- Added test 'lint_cmake' to check CMake code style
[0.742s] -- Added test 'xmllint' to check XML markup files
[0.744s] -- Configuring done
[0.778s] -- Generating done
[0.782s] -- Build files have been written to: /home/han/Desktop/Han_ws/09.ROS/build/my_first_package_msgs
[0.817s] [35m[1mConsolidate compiler generated dependencies of target my_first_package_msgs__rosidl_generator_c[0m
[0.825s] [  2%] Built target my_first_package_msgs__cpp
[0.826s] [ 12%] Built target my_first_package_msgs__rosidl_generator_c
[0.836s] [35m[1mConsolidate compiler generated dependencies of target my_first_package_msgs__rosidl_typesupport_c[0m
[0.836s] [35m[1mConsolidate compiler generated dependencies of target my_first_package_msgs__rosidl_typesupport_introspection_cpp[0m
[0.836s] [35m[1mConsolidate compiler generated dependencies of target my_first_package_msgs__rosidl_typesupport_fastrtps_cpp[0m
[0.836s] [35m[1mConsolidate compiler generated dependencies of target my_first_package_msgs__rosidl_typesupport_cpp[0m
[0.837s] [ 12%] Built target ament_cmake_python_copy_my_first_package_msgs
[0.838s] [35m[1mConsolidate compiler generated dependencies of target my_first_package_msgs__rosidl_typesupport_introspection_c[0m
[0.838s] [35m[1mConsolidate compiler generated dependencies of target my_first_package_msgs__rosidl_typesupport_fastrtps_c[0m
[0.855s] [ 23%] Built target my_first_package_msgs__rosidl_typesupport_introspection_cpp
[0.855s] [ 46%] Built target my_first_package_msgs__rosidl_typesupport_fastrtps_cpp
[0.855s] [ 48%] Built target my_first_package_msgs__rosidl_typesupport_introspection_c
[0.856s] [ 53%] Built target my_first_package_msgs__rosidl_typesupport_c
[0.857s] [ 64%] Built target my_first_package_msgs__rosidl_typesupport_cpp
[0.860s] [ 74%] Built target my_first_package_msgs__rosidl_typesupport_fastrtps_c
[0.877s] [ 74%] Built target my_first_package_msgs
[0.894s] [ 76%] Built target my_first_package_msgs__py
[0.902s] [35m[1mConsolidate compiler generated dependencies of target my_first_package_msgs__rosidl_generator_py[0m
[0.916s] [ 84%] Built target my_first_package_msgs__rosidl_generator_py
[0.925s] [35m[1mConsolidate compiler generated dependencies of target my_first_package_msgs__rosidl_typesupport_introspection_c__pyext[0m
[0.925s] [35m[1mConsolidate compiler generated dependencies of target my_first_package_msgs__rosidl_typesupport_fastrtps_c__pyext[0m
[0.925s] [35m[1mConsolidate compiler generated dependencies of target my_first_package_msgs__rosidl_typesupport_c__pyext[0m
[0.936s] [100%] Built target my_first_package_msgs__rosidl_typesupport_fastrtps_c__pyext
[0.936s] [100%] Built target my_first_package_msgs__rosidl_typesupport_c__pyext
[0.936s] [100%] Built target my_first_package_msgs__rosidl_typesupport_introspection_c__pyext
[1.072s] running egg_info
[1.072s] writing my_first_package_msgs.egg-info/PKG-INFO
[1.072s] writing dependency_links to my_first_package_msgs.egg-info/dependency_links.txt
[1.073s] writing top-level names to my_first_package_msgs.egg-info/top_level.txt
[1.074s] reading manifest file 'my_first_package_msgs.egg-info/SOURCES.txt'
[1.075s] writing manifest file 'my_first_package_msgs.egg-info/SOURCES.txt'
[1.094s] [100%] Built target ament_cmake_python_build_my_first_package_msgs_egg
[1.102s] Invoked command in '/home/han/Desktop/Han_ws/09.ROS/build/my_first_package_msgs' returned '0': CMAKE_PREFIX_PATH=${CMAKE_PREFIX_PATH}:/home/han/Desktop/Han_ws/09.ROS/install/my_first_package:/opt/ros/humble /usr/bin/cmake --build /home/han/Desktop/Han_ws/09.ROS/build/my_first_package_msgs -- -j12 -l12
[1.162s] Invoking command in '/home/han/Desktop/Han_ws/09.ROS/build/my_first_package_msgs': CMAKE_PREFIX_PATH=${CMAKE_PREFIX_PATH}:/home/han/Desktop/Han_ws/09.ROS/install/my_first_package:/opt/ros/humble /usr/bin/cmake --install /home/han/Desktop/Han_ws/09.ROS/build/my_first_package_msgs
[1.169s] -- Install configuration: ""
[1.169s] -- Up-to-date: /home/han/Desktop/Han_ws/09.ROS/install/my_first_package_msgs/share/ament_index/resource_index/rosidl_interfaces/my_first_package_msgs
[1.169s] -- Up-to-date: /home/han/Desktop/Han_ws/09.ROS/install/my_first_package_msgs/include/my_first_package_msgs/my_first_package_msgs
[1.169s] -- Up-to-date: /home/han/Desktop/Han_ws/09.ROS/install/my_first_package_msgs/include/my_first_package_msgs/my_first_package_msgs/srv
[1.169s] -- Up-to-date: /home/han/Desktop/Han_ws/09.ROS/install/my_first_package_msgs/include/my_first_package_msgs/my_first_package_msgs/srv/detail
[1.169s] -- Up-to-date: /home/han/Desktop/Han_ws/09.ROS/install/my_first_package_msgs/include/my_first_package_msgs/my_first_package_msgs/srv/detail/multi_spawn__struct.h
[1.169s] -- Up-to-date: /home/han/Desktop/Han_ws/09.ROS/install/my_first_package_msgs/include/my_first_package_msgs/my_first_package_msgs/srv/detail/multi_spawn__type_support.h
[1.169s] -- Up-to-date: /home/han/Desktop/Han_ws/09.ROS/install/my_first_package_msgs/include/my_first_package_msgs/my_first_package_msgs/srv/detail/multi_spawn__functions.h
[1.169s] -- Up-to-date: /home/han/Desktop/Han_ws/09.ROS/install/my_first_package_msgs/include/my_first_package_msgs/my_first_package_msgs/srv/detail/multi_spawn__functions.c
[1.169s] -- Up-to-date: /home/han/Desktop/Han_ws/09.ROS/install/my_first_package_msgs/include/my_first_package_msgs/my_first_package_msgs/srv/multi_spawn.h
[1.169s] -- Up-to-date: /home/han/Desktop/Han_ws/09.ROS/install/my_first_package_msgs/include/my_first_package_msgs/my_first_package_msgs/msg
[1.169s] -- Up-to-date: /home/han/Desktop/Han_ws/09.ROS/install/my_first_package_msgs/include/my_first_package_msgs/my_first_package_msgs/msg/rosidl_generator_c__visibility_control.h
[1.169s] -- Up-to-date: /home/han/Desktop/Han_ws/09.ROS/install/my_first_package_msgs/include/my_first_package_msgs/my_first_package_msgs/msg/detail
[1.170s] -- Up-to-date: /home/han/Desktop/Han_ws/09.ROS/install/my_first_package_msgs/include/my_first_package_msgs/my_first_package_msgs/msg/detail/cmd_and_pose_vel__functions.h
[1.170s] -- Up-to-date: /home/han/Desktop/Han_ws/09.ROS/install/my_first_package_msgs/include/my_first_package_msgs/my_first_package_msgs/msg/detail/cmd_and_pose_vel__type_support.h
[1.170s] -- Up-to-date: /home/han/Desktop/Han_ws/09.ROS/install/my_first_package_msgs/include/my_first_package_msgs/my_first_package_msgs/msg/detail/cmd_and_pose_vel__struct.h
[1.170s] -- Up-to-date: /home/han/Desktop/Han_ws/09.ROS/install/my_first_package_msgs/include/my_first_package_msgs/my_first_package_msgs/msg/detail/cmd_and_pose_vel__functions.c
[1.170s] -- Up-to-date: /home/han/Desktop/Han_ws/09.ROS/install/my_first_package_msgs/include/my_first_package_msgs/my_first_package_msgs/msg/cmd_and_pose_vel.h
[1.170s] -- Up-to-date: /home/han/Desktop/Han_ws/09.ROS/install/my_first_package_msgs/share/my_first_package_msgs/environment/library_path.sh
[1.170s] -- Installing: /home/han/Desktop/Han_ws/09.ROS/install/my_first_package_msgs/share/my_first_package_msgs/environment/library_path.dsv
[1.170s] -- Up-to-date: /home/han/Desktop/Han_ws/09.ROS/install/my_first_package_msgs/lib/libmy_first_package_msgs__rosidl_generator_c.so
[1.170s] -- Up-to-date: /home/han/Desktop/Han_ws/09.ROS/install/my_first_package_msgs/include/my_first_package_msgs/my_first_package_msgs
[1.170s] -- Up-to-date: /home/han/Desktop/Han_ws/09.ROS/install/my_first_package_msgs/include/my_first_package_msgs/my_first_package_msgs/srv
[1.170s] -- Up-to-date: /home/han/Desktop/Han_ws/09.ROS/install/my_first_package_msgs/include/my_first_package_msgs/my_first_package_msgs/srv/detail
[1.170s] -- Up-to-date: /home/han/Desktop/Han_ws/09.ROS/install/my_first_package_msgs/include/my_first_package_msgs/my_first_package_msgs/srv/detail/multi_spawn__rosidl_typesupport_fastrtps_c.h
[1.170s] -- Up-to-date: /home/han/Desktop/Han_ws/09.ROS/install/my_first_package_msgs/include/my_first_package_msgs/my_first_package_msgs/msg
[1.170s] -- Up-to-date: /home/han/Desktop/Han_ws/09.ROS/install/my_first_package_msgs/include/my_first_package_msgs/my_first_package_msgs/msg/detail
[1.171s] -- Up-to-date: /home/han/Desktop/Han_ws/09.ROS/install/my_first_package_msgs/include/my_first_package_msgs/my_first_package_msgs/msg/detail/cmd_and_pose_vel__rosidl_typesupport_fastrtps_c.h
[1.171s] -- Up-to-date: /home/han/Desktop/Han_ws/09.ROS/install/my_first_package_msgs/include/my_first_package_msgs/my_first_package_msgs/msg/rosidl_typesupport_fastrtps_c__visibility_control.h
[1.171s] -- Up-to-date: /home/han/Desktop/Han_ws/09.ROS/install/my_first_package_msgs/lib/libmy_first_package_msgs__rosidl_typesupport_fastrtps_c.so
[1.171s] -- Up-to-date: /home/han/Desktop/Han_ws/09.ROS/install/my_first_package_msgs/include/my_first_package_msgs/my_first_package_msgs
[1.171s] -- Up-to-date: /home/han/Desktop/Han_ws/09.ROS/install/my_first_package_msgs/include/my_first_package_msgs/my_first_package_msgs/srv
[1.171s] -- Up-to-date: /home/han/Desktop/Han_ws/09.ROS/install/my_first_package_msgs/include/my_first_package_msgs/my_first_package_msgs/srv/detail
[1.171s] -- Up-to-date: /home/han/Desktop/Han_ws/09.ROS/install/my_first_package_msgs/include/my_first_package_msgs/my_first_package_msgs/srv/detail/multi_spawn__rosidl_typesupport_introspection_c.h
[1.171s] -- Up-to-date: /home/han/Desktop/Han_ws/09.ROS/install/my_first_package_msgs/include/my_first_package_msgs/my_first_package_msgs/srv/detail/multi_spawn__type_support.c
[1.171s] -- Up-to-date: /home/han/Desktop/Han_ws/09.ROS/install/my_first_package_msgs/include/my_first_package_msgs/my_first_package_msgs/msg
[1.171s] -- Up-to-date: /home/han/Desktop/Han_ws/09.ROS/install/my_first_package_msgs/include/my_first_package_msgs/my_first_package_msgs/msg/rosidl_typesupport_introspection_c__visibility_control.h
[1.171s] -- Up-to-date: /home/han/Desktop/Han_ws/09.ROS/install/my_first_package_msgs/include/my_first_package_msgs/my_first_package_msgs/msg/detail
[1.171s] -- Up-to-date: /home/han/Desktop/Han_ws/09.ROS/install/my_first_package_msgs/include/my_first_package_msgs/my_first_package_msgs/msg/detail/cmd_and_pose_vel__rosidl_typesupport_introspection_c.h
[1.171s] -- Up-to-date: /home/han/Desktop/Han_ws/09.ROS/install/my_first_package_msgs/include/my_first_package_msgs/my_first_package_msgs/msg/detail/cmd_and_pose_vel__type_support.c
[1.171s] -- Up-to-date: /home/han/Desktop/Han_ws/09.ROS/install/my_first_package_msgs/lib/libmy_first_package_msgs__rosidl_typesupport_introspection_c.so
[1.171s] -- Up-to-date: /home/han/Desktop/Han_ws/09.ROS/install/my_first_package_msgs/lib/libmy_first_package_msgs__rosidl_typesupport_c.so
[1.171s] -- Up-to-date: /home/han/Desktop/Han_ws/09.ROS/install/my_first_package_msgs/include/my_first_package_msgs/my_first_package_msgs
[1.172s] -- Up-to-date: /home/han/Desktop/Han_ws/09.ROS/install/my_first_package_msgs/include/my_first_package_msgs/my_first_package_msgs/srv
[1.172s] -- Up-to-date: /home/han/Desktop/Han_ws/09.ROS/install/my_first_package_msgs/include/my_first_package_msgs/my_first_package_msgs/srv/detail
[1.172s] -- Up-to-date: /home/han/Desktop/Han_ws/09.ROS/install/my_first_package_msgs/include/my_first_package_msgs/my_first_package_msgs/srv/detail/multi_spawn__struct.hpp
[1.172s] -- Up-to-date: /home/han/Desktop/Han_ws/09.ROS/install/my_first_package_msgs/include/my_first_package_msgs/my_first_package_msgs/srv/detail/multi_spawn__traits.hpp
[1.172s] -- Up-to-date: /home/han/Desktop/Han_ws/09.ROS/install/my_first_package_msgs/include/my_first_package_msgs/my_first_package_msgs/srv/detail/multi_spawn__builder.hpp
[1.172s] -- Up-to-date: /home/han/Desktop/Han_ws/09.ROS/install/my_first_package_msgs/include/my_first_package_msgs/my_first_package_msgs/srv/multi_spawn.hpp
[1.172s] -- Up-to-date: /home/han/Desktop/Han_ws/09.ROS/install/my_first_package_msgs/include/my_first_package_msgs/my_first_package_msgs/msg
[1.172s] -- Up-to-date: /home/han/Desktop/Han_ws/09.ROS/install/my_first_package_msgs/include/my_first_package_msgs/my_first_package_msgs/msg/cmd_and_pose_vel.hpp
[1.172s] -- Up-to-date: /home/han/Desktop/Han_ws/09.ROS/install/my_first_package_msgs/include/my_first_package_msgs/my_first_package_msgs/msg/detail
[1.172s] -- Up-to-date: /home/han/Desktop/Han_ws/09.ROS/install/my_first_package_msgs/include/my_first_package_msgs/my_first_package_msgs/msg/detail/cmd_and_pose_vel__struct.hpp
[1.172s] -- Up-to-date: /home/han/Desktop/Han_ws/09.ROS/install/my_first_package_msgs/include/my_first_package_msgs/my_first_package_msgs/msg/detail/cmd_and_pose_vel__builder.hpp
[1.172s] -- Up-to-date: /home/han/Desktop/Han_ws/09.ROS/install/my_first_package_msgs/include/my_first_package_msgs/my_first_package_msgs/msg/detail/cmd_and_pose_vel__traits.hpp
[1.172s] -- Up-to-date: /home/han/Desktop/Han_ws/09.ROS/install/my_first_package_msgs/include/my_first_package_msgs/my_first_package_msgs
[1.172s] -- Up-to-date: /home/han/Desktop/Han_ws/09.ROS/install/my_first_package_msgs/include/my_first_package_msgs/my_first_package_msgs/srv
[1.172s] -- Up-to-date: /home/han/Desktop/Han_ws/09.ROS/install/my_first_package_msgs/include/my_first_package_msgs/my_first_package_msgs/srv/detail
[1.172s] -- Up-to-date: /home/han/Desktop/Han_ws/09.ROS/install/my_first_package_msgs/include/my_first_package_msgs/my_first_package_msgs/srv/detail/multi_spawn__rosidl_typesupport_fastrtps_cpp.hpp
[1.172s] -- Up-to-date: /home/han/Desktop/Han_ws/09.ROS/install/my_first_package_msgs/include/my_first_package_msgs/my_first_package_msgs/srv/detail/dds_fastrtps
[1.173s] -- Up-to-date: /home/han/Desktop/Han_ws/09.ROS/install/my_first_package_msgs/include/my_first_package_msgs/my_first_package_msgs/msg
[1.173s] -- Up-to-date: /home/han/Desktop/Han_ws/09.ROS/install/my_first_package_msgs/include/my_first_package_msgs/my_first_package_msgs/msg/rosidl_typesupport_fastrtps_cpp__visibility_control.h
[1.173s] -- Up-to-date: /home/han/Desktop/Han_ws/09.ROS/install/my_first_package_msgs/include/my_first_package_msgs/my_first_package_msgs/msg/detail
[1.173s] -- Up-to-date: /home/han/Desktop/Han_ws/09.ROS/install/my_first_package_msgs/include/my_first_package_msgs/my_first_package_msgs/msg/detail/cmd_and_pose_vel__rosidl_typesupport_fastrtps_cpp.hpp
[1.173s] -- Up-to-date: /home/han/Desktop/Han_ws/09.ROS/install/my_first_package_msgs/include/my_first_package_msgs/my_first_package_msgs/msg/detail/dds_fastrtps
[1.173s] -- Up-to-date: /home/han/Desktop/Han_ws/09.ROS/install/my_first_package_msgs/lib/libmy_first_package_msgs__rosidl_typesupport_fastrtps_cpp.so
[1.173s] -- Up-to-date: /home/han/Desktop/Han_ws/09.ROS/install/my_first_package_msgs/include/my_first_package_msgs/my_first_package_msgs
[1.173s] -- Up-to-date: /home/han/Desktop/Han_ws/09.ROS/install/my_first_package_msgs/include/my_first_package_msgs/my_first_package_msgs/srv
[1.173s] -- Up-to-date: /home/han/Desktop/Han_ws/09.ROS/install/my_first_package_msgs/include/my_first_package_msgs/my_first_package_msgs/srv/detail
[1.173s] -- Up-to-date: /home/han/Desktop/Han_ws/09.ROS/install/my_first_package_msgs/include/my_first_package_msgs/my_first_package_msgs/srv/detail/multi_spawn__rosidl_typesupport_introspection_cpp.hpp
[1.173s] -- Up-to-date: /home/han/Desktop/Han_ws/09.ROS/install/my_first_package_msgs/include/my_first_package_msgs/my_first_package_msgs/srv/detail/multi_spawn__type_support.cpp
[1.173s] -- Up-to-date: /home/han/Desktop/Han_ws/09.ROS/install/my_first_package_msgs/include/my_first_package_msgs/my_first_package_msgs/msg
[1.173s] -- Up-to-date: /home/han/Desktop/Han_ws/09.ROS/install/my_first_package_msgs/include/my_first_package_msgs/my_first_package_msgs/msg/detail
[1.173s] -- Up-to-date: /home/han/Desktop/Han_ws/09.ROS/install/my_first_package_msgs/include/my_first_package_msgs/my_first_package_msgs/msg/detail/cmd_and_pose_vel__rosidl_typesupport_introspection_cpp.hpp
[1.173s] -- Up-to-date: /home/han/Desktop/Han_ws/09.ROS/install/my_first_package_msgs/include/my_first_package_msgs/my_first_package_msgs/msg/detail/cmd_and_pose_vel__type_support.cpp
[1.173s] -- Up-to-date: /home/han/Desktop/Han_ws/09.ROS/install/my_first_package_msgs/lib/libmy_first_package_msgs__rosidl_typesupport_introspection_cpp.so
[1.173s] -- Up-to-date: /home/han/Desktop/Han_ws/09.ROS/install/my_first_package_msgs/lib/libmy_first_package_msgs__rosidl_typesupport_cpp.so
[1.173s] -- Up-to-date: /home/han/Desktop/Han_ws/09.ROS/install/my_first_package_msgs/share/my_first_package_msgs/environment/pythonpath.sh
[1.173s] -- Installing: /home/han/Desktop/Han_ws/09.ROS/install/my_first_package_msgs/share/my_first_package_msgs/environment/pythonpath.dsv
[1.174s] -- Up-to-date: /home/han/Desktop/Han_ws/09.ROS/install/my_first_package_msgs/local/lib/python3.10/dist-packages/my_first_package_msgs-0.0.0-py3.10.egg-info
[1.174s] -- Installing: /home/han/Desktop/Han_ws/09.ROS/install/my_first_package_msgs/local/lib/python3.10/dist-packages/my_first_package_msgs-0.0.0-py3.10.egg-info/dependency_links.txt
[1.174s] -- Installing: /home/han/Desktop/Han_ws/09.ROS/install/my_first_package_msgs/local/lib/python3.10/dist-packages/my_first_package_msgs-0.0.0-py3.10.egg-info/PKG-INFO
[1.174s] -- Installing: /home/han/Desktop/Han_ws/09.ROS/install/my_first_package_msgs/local/lib/python3.10/dist-packages/my_first_package_msgs-0.0.0-py3.10.egg-info/top_level.txt
[1.174s] -- Installing: /home/han/Desktop/Han_ws/09.ROS/install/my_first_package_msgs/local/lib/python3.10/dist-packages/my_first_package_msgs-0.0.0-py3.10.egg-info/SOURCES.txt
[1.174s] -- Up-to-date: /home/han/Desktop/Han_ws/09.ROS/install/my_first_package_msgs/local/lib/python3.10/dist-packages/my_first_package_msgs
[1.174s] -- Installing: /home/han/Desktop/Han_ws/09.ROS/install/my_first_package_msgs/local/lib/python3.10/dist-packages/my_first_package_msgs/__init__.py
[1.174s] -- Up-to-date: /home/han/Desktop/Han_ws/09.ROS/install/my_first_package_msgs/local/lib/python3.10/dist-packages/my_first_package_msgs/_my_first_package_msgs_s.ep.rosidl_typesupport_introspection_c.c
[1.174s] -- Up-to-date: /home/han/Desktop/Han_ws/09.ROS/install/my_first_package_msgs/local/lib/python3.10/dist-packages/my_first_package_msgs/my_first_package_msgs_s__rosidl_typesupport_introspection_c.cpython-310-x86_64-linux-gnu.so
[1.174s] -- Up-to-date: /home/han/Desktop/Han_ws/09.ROS/install/my_first_package_msgs/local/lib/python3.10/dist-packages/my_first_package_msgs/srv
[1.174s] -- Up-to-date: /home/han/Desktop/Han_ws/09.ROS/install/my_first_package_msgs/local/lib/python3.10/dist-packages/my_first_package_msgs/srv/__init__.py
[1.174s] -- Up-to-date: /home/han/Desktop/Han_ws/09.ROS/install/my_first_package_msgs/local/lib/python3.10/dist-packages/my_first_package_msgs/srv/_multi_spawn.py
[1.174s] -- Up-to-date: /home/han/Desktop/Han_ws/09.ROS/install/my_first_package_msgs/local/lib/python3.10/dist-packages/my_first_package_msgs/srv/_multi_spawn_s.c
[1.174s] -- Up-to-date: /home/han/Desktop/Han_ws/09.ROS/install/my_first_package_msgs/local/lib/python3.10/dist-packages/my_first_package_msgs/my_first_package_msgs_s__rosidl_typesupport_fastrtps_c.cpython-310-x86_64-linux-gnu.so
[1.174s] -- Up-to-date: /home/han/Desktop/Han_ws/09.ROS/install/my_first_package_msgs/local/lib/python3.10/dist-packages/my_first_package_msgs/_my_first_package_msgs_s.ep.rosidl_typesupport_c.c
[1.174s] -- Up-to-date: /home/han/Desktop/Han_ws/09.ROS/install/my_first_package_msgs/local/lib/python3.10/dist-packages/my_first_package_msgs/my_first_package_msgs_s__rosidl_typesupport_c.cpython-310-x86_64-linux-gnu.so
[1.174s] -- Up-to-date: /home/han/Desktop/Han_ws/09.ROS/install/my_first_package_msgs/local/lib/python3.10/dist-packages/my_first_package_msgs/_my_first_package_msgs_s.ep.rosidl_typesupport_fastrtps_c.c
[1.174s] -- Up-to-date: /home/han/Desktop/Han_ws/09.ROS/install/my_first_package_msgs/local/lib/python3.10/dist-packages/my_first_package_msgs/libmy_first_package_msgs__rosidl_generator_py.so
[1.175s] -- Up-to-date: /home/han/Desktop/Han_ws/09.ROS/install/my_first_package_msgs/local/lib/python3.10/dist-packages/my_first_package_msgs/msg
[1.175s] -- Up-to-date: /home/han/Desktop/Han_ws/09.ROS/install/my_first_package_msgs/local/lib/python3.10/dist-packages/my_first_package_msgs/msg/__init__.py
[1.175s] -- Up-to-date: /home/han/Desktop/Han_ws/09.ROS/install/my_first_package_msgs/local/lib/python3.10/dist-packages/my_first_package_msgs/msg/_cmd_and_pose_vel_s.c
[1.175s] -- Up-to-date: /home/han/Desktop/Han_ws/09.ROS/install/my_first_package_msgs/local/lib/python3.10/dist-packages/my_first_package_msgs/msg/_cmd_and_pose_vel.py
[1.199s] Listing '/home/han/Desktop/Han_ws/09.ROS/install/my_first_package_msgs/local/lib/python3.10/dist-packages/my_first_package_msgs'...
[1.199s] Compiling '/home/han/Desktop/Han_ws/09.ROS/install/my_first_package_msgs/local/lib/python3.10/dist-packages/my_first_package_msgs/__init__.py'...
[1.199s] Listing '/home/han/Desktop/Han_ws/09.ROS/install/my_first_package_msgs/local/lib/python3.10/dist-packages/my_first_package_msgs/msg'...
[1.199s] Listing '/home/han/Desktop/Han_ws/09.ROS/install/my_first_package_msgs/local/lib/python3.10/dist-packages/my_first_package_msgs/srv'...
[1.203s] -- Up-to-date: /home/han/Desktop/Han_ws/09.ROS/install/my_first_package_msgs/local/lib/python3.10/dist-packages/my_first_package_msgs/my_first_package_msgs_s__rosidl_typesupport_fastrtps_c.cpython-310-x86_64-linux-gnu.so
[1.203s] -- Up-to-date: /home/han/Desktop/Han_ws/09.ROS/install/my_first_package_msgs/local/lib/python3.10/dist-packages/my_first_package_msgs/my_first_package_msgs_s__rosidl_typesupport_introspection_c.cpython-310-x86_64-linux-gnu.so
[1.203s] -- Up-to-date: /home/han/Desktop/Han_ws/09.ROS/install/my_first_package_msgs/local/lib/python3.10/dist-packages/my_first_package_msgs/my_first_package_msgs_s__rosidl_typesupport_c.cpython-310-x86_64-linux-gnu.so
[1.203s] -- Up-to-date: /home/han/Desktop/Han_ws/09.ROS/install/my_first_package_msgs/lib/libmy_first_package_msgs__rosidl_generator_py.so
[1.204s] -- Up-to-date: /home/han/Desktop/Han_ws/09.ROS/install/my_first_package_msgs/share/my_first_package_msgs/msg/CmdAndPoseVel.idl
[1.204s] -- Up-to-date: /home/han/Desktop/Han_ws/09.ROS/install/my_first_package_msgs/share/my_first_package_msgs/srv/MultiSpawn.idl
[1.204s] -- Up-to-date: /home/han/Desktop/Han_ws/09.ROS/install/my_first_package_msgs/share/my_first_package_msgs/msg/CmdAndPoseVel.msg
[1.204s] -- Up-to-date: /home/han/Desktop/Han_ws/09.ROS/install/my_first_package_msgs/share/my_first_package_msgs/srv/MultiSpawn.srv
[1.204s] -- Up-to-date: /home/han/Desktop/Han_ws/09.ROS/install/my_first_package_msgs/share/my_first_package_msgs/srv/MultiSpawn_Request.msg
[1.204s] -- Up-to-date: /home/han/Desktop/Han_ws/09.ROS/install/my_first_package_msgs/share/my_first_package_msgs/srv/MultiSpawn_Response.msg
[1.204s] -- Installing: /home/han/Desktop/Han_ws/09.ROS/install/my_first_package_msgs/share/ament_index/resource_index/package_run_dependencies/my_first_package_msgs
[1.205s] -- Up-to-date: /home/han/Desktop/Han_ws/09.ROS/install/my_first_package_msgs/share/ament_index/resource_index/parent_prefix_path/my_first_package_msgs
[1.205s] -- Up-to-date: /home/han/Desktop/Han_ws/09.ROS/install/my_first_package_msgs/share/my_first_package_msgs/environment/ament_prefix_path.sh
[1.205s] -- Installing: /home/han/Desktop/Han_ws/09.ROS/install/my_first_package_msgs/share/my_first_package_msgs/environment/ament_prefix_path.dsv
[1.205s] -- Up-to-date: /home/han/Desktop/Han_ws/09.ROS/install/my_first_package_msgs/share/my_first_package_msgs/environment/path.sh
[1.205s] -- Installing: /home/han/Desktop/Han_ws/09.ROS/install/my_first_package_msgs/share/my_first_package_msgs/environment/path.dsv
[1.205s] -- Up-to-date: /home/han/Desktop/Han_ws/09.ROS/install/my_first_package_msgs/share/my_first_package_msgs/local_setup.bash
[1.205s] -- Up-to-date: /home/han/Desktop/Han_ws/09.ROS/install/my_first_package_msgs/share/my_first_package_msgs/local_setup.sh
[1.205s] -- Up-to-date: /home/han/Desktop/Han_ws/09.ROS/install/my_first_package_msgs/share/my_first_package_msgs/local_setup.zsh
[1.205s] -- Installing: /home/han/Desktop/Han_ws/09.ROS/install/my_first_package_msgs/share/my_first_package_msgs/local_setup.dsv
[1.205s] -- Installing: /home/han/Desktop/Han_ws/09.ROS/install/my_first_package_msgs/share/my_first_package_msgs/package.dsv
[1.205s] -- Up-to-date: /home/han/Desktop/Han_ws/09.ROS/install/my_first_package_msgs/share/ament_index/resource_index/packages/my_first_package_msgs
[1.205s] -- Up-to-date: /home/han/Desktop/Han_ws/09.ROS/install/my_first_package_msgs/share/my_first_package_msgs/cmake/export_my_first_package_msgs__rosidl_generator_cExport.cmake
[1.205s] -- Up-to-date: /home/han/Desktop/Han_ws/09.ROS/install/my_first_package_msgs/share/my_first_package_msgs/cmake/export_my_first_package_msgs__rosidl_generator_cExport-noconfig.cmake
[1.205s] -- Up-to-date: /home/han/Desktop/Han_ws/09.ROS/install/my_first_package_msgs/share/my_first_package_msgs/cmake/export_my_first_package_msgs__rosidl_typesupport_fastrtps_cExport.cmake
[1.205s] -- Up-to-date: /home/han/Desktop/Han_ws/09.ROS/install/my_first_package_msgs/share/my_first_package_msgs/cmake/export_my_first_package_msgs__rosidl_typesupport_fastrtps_cExport-noconfig.cmake
[1.205s] -- Up-to-date: /home/han/Desktop/Han_ws/09.ROS/install/my_first_package_msgs/share/my_first_package_msgs/cmake/my_first_package_msgs__rosidl_typesupport_introspection_cExport.cmake
[1.205s] -- Up-to-date: /home/han/Desktop/Han_ws/09.ROS/install/my_first_package_msgs/share/my_first_package_msgs/cmake/my_first_package_msgs__rosidl_typesupport_introspection_cExport-noconfig.cmake
[1.206s] -- Up-to-date: /home/han/Desktop/Han_ws/09.ROS/install/my_first_package_msgs/share/my_first_package_msgs/cmake/my_first_package_msgs__rosidl_typesupport_cExport.cmake
[1.206s] -- Up-to-date: /home/han/Desktop/Han_ws/09.ROS/install/my_first_package_msgs/share/my_first_package_msgs/cmake/my_first_package_msgs__rosidl_typesupport_cExport-noconfig.cmake
[1.206s] -- Up-to-date: /home/han/Desktop/Han_ws/09.ROS/install/my_first_package_msgs/share/my_first_package_msgs/cmake/export_my_first_package_msgs__rosidl_generator_cppExport.cmake
[1.206s] -- Up-to-date: /home/han/Desktop/Han_ws/09.ROS/install/my_first_package_msgs/share/my_first_package_msgs/cmake/export_my_first_package_msgs__rosidl_typesupport_fastrtps_cppExport.cmake
[1.206s] -- Up-to-date: /home/han/Desktop/Han_ws/09.ROS/install/my_first_package_msgs/share/my_first_package_msgs/cmake/export_my_first_package_msgs__rosidl_typesupport_fastrtps_cppExport-noconfig.cmake
[1.206s] -- Up-to-date: /home/han/Desktop/Han_ws/09.ROS/install/my_first_package_msgs/share/my_first_package_msgs/cmake/my_first_package_msgs__rosidl_typesupport_introspection_cppExport.cmake
[1.206s] -- Up-to-date: /home/han/Desktop/Han_ws/09.ROS/install/my_first_package_msgs/share/my_first_package_msgs/cmake/my_first_package_msgs__rosidl_typesupport_introspection_cppExport-noconfig.cmake
[1.206s] -- Up-to-date: /home/han/Desktop/Han_ws/09.ROS/install/my_first_package_msgs/share/my_first_package_msgs/cmake/my_first_package_msgs__rosidl_typesupport_cppExport.cmake
[1.206s] -- Up-to-date: /home/han/Desktop/Han_ws/09.ROS/install/my_first_package_msgs/share/my_first_package_msgs/cmake/my_first_package_msgs__rosidl_typesupport_cppExport-noconfig.cmake
[1.206s] -- Up-to-date: /home/han/Desktop/Han_ws/09.ROS/install/my_first_package_msgs/share/my_first_package_msgs/cmake/export_my_first_package_msgs__rosidl_generator_pyExport.cmake
[1.206s] -- Up-to-date: /home/han/Desktop/Han_ws/09.ROS/install/my_first_package_msgs/share/my_first_package_msgs/cmake/export_my_first_package_msgs__rosidl_generator_pyExport-noconfig.cmake
[1.206s] -- Up-to-date: /home/han/Desktop/Han_ws/09.ROS/install/my_first_package_msgs/share/my_first_package_msgs/cmake/rosidl_cmake-extras.cmake
[1.206s] -- Up-to-date: /home/han/Desktop/Han_ws/09.ROS/install/my_first_package_msgs/share/my_first_package_msgs/cmake/ament_cmake_export_include_directories-extras.cmake
[1.206s] -- Up-to-date: /home/han/Desktop/Han_ws/09.ROS/install/my_first_package_msgs/share/my_first_package_msgs/cmake/ament_cmake_export_libraries-extras.cmake
[1.206s] -- Up-to-date: /home/han/Desktop/Han_ws/09.ROS/install/my_first_package_msgs/share/my_first_package_msgs/cmake/ament_cmake_export_targets-extras.cmake
[1.206s] -- Up-to-date: /home/han/Desktop/Han_ws/09.ROS/install/my_first_package_msgs/share/my_first_package_msgs/cmake/rosidl_cmake_export_typesupport_targets-extras.cmake
[1.206s] -- Up-to-date: /home/han/Desktop/Han_ws/09.ROS/install/my_first_package_msgs/share/my_first_package_msgs/cmake/ament_cmake_export_dependencies-extras.cmake
[1.207s] -- Up-to-date: /home/han/Desktop/Han_ws/09.ROS/install/my_first_package_msgs/share/my_first_package_msgs/cmake/rosidl_cmake_export_typesupport_libraries-extras.cmake
[1.207s] -- Up-to-date: /home/han/Desktop/Han_ws/09.ROS/install/my_first_package_msgs/share/my_first_package_msgs/cmake/my_first_package_msgsConfig.cmake
[1.207s] -- Up-to-date: /home/han/Desktop/Han_ws/09.ROS/install/my_first_package_msgs/share/my_first_package_msgs/cmake/my_first_package_msgsConfig-version.cmake
[1.207s] -- Installing: /home/han/Desktop/Han_ws/09.ROS/install/my_first_package_msgs/share/my_first_package_msgs/package.xml
[1.208s] Invoked command in '/home/han/Desktop/Han_ws/09.ROS/build/my_first_package_msgs' returned '0': CMAKE_PREFIX_PATH=${CMAKE_PREFIX_PATH}:/home/han/Desktop/Han_ws/09.ROS/install/my_first_package:/opt/ros/humble /usr/bin/cmake --install /home/han/Desktop/Han_ws/09.ROS/build/my_first_package_msgs
