[0.012s] Invoking command in '/home/han/Desktop/Han_ws/10.minibot/build/minibot_hardware_interface': CMAKE_PREFIX_PATH=/opt/ros/humble /usr/bin/cmake --build /home/han/Desktop/Han_ws/10.minibot/build/minibot_hardware_interface -- -j12 -l12
[0.056s] [ 50%] [32mBuilding CXX object CMakeFiles/minibot_hardware_interface.dir/src/minibot_system.cpp.o[0m
[3.029s] [100%] [32m[1mLinking CXX shared library libminibot_hardware_interface.so[0m
[3.182s] [100%] Built target minibot_hardware_interface
[3.191s] Invoked command in '/home/han/Desktop/Han_ws/10.minibot/build/minibot_hardware_interface' returned '0': CMAKE_PREFIX_PATH=/opt/ros/humble /usr/bin/cmake --build /home/han/Desktop/Han_ws/10.minibot/build/minibot_hardware_interface -- -j12 -l12
[3.211s] Invoking command in '/home/han/Desktop/Han_ws/10.minibot/build/minibot_hardware_interface': CMAKE_PREFIX_PATH=/opt/ros/humble /usr/bin/cmake --install /home/han/Desktop/Han_ws/10.minibot/build/minibot_hardware_interface
[3.217s] -- Install configuration: ""
[3.217s] -- Installing: /home/han/Desktop/Han_ws/10.minibot/install/minibot_hardware_interface/share/minibot_hardware_interface/minibot_hardware.xml
[3.217s] -- Installing: /home/han/Desktop/Han_ws/10.minibot/install/minibot_hardware_interface/lib/libminibot_hardware_interface.so
[3.218s] -- Set runtime path of "/home/han/Desktop/Han_ws/10.minibot/install/minibot_hardware_interface/lib/libminibot_hardware_interface.so" to ""
[3.218s] -- Installing: /home/han/Desktop/Han_ws/10.minibot/install/minibot_hardware_interface/include
[3.218s] -- Installing: /home/han/Desktop/Han_ws/10.minibot/install/minibot_hardware_interface/include/minibot_hardware_interface
[3.218s] -- Installing: /home/han/Desktop/Han_ws/10.minibot/install/minibot_hardware_interface/include/minibot_hardware_interface/minibot_system.hpp
[3.218s] -- Installing: /home/han/Desktop/Han_ws/10.minibot/install/minibot_hardware_interface/share/minibot_hardware_interface/environment/library_path.sh
[3.218s] -- Installing: /home/han/Desktop/Han_ws/10.minibot/install/minibot_hardware_interface/share/minibot_hardware_interface/environment/library_path.dsv
[3.218s] -- Installing: /home/han/Desktop/Han_ws/10.minibot/install/minibot_hardware_interface/share/ament_index/resource_index/package_run_dependencies/minibot_hardware_interface
[3.218s] -- Installing: /home/han/Desktop/Han_ws/10.minibot/install/minibot_hardware_interface/share/ament_index/resource_index/parent_prefix_path/minibot_hardware_interface
[3.218s] -- Installing: /home/han/Desktop/Han_ws/10.minibot/install/minibot_hardware_interface/share/minibot_hardware_interface/environment/ament_prefix_path.sh
[3.218s] -- Installing: /home/han/Desktop/Han_ws/10.minibot/install/minibot_hardware_interface/share/minibot_hardware_interface/environment/ament_prefix_path.dsv
[3.219s] -- Installing: /home/han/Desktop/Han_ws/10.minibot/install/minibot_hardware_interface/share/minibot_hardware_interface/environment/path.sh
[3.219s] -- Installing: /home/han/Desktop/Han_ws/10.minibot/install/minibot_hardware_interface/share/minibot_hardware_interface/environment/path.dsv
[3.219s] -- Installing: /home/han/Desktop/Han_ws/10.minibot/install/minibot_hardware_interface/share/minibot_hardware_interface/local_setup.bash
[3.219s] -- Installing: /home/han/Desktop/Han_ws/10.minibot/install/minibot_hardware_interface/share/minibot_hardware_interface/local_setup.sh
[3.219s] -- Installing: /home/han/Desktop/Han_ws/10.minibot/install/minibot_hardware_interface/share/minibot_hardware_interface/local_setup.zsh
[3.219s] -- Installing: /home/han/Desktop/Han_ws/10.minibot/install/minibot_hardware_interface/share/minibot_hardware_interface/local_setup.dsv
[3.219s] -- Installing: /home/han/Desktop/Han_ws/10.minibot/install/minibot_hardware_interface/share/minibot_hardware_interface/package.dsv
[3.219s] -- Installing: /home/han/Desktop/Han_ws/10.minibot/install/minibot_hardware_interface/share/ament_index/resource_index/packages/minibot_hardware_interface
[3.219s] -- Installing: /home/han/Desktop/Han_ws/10.minibot/install/minibot_hardware_interface/share/ament_index/resource_index/hardware_interface__pluginlib__plugin/minibot_hardware_interface
[3.219s] -- Installing: /home/han/Desktop/Han_ws/10.minibot/install/minibot_hardware_interface/share/minibot_hardware_interface/cmake/ament_cmake_export_include_directories-extras.cmake
[3.219s] -- Installing: /home/han/Desktop/Han_ws/10.minibot/install/minibot_hardware_interface/share/minibot_hardware_interface/cmake/ament_cmake_export_libraries-extras.cmake
[3.219s] -- Installing: /home/han/Desktop/Han_ws/10.minibot/install/minibot_hardware_interface/share/minibot_hardware_interface/cmake/ament_cmake_export_dependencies-extras.cmake
[3.220s] -- Installing: /home/han/Desktop/Han_ws/10.minibot/install/minibot_hardware_interface/share/minibot_hardware_interface/cmake/minibot_hardware_interfaceConfig.cmake
[3.220s] -- Installing: /home/han/Desktop/Han_ws/10.minibot/install/minibot_hardware_interface/share/minibot_hardware_interface/cmake/minibot_hardware_interfaceConfig-version.cmake
[3.220s] -- Installing: /home/han/Desktop/Han_ws/10.minibot/install/minibot_hardware_interface/share/minibot_hardware_interface/package.xml
[3.222s] Invoked command in '/home/han/Desktop/Han_ws/10.minibot/build/minibot_hardware_interface' returned '0': CMAKE_PREFIX_PATH=/opt/ros/humble /usr/bin/cmake --install /home/han/Desktop/Han_ws/10.minibot/build/minibot_hardware_interface
