[0.013s] Invoking command in '/home/han/Desktop/Han_ws/10.minibot/build/minibot_hardware_interface': CMAKE_PREFIX_PATH=/opt/ros/humble /usr/bin/cmake /home/han/Desktop/Han_ws/10.minibot/src/pinklab_minibot_robot/minibot_hardware_interface -DCMAKE_INSTALL_PREFIX=/home/han/Desktop/Han_ws/10.minibot/install/minibot_hardware_interface
[0.024s] -- Found ament_cmake: 1.3.9 (/opt/ros/humble/share/ament_cmake/cmake)
[0.150s] -- Found Python3: /usr/bin/python3 (found version "3.10.12") found components: Interpreter 
[0.230s] -- Found hardware_interface: 2.41.0 (/opt/ros/humble/share/hardware_interface/cmake)
[0.268s] -- Found rosidl_generator_c: 3.1.5 (/opt/ros/humble/share/rosidl_generator_c/cmake)
[0.272s] -- Found rosidl_adapter: 3.1.5 (/opt/ros/humble/share/rosidl_adapter/cmake)
[0.281s] -- Found rosidl_generator_cpp: 3.1.5 (/opt/ros/humble/share/rosidl_generator_cpp/cmake)
[0.294s] -- Using all available rosidl_typesupport_c: rosidl_typesupport_fastrtps_c;rosidl_typesupport_introspection_c
[0.313s] -- Using all available rosidl_typesupport_cpp: rosidl_typesupport_fastrtps_cpp;rosidl_typesupport_introspection_cpp
[0.888s] -- Found rmw_implementation_cmake: 6.1.2 (/opt/ros/humble/share/rmw_implementation_cmake/cmake)
[0.890s] -- Found rmw_fastrtps_cpp: 6.2.6 (/opt/ros/humble/share/rmw_fastrtps_cpp/cmake)
[0.922s] -- Found TinyXML2 via Config file: TinyXML2_DIR-NOTFOUND
[0.960s] -- Found OpenSSL: /usr/lib/x86_64-linux-gnu/libcrypto.so (found version "3.0.2")  
[0.964s] -- Found TinyXML2 via Config file: TinyXML2_DIR-NOTFOUND
[0.983s] -- Found FastRTPS: /opt/ros/humble/include  
[0.994s] -- Found TinyXML2 via Config file: TinyXML2_DIR-NOTFOUND
[1.001s] -- Found TinyXML2 via Config file: TinyXML2_DIR-NOTFOUND
[1.011s] -- Using RMW implementation 'rmw_fastrtps_cpp' as default
[1.022s] -- Looking for pthread.h
[1.087s] -- Looking for pthread.h - found
[1.087s] -- Performing Test CMAKE_HAVE_LIBC_PTHREAD
[1.147s] -- Performing Test CMAKE_HAVE_LIBC_PTHREAD - Success
[1.148s] -- Found Threads: TRUE  
[1.317s] -- Found PkgConfig: /usr/bin/pkg-config (found version "0.29.2") 
[1.317s] -- Checking for module 'libserial'
[1.319s] --   No package 'libserial' found
[1.371s] -- Found ament_lint_auto: 0.12.11 (/opt/ros/humble/share/ament_lint_auto/cmake)
[1.443s] -- Added test 'copyright' to check source files copyright and LICENSE
[1.443s] -- Added test 'cppcheck' to perform static code analysis on C / C++ code
[1.443s] -- Configured cppcheck include dirs: /home/han/Desktop/Han_ws/10.minibot/src/pinklab_minibot_robot/minibot_hardware_interface/include
[1.444s] -- Configured cppcheck exclude dirs and/or files: 
[1.444s] -- Added test 'cpplint' to check C / C++ code against the Google style
[1.444s] -- Configured cpplint exclude dirs and/or files: 
[1.445s] -- Added test 'lint_cmake' to check CMake code style
[1.445s] -- Added test 'uncrustify' to check C / C++ code style
[1.445s] -- Configured uncrustify additional arguments: 
[1.446s] -- Added test 'xmllint' to check XML markup files
[1.447s] -- Configuring done
[1.494s] -- Generating done
[1.496s] -- Build files have been written to: /home/han/Desktop/Han_ws/10.minibot/build/minibot_hardware_interface
[1.510s] Invoked command in '/home/han/Desktop/Han_ws/10.minibot/build/minibot_hardware_interface' returned '0': CMAKE_PREFIX_PATH=/opt/ros/humble /usr/bin/cmake /home/han/Desktop/Han_ws/10.minibot/src/pinklab_minibot_robot/minibot_hardware_interface -DCMAKE_INSTALL_PREFIX=/home/han/Desktop/Han_ws/10.minibot/install/minibot_hardware_interface
[1.511s] Invoking command in '/home/han/Desktop/Han_ws/10.minibot/build/minibot_hardware_interface': CMAKE_PREFIX_PATH=/opt/ros/humble /usr/bin/cmake --build /home/han/Desktop/Han_ws/10.minibot/build/minibot_hardware_interface -- -j12 -l12
[1.552s] [ 50%] [32mBuilding CXX object CMakeFiles/minibot_hardware_interface.dir/src/minibot_system.cpp.o[0m
[1.837s] In file included from [01m[K/home/han/Desktop/Han_ws/10.minibot/src/pinklab_minibot_robot/minibot_hardware_interface/src/minibot_system.cpp:1[m[K:
[1.837s] [01m[K/home/han/Desktop/Han_ws/10.minibot/src/pinklab_minibot_robot/minibot_hardware_interface/include/minibot_hardware_interface/minibot_system.hpp:22:10:[m[K [01;31m[Kfatal error: [m[Klibserial/SerialPort.h: No such file or directory
[1.837s]    22 | #include [01;31m[K<libserial/SerialPort.h>[m[K
[1.837s]       |          [01;31m[K^~~~~~~~~~~~~~~~~~~~~~~~[m[K
[1.838s] compilation terminated.
[1.840s] gmake[2]: *** [CMakeFiles/minibot_hardware_interface.dir/build.make:76: CMakeFiles/minibot_hardware_interface.dir/src/minibot_system.cpp.o] Error 1
[1.840s] gmake[1]: *** [CMakeFiles/Makefile2:137: CMakeFiles/minibot_hardware_interface.dir/all] Error 2
[1.840s] gmake: *** [Makefile:146: all] Error 2
[1.845s] Invoked command in '/home/han/Desktop/Han_ws/10.minibot/build/minibot_hardware_interface' returned '2': CMAKE_PREFIX_PATH=/opt/ros/humble /usr/bin/cmake --build /home/han/Desktop/Han_ws/10.minibot/build/minibot_hardware_interface -- -j12 -l12
