[0.014s] Invoking command in '/home/han/Desktop/Han_ws/10.minibot/build/minibot_interfaces': CMAKE_PREFIX_PATH=/opt/ros/humble /usr/bin/cmake --build /home/han/Desktop/Han_ws/10.minibot/build/minibot_interfaces -- -j12 -l12
[0.052s] [  2%] Built target minibot_interfaces__cpp
[0.052s] [ 12%] Built target minibot_interfaces__rosidl_generator_c
[0.063s] [ 12%] Built target ament_cmake_python_copy_minibot_interfaces
[0.074s] [ 23%] Built target minibot_interfaces__rosidl_typesupport_cpp
[0.074s] [ 43%] Built target minibot_interfaces__rosidl_typesupport_c
[0.075s] [ 43%] Built target minibot_interfaces__rosidl_typesupport_introspection_c
[0.076s] [ 61%] Built target minibot_interfaces__rosidl_typesupport_introspection_cpp
[0.076s] [ 64%] Built target minibot_interfaces__rosidl_typesupport_fastrtps_c
[0.077s] [ 74%] Built target minibot_interfaces__rosidl_typesupport_fastrtps_cpp
[0.092s] [ 74%] Built target minibot_interfaces
[0.108s] [ 76%] Built target minibot_interfaces__py
[0.127s] [ 84%] Built target minibot_interfaces__rosidl_generator_py
[0.145s] [ 94%] Built target minibot_interfaces__rosidl_typesupport_c__pyext
[0.145s] [ 94%] Built target minibot_interfaces__rosidl_typesupport_introspection_c__pyext
[0.145s] [100%] Built target minibot_interfaces__rosidl_typesupport_fastrtps_c__pyext
[0.290s] running egg_info
[0.290s] writing minibot_interfaces.egg-info/PKG-INFO
[0.291s] writing dependency_links to minibot_interfaces.egg-info/dependency_links.txt
[0.291s] writing top-level names to minibot_interfaces.egg-info/top_level.txt
[0.293s] reading manifest file 'minibot_interfaces.egg-info/SOURCES.txt'
[0.293s] writing manifest file 'minibot_interfaces.egg-info/SOURCES.txt'
[0.310s] [100%] Built target ament_cmake_python_build_minibot_interfaces_egg
