[0.009s] Invoking command in '/home/han/Desktop/Han_ws/10.minibot/build/minibot_description': /usr/bin/cmake /home/han/Desktop/Han_ws/10.minibot/src/pinklab_minibot_robot/minibot_description -DCMAKE_INSTALL_PREFIX=/home/han/Desktop/Han_ws/10.minibot/install/minibot_description
[0.025s] [31mCMake Error at CMakeLists.txt:9 (find_package):
[0.025s]   By not providing "Findament_cmake.cmake" in CMAKE_MODULE_PATH this project
[0.025s]   has asked CMake to find a package configuration file provided by
[0.025s]   "ament_cmake", but CMake did not find one.
[0.025s] 
[0.026s]   Could not find a package configuration file provided by "ament_cmake" with
[0.026s]   any of the following names:
[0.026s] 
[0.026s]     ament_cmakeConfig.cmake
[0.026s]     ament_cmake-config.cmake
[0.026s] 
[0.026s]   Add the installation prefix of "ament_cmake" to CMAKE_PREFIX_PATH or set
[0.026s]   "ament_cmake_DIR" to a directory containing one of the above files.  If
[0.026s]   "ament_cmake" provides a separate development package or SDK, be sure it
[0.027s]   has been installed.
[0.027s] 
[0.028s] [0m
[0.028s] -- Configuring incomplete, errors occurred!
[0.028s] See also "/home/han/Desktop/Han_ws/10.minibot/build/minibot_description/CMakeFiles/CMakeOutput.log".
[0.034s] Invoked command in '/home/han/Desktop/Han_ws/10.minibot/build/minibot_description' returned '1': /usr/bin/cmake /home/han/Desktop/Han_ws/10.minibot/src/pinklab_minibot_robot/minibot_description -DCMAKE_INSTALL_PREFIX=/home/han/Desktop/Han_ws/10.minibot/install/minibot_description
