[0.010s] Invoking command in '/home/han/Desktop/Han_ws/10.minibot/build/minibot_navigation2': /usr/bin/cmake /home/han/Desktop/Han_ws/10.minibot/src/pinklab_minibot_robot/minibot_navigation2 -DCMAKE_INSTALL_PREFIX=/home/han/Desktop/Han_ws/10.minibot/install/minibot_navigation2
[0.099s] -- The C compiler identification is GNU 11.4.0
[0.168s] -- The CXX compiler identification is GNU 11.4.0
[0.176s] -- Detecting C compiler ABI info
[0.236s] -- Detecting C compiler ABI info - done
[0.242s] -- Check for working C compiler: /usr/bin/cc - skipped
[0.243s] -- Detecting C compile features
[0.243s] -- Detecting C compile features - done
[0.246s] -- Detecting CXX compiler ABI info
[0.308s] -- Detecting CXX compiler ABI info - done
[0.314s] -- Check for working CXX compiler: /usr/bin/c++ - skipped
[0.314s] -- Detecting CXX compile features
[0.315s] -- Detecting CXX compile features - done
[0.325s] [31mCMake Error at CMakeLists.txt:9 (find_package):
[0.325s]   By not providing "Findament_cmake.cmake" in CMAKE_MODULE_PATH this project
[0.325s]   has asked CMake to find a package configuration file provided by
[0.325s]   "ament_cmake", but CMake did not find one.
[0.325s] 
[0.325s]   Could not find a package configuration file provided by "ament_cmake" with
[0.325s]   any of the following names:
[0.325s] 
[0.325s]     ament_cmakeConfig.cmake
[0.325s]     ament_cmake-config.cmake
[0.325s] 
[0.326s]   Add the installation prefix of "ament_cmake" to CMAKE_PREFIX_PATH or set
[0.326s]   "ament_cmake_DIR" to a directory containing one of the above files.  If
[0.326s]   "ament_cmake" provides a separate development package or SDK, be sure it
[0.326s]   has been installed.
[0.326s] 
[0.326s] [0m
[0.326s] -- Configuring incomplete, errors occurred!
[0.326s] See also "/home/han/Desktop/Han_ws/10.minibot/build/minibot_navigation2/CMakeFiles/CMakeOutput.log".
[0.329s] Invoked command in '/home/han/Desktop/Han_ws/10.minibot/build/minibot_navigation2' returned '1': /usr/bin/cmake /home/han/Desktop/Han_ws/10.minibot/src/pinklab_minibot_robot/minibot_navigation2 -DCMAKE_INSTALL_PREFIX=/home/han/Desktop/Han_ws/10.minibot/install/minibot_navigation2
