[0.009s] Invoking command in '/home/han/Desktop/Han_ws/10.minibot/build/minibot_description': /usr/bin/cmake /home/han/Desktop/Han_ws/10.minibot/src/pinklab_minibot_robot/minibot_description -DCMAKE_INSTALL_PREFIX=/home/han/Desktop/Han_ws/10.minibot/install/minibot_description
[0.105s] -- The C compiler identification is GNU 11.4.0
[0.175s] -- The CXX compiler identification is GNU 11.4.0
[0.182s] -- Detecting C compiler ABI info
[0.242s] -- Detecting C compiler ABI info - done
[0.248s] -- Check for working C compiler: /usr/bin/cc - skipped
[0.249s] -- Detecting C compile features
[0.250s] -- Detecting C compile features - done
[0.252s] -- Detecting CXX compiler ABI info
[0.314s] -- Detecting CXX compiler ABI info - done
[0.321s] -- Check for working CXX compiler: /usr/bin/c++ - skipped
[0.321s] -- Detecting CXX compile features
[0.321s] -- Detecting CXX compile features - done
[0.329s] -- Configuring incomplete, errors occurred!
[0.329s] See also "/home/han/Desktop/Han_ws/10.minibot/build/minibot_description/CMakeFiles/CMakeOutput.log".
[0.329s] [31mCMake Error at CMakeLists.txt:9 (find_package):
[0.330s]   By not providing "Findament_cmake.cmake" in CMAKE_MODULE_PATH this project
[0.330s]   has asked CMake to find a package configuration file provided by
[0.330s]   "ament_cmake", but CMake did not find one.
[0.330s] 
[0.330s]   Could not find a package configuration file provided by "ament_cmake" with
[0.330s]   any of the following names:
[0.330s] 
[0.330s]     ament_cmakeConfig.cmake
[0.330s]     ament_cmake-config.cmake
[0.330s] 
[0.330s]   Add the installation prefix of "ament_cmake" to CMAKE_PREFIX_PATH or set
[0.331s]   "ament_cmake_DIR" to a directory containing one of the above files.  If
[0.331s]   "ament_cmake" provides a separate development package or SDK, be sure it
[0.331s]   has been installed.
[0.331s] 
[0.331s] [0m
[0.334s] Invoked command in '/home/han/Desktop/Han_ws/10.minibot/build/minibot_description' returned '1': /usr/bin/cmake /home/han/Desktop/Han_ws/10.minibot/src/pinklab_minibot_robot/minibot_description -DCMAKE_INSTALL_PREFIX=/home/han/Desktop/Han_ws/10.minibot/install/minibot_description
