[0.357s] Invoking command in '/home/han/Desktop/Han_ws/09.ROS/build/my_first_package_msgs': CMAKE_PREFIX_PATH=${CMAKE_PREFIX_PATH}:/home/han/Desktop/Han_ws/09.ROS/install/my_first_package:/opt/ros/humble /usr/bin/cmake --build /home/han/Desktop/Han_ws/09.ROS/build/my_first_package_msgs -- -j12 -l12
[0.425s] [  6%] Built target my_first_package_msgs__cpp
[0.426s] [ 12%] Built target my_first_package_msgs__rosidl_generator_c
[0.436s] [ 12%] Built target ament_cmake_python_copy_my_first_package_msgs
[0.457s] [ 25%] Built target my_first_package_msgs__rosidl_typesupport_fastrtps_cpp
[0.460s] [ 34%] Built target my_first_package_msgs__rosidl_typesupport_introspection_cpp
[0.471s] [ 44%] Built target my_first_package_msgs__rosidl_typesupport_cpp
[0.482s] [ 65%] Built target my_first_package_msgs__rosidl_typesupport_introspection_c
[0.483s] [ 65%] Built target my_first_package_msgs__rosidl_typesupport_c
[0.487s] [ 76%] Built target my_first_package_msgs__rosidl_typesupport_fastrtps_c
[0.519s] [ 76%] Built target my_first_package_msgs
[0.553s] [ 78%] Built target my_first_package_msgs__py
[0.598s] [ 87%] Built target my_first_package_msgs__rosidl_generator_py
[0.632s] [ 95%] Built target my_first_package_msgs__rosidl_typesupport_fastrtps_c__pyext
[0.632s] [ 95%] Built target my_first_package_msgs__rosidl_typesupport_introspection_c__pyext
[0.632s] [100%] Built target my_first_package_msgs__rosidl_typesupport_c__pyext
[0.815s] running egg_info
[0.817s] writing my_first_package_msgs.egg-info/PKG-INFO
[0.819s] writing dependency_links to my_first_package_msgs.egg-info/dependency_links.txt
[0.819s] writing top-level names to my_first_package_msgs.egg-info/top_level.txt
[0.825s] reading manifest file 'my_first_package_msgs.egg-info/SOURCES.txt'
[0.826s] writing manifest file 'my_first_package_msgs.egg-info/SOURCES.txt'
[0.862s] [100%] Built target ament_cmake_python_build_my_first_package_msgs_egg
[0.876s] Invoked command in '/home/han/Desktop/Han_ws/09.ROS/build/my_first_package_msgs' returned '0': CMAKE_PREFIX_PATH=${CMAKE_PREFIX_PATH}:/home/han/Desktop/Han_ws/09.ROS/install/my_first_package:/opt/ros/humble /usr/bin/cmake --build /home/han/Desktop/Han_ws/09.ROS/build/my_first_package_msgs -- -j12 -l12
[1.004s] Invoking command in '/home/han/Desktop/Han_ws/09.ROS/build/my_first_package_msgs': CMAKE_PREFIX_PATH=${CMAKE_PREFIX_PATH}:/home/han/Desktop/Han_ws/09.ROS/install/my_first_package:/opt/ros/humble /usr/bin/cmake --install /home/han/Desktop/Han_ws/09.ROS/build/my_first_package_msgs
[1.015s] -- Install configuration: ""
[1.016s] -- Up-to-date: /home/han/Desktop/Han_ws/09.ROS/install/my_first_package_msgs/share/ament_index/resource_index/rosidl_interfaces/my_first_package_msgs
[1.016s] -- Up-to-date: /home/han/Desktop/Han_ws/09.ROS/install/my_first_package_msgs/include/my_first_package_msgs/my_first_package_msgs
[1.017s] -- Up-to-date: /home/han/Desktop/Han_ws/09.ROS/install/my_first_package_msgs/include/my_first_package_msgs/my_first_package_msgs/action
[1.017s] -- Up-to-date: /home/han/Desktop/Han_ws/09.ROS/install/my_first_package_msgs/include/my_first_package_msgs/my_first_package_msgs/action/detail
[1.017s] -- Up-to-date: /home/han/Desktop/Han_ws/09.ROS/install/my_first_package_msgs/include/my_first_package_msgs/my_first_package_msgs/action/detail/dist_turtle__type_support.h
[1.017s] -- Up-to-date: /home/han/Desktop/Han_ws/09.ROS/install/my_first_package_msgs/include/my_first_package_msgs/my_first_package_msgs/action/detail/dist_turtle__functions.c
[1.017s] -- Up-to-date: /home/han/Desktop/Han_ws/09.ROS/install/my_first_package_msgs/include/my_first_package_msgs/my_first_package_msgs/action/detail/dist_turtle__functions.h
[1.017s] -- Up-to-date: /home/han/Desktop/Han_ws/09.ROS/install/my_first_package_msgs/include/my_first_package_msgs/my_first_package_msgs/action/detail/dist_turtle__struct.h
[1.017s] -- Up-to-date: /home/han/Desktop/Han_ws/09.ROS/install/my_first_package_msgs/include/my_first_package_msgs/my_first_package_msgs/action/dist_turtle.h
[1.018s] -- Up-to-date: /home/han/Desktop/Han_ws/09.ROS/install/my_first_package_msgs/include/my_first_package_msgs/my_first_package_msgs/srv
[1.018s] -- Up-to-date: /home/han/Desktop/Han_ws/09.ROS/install/my_first_package_msgs/include/my_first_package_msgs/my_first_package_msgs/srv/detail
[1.018s] -- Up-to-date: /home/han/Desktop/Han_ws/09.ROS/install/my_first_package_msgs/include/my_first_package_msgs/my_first_package_msgs/srv/detail/multi_spawn__struct.h
[1.018s] -- Up-to-date: /home/han/Desktop/Han_ws/09.ROS/install/my_first_package_msgs/include/my_first_package_msgs/my_first_package_msgs/srv/detail/multi_spawn__type_support.h
[1.018s] -- Up-to-date: /home/han/Desktop/Han_ws/09.ROS/install/my_first_package_msgs/include/my_first_package_msgs/my_first_package_msgs/srv/detail/multi_spawn__functions.h
[1.019s] -- Up-to-date: /home/han/Desktop/Han_ws/09.ROS/install/my_first_package_msgs/include/my_first_package_msgs/my_first_package_msgs/srv/detail/multi_spawn__functions.c
[1.019s] -- Up-to-date: /home/han/Desktop/Han_ws/09.ROS/install/my_first_package_msgs/include/my_first_package_msgs/my_first_package_msgs/srv/multi_spawn.h
[1.019s] -- Up-to-date: /home/han/Desktop/Han_ws/09.ROS/install/my_first_package_msgs/include/my_first_package_msgs/my_first_package_msgs/msg
[1.019s] -- Up-to-date: /home/han/Desktop/Han_ws/09.ROS/install/my_first_package_msgs/include/my_first_package_msgs/my_first_package_msgs/msg/rosidl_generator_c__visibility_control.h
[1.019s] -- Up-to-date: /home/han/Desktop/Han_ws/09.ROS/install/my_first_package_msgs/include/my_first_package_msgs/my_first_package_msgs/msg/detail
[1.019s] -- Up-to-date: /home/han/Desktop/Han_ws/09.ROS/install/my_first_package_msgs/include/my_first_package_msgs/my_first_package_msgs/msg/detail/cmd_and_pose_vel__functions.h
[1.019s] -- Up-to-date: /home/han/Desktop/Han_ws/09.ROS/install/my_first_package_msgs/include/my_first_package_msgs/my_first_package_msgs/msg/detail/cmd_and_pose_vel__type_support.h
[1.019s] -- Up-to-date: /home/han/Desktop/Han_ws/09.ROS/install/my_first_package_msgs/include/my_first_package_msgs/my_first_package_msgs/msg/detail/cmd_and_pose_vel__struct.h
[1.019s] -- Up-to-date: /home/han/Desktop/Han_ws/09.ROS/install/my_first_package_msgs/include/my_first_package_msgs/my_first_package_msgs/msg/detail/cmd_and_pose_vel__functions.c
[1.020s] -- Up-to-date: /home/han/Desktop/Han_ws/09.ROS/install/my_first_package_msgs/include/my_first_package_msgs/my_first_package_msgs/msg/cmd_and_pose_vel.h
[1.020s] -- Up-to-date: /home/han/Desktop/Han_ws/09.ROS/install/my_first_package_msgs/share/my_first_package_msgs/environment/library_path.sh
[1.020s] -- Up-to-date: /home/han/Desktop/Han_ws/09.ROS/install/my_first_package_msgs/share/my_first_package_msgs/environment/library_path.dsv
[1.020s] -- Up-to-date: /home/han/Desktop/Han_ws/09.ROS/install/my_first_package_msgs/lib/libmy_first_package_msgs__rosidl_generator_c.so
[1.020s] -- Up-to-date: /home/han/Desktop/Han_ws/09.ROS/install/my_first_package_msgs/include/my_first_package_msgs/my_first_package_msgs
[1.020s] -- Up-to-date: /home/han/Desktop/Han_ws/09.ROS/install/my_first_package_msgs/include/my_first_package_msgs/my_first_package_msgs/action
[1.021s] -- Up-to-date: /home/han/Desktop/Han_ws/09.ROS/install/my_first_package_msgs/include/my_first_package_msgs/my_first_package_msgs/action/detail
[1.021s] -- Up-to-date: /home/han/Desktop/Han_ws/09.ROS/install/my_first_package_msgs/include/my_first_package_msgs/my_first_package_msgs/action/detail/dist_turtle__rosidl_typesupport_fastrtps_c.h
[1.021s] -- Up-to-date: /home/han/Desktop/Han_ws/09.ROS/install/my_first_package_msgs/include/my_first_package_msgs/my_first_package_msgs/srv
[1.021s] -- Up-to-date: /home/han/Desktop/Han_ws/09.ROS/install/my_first_package_msgs/include/my_first_package_msgs/my_first_package_msgs/srv/detail
[1.021s] -- Up-to-date: /home/han/Desktop/Han_ws/09.ROS/install/my_first_package_msgs/include/my_first_package_msgs/my_first_package_msgs/srv/detail/multi_spawn__rosidl_typesupport_fastrtps_c.h
[1.021s] -- Up-to-date: /home/han/Desktop/Han_ws/09.ROS/install/my_first_package_msgs/include/my_first_package_msgs/my_first_package_msgs/msg
[1.021s] -- Up-to-date: /home/han/Desktop/Han_ws/09.ROS/install/my_first_package_msgs/include/my_first_package_msgs/my_first_package_msgs/msg/detail
[1.021s] -- Up-to-date: /home/han/Desktop/Han_ws/09.ROS/install/my_first_package_msgs/include/my_first_package_msgs/my_first_package_msgs/msg/detail/cmd_and_pose_vel__rosidl_typesupport_fastrtps_c.h
[1.021s] -- Up-to-date: /home/han/Desktop/Han_ws/09.ROS/install/my_first_package_msgs/include/my_first_package_msgs/my_first_package_msgs/msg/rosidl_typesupport_fastrtps_c__visibility_control.h
[1.022s] -- Up-to-date: /home/han/Desktop/Han_ws/09.ROS/install/my_first_package_msgs/lib/libmy_first_package_msgs__rosidl_typesupport_fastrtps_c.so
[1.022s] -- Up-to-date: /home/han/Desktop/Han_ws/09.ROS/install/my_first_package_msgs/include/my_first_package_msgs/my_first_package_msgs
[1.022s] -- Up-to-date: /home/han/Desktop/Han_ws/09.ROS/install/my_first_package_msgs/include/my_first_package_msgs/my_first_package_msgs/action
[1.022s] -- Up-to-date: /home/han/Desktop/Han_ws/09.ROS/install/my_first_package_msgs/include/my_first_package_msgs/my_first_package_msgs/action/detail
[1.022s] -- Up-to-date: /home/han/Desktop/Han_ws/09.ROS/install/my_first_package_msgs/include/my_first_package_msgs/my_first_package_msgs/action/detail/dist_turtle__rosidl_typesupport_introspection_c.h
[1.022s] -- Up-to-date: /home/han/Desktop/Han_ws/09.ROS/install/my_first_package_msgs/include/my_first_package_msgs/my_first_package_msgs/action/detail/dist_turtle__type_support.c
[1.022s] -- Up-to-date: /home/han/Desktop/Han_ws/09.ROS/install/my_first_package_msgs/include/my_first_package_msgs/my_first_package_msgs/srv
[1.022s] -- Up-to-date: /home/han/Desktop/Han_ws/09.ROS/install/my_first_package_msgs/include/my_first_package_msgs/my_first_package_msgs/srv/detail
[1.022s] -- Up-to-date: /home/han/Desktop/Han_ws/09.ROS/install/my_first_package_msgs/include/my_first_package_msgs/my_first_package_msgs/srv/detail/multi_spawn__rosidl_typesupport_introspection_c.h
[1.023s] -- Up-to-date: /home/han/Desktop/Han_ws/09.ROS/install/my_first_package_msgs/include/my_first_package_msgs/my_first_package_msgs/srv/detail/multi_spawn__type_support.c
[1.023s] -- Up-to-date: /home/han/Desktop/Han_ws/09.ROS/install/my_first_package_msgs/include/my_first_package_msgs/my_first_package_msgs/msg
[1.023s] -- Up-to-date: /home/han/Desktop/Han_ws/09.ROS/install/my_first_package_msgs/include/my_first_package_msgs/my_first_package_msgs/msg/rosidl_typesupport_introspection_c__visibility_control.h
[1.023s] -- Up-to-date: /home/han/Desktop/Han_ws/09.ROS/install/my_first_package_msgs/include/my_first_package_msgs/my_first_package_msgs/msg/detail
[1.023s] -- Up-to-date: /home/han/Desktop/Han_ws/09.ROS/install/my_first_package_msgs/include/my_first_package_msgs/my_first_package_msgs/msg/detail/cmd_and_pose_vel__rosidl_typesupport_introspection_c.h
[1.023s] -- Up-to-date: /home/han/Desktop/Han_ws/09.ROS/install/my_first_package_msgs/include/my_first_package_msgs/my_first_package_msgs/msg/detail/cmd_and_pose_vel__type_support.c
[1.023s] -- Up-to-date: /home/han/Desktop/Han_ws/09.ROS/install/my_first_package_msgs/lib/libmy_first_package_msgs__rosidl_typesupport_introspection_c.so
[1.023s] -- Up-to-date: /home/han/Desktop/Han_ws/09.ROS/install/my_first_package_msgs/lib/libmy_first_package_msgs__rosidl_typesupport_c.so
[1.024s] -- Up-to-date: /home/han/Desktop/Han_ws/09.ROS/install/my_first_package_msgs/include/my_first_package_msgs/my_first_package_msgs
[1.024s] -- Up-to-date: /home/han/Desktop/Han_ws/09.ROS/install/my_first_package_msgs/include/my_first_package_msgs/my_first_package_msgs/action
[1.024s] -- Up-to-date: /home/han/Desktop/Han_ws/09.ROS/install/my_first_package_msgs/include/my_first_package_msgs/my_first_package_msgs/action/detail
[1.024s] -- Up-to-date: /home/han/Desktop/Han_ws/09.ROS/install/my_first_package_msgs/include/my_first_package_msgs/my_first_package_msgs/action/detail/dist_turtle__struct.hpp
[1.024s] -- Up-to-date: /home/han/Desktop/Han_ws/09.ROS/install/my_first_package_msgs/include/my_first_package_msgs/my_first_package_msgs/action/detail/dist_turtle__traits.hpp
[1.024s] -- Up-to-date: /home/han/Desktop/Han_ws/09.ROS/install/my_first_package_msgs/include/my_first_package_msgs/my_first_package_msgs/action/detail/dist_turtle__builder.hpp
[1.024s] -- Up-to-date: /home/han/Desktop/Han_ws/09.ROS/install/my_first_package_msgs/include/my_first_package_msgs/my_first_package_msgs/action/dist_turtle.hpp
[1.024s] -- Up-to-date: /home/han/Desktop/Han_ws/09.ROS/install/my_first_package_msgs/include/my_first_package_msgs/my_first_package_msgs/srv
[1.024s] -- Up-to-date: /home/han/Desktop/Han_ws/09.ROS/install/my_first_package_msgs/include/my_first_package_msgs/my_first_package_msgs/srv/detail
[1.025s] -- Up-to-date: /home/han/Desktop/Han_ws/09.ROS/install/my_first_package_msgs/include/my_first_package_msgs/my_first_package_msgs/srv/detail/multi_spawn__struct.hpp
[1.025s] -- Up-to-date: /home/han/Desktop/Han_ws/09.ROS/install/my_first_package_msgs/include/my_first_package_msgs/my_first_package_msgs/srv/detail/multi_spawn__traits.hpp
[1.025s] -- Up-to-date: /home/han/Desktop/Han_ws/09.ROS/install/my_first_package_msgs/include/my_first_package_msgs/my_first_package_msgs/srv/detail/multi_spawn__builder.hpp
[1.025s] -- Up-to-date: /home/han/Desktop/Han_ws/09.ROS/install/my_first_package_msgs/include/my_first_package_msgs/my_first_package_msgs/srv/multi_spawn.hpp
[1.025s] -- Up-to-date: /home/han/Desktop/Han_ws/09.ROS/install/my_first_package_msgs/include/my_first_package_msgs/my_first_package_msgs/msg
[1.025s] -- Up-to-date: /home/han/Desktop/Han_ws/09.ROS/install/my_first_package_msgs/include/my_first_package_msgs/my_first_package_msgs/msg/cmd_and_pose_vel.hpp
[1.025s] -- Up-to-date: /home/han/Desktop/Han_ws/09.ROS/install/my_first_package_msgs/include/my_first_package_msgs/my_first_package_msgs/msg/detail
[1.025s] -- Up-to-date: /home/han/Desktop/Han_ws/09.ROS/install/my_first_package_msgs/include/my_first_package_msgs/my_first_package_msgs/msg/detail/cmd_and_pose_vel__struct.hpp
[1.025s] -- Up-to-date: /home/han/Desktop/Han_ws/09.ROS/install/my_first_package_msgs/include/my_first_package_msgs/my_first_package_msgs/msg/detail/cmd_and_pose_vel__builder.hpp
[1.025s] -- Up-to-date: /home/han/Desktop/Han_ws/09.ROS/install/my_first_package_msgs/include/my_first_package_msgs/my_first_package_msgs/msg/detail/cmd_and_pose_vel__traits.hpp
[1.025s] -- Up-to-date: /home/han/Desktop/Han_ws/09.ROS/install/my_first_package_msgs/include/my_first_package_msgs/my_first_package_msgs
[1.025s] -- Up-to-date: /home/han/Desktop/Han_ws/09.ROS/install/my_first_package_msgs/include/my_first_package_msgs/my_first_package_msgs/action
[1.025s] -- Up-to-date: /home/han/Desktop/Han_ws/09.ROS/install/my_first_package_msgs/include/my_first_package_msgs/my_first_package_msgs/action/detail
[1.025s] -- Up-to-date: /home/han/Desktop/Han_ws/09.ROS/install/my_first_package_msgs/include/my_first_package_msgs/my_first_package_msgs/action/detail/dist_turtle__rosidl_typesupport_fastrtps_cpp.hpp
[1.026s] -- Up-to-date: /home/han/Desktop/Han_ws/09.ROS/install/my_first_package_msgs/include/my_first_package_msgs/my_first_package_msgs/action/detail/dds_fastrtps
[1.026s] -- Up-to-date: /home/han/Desktop/Han_ws/09.ROS/install/my_first_package_msgs/include/my_first_package_msgs/my_first_package_msgs/srv
[1.026s] -- Up-to-date: /home/han/Desktop/Han_ws/09.ROS/install/my_first_package_msgs/include/my_first_package_msgs/my_first_package_msgs/srv/detail
[1.026s] -- Up-to-date: /home/han/Desktop/Han_ws/09.ROS/install/my_first_package_msgs/include/my_first_package_msgs/my_first_package_msgs/srv/detail/multi_spawn__rosidl_typesupport_fastrtps_cpp.hpp
[1.026s] -- Up-to-date: /home/han/Desktop/Han_ws/09.ROS/install/my_first_package_msgs/include/my_first_package_msgs/my_first_package_msgs/srv/detail/dds_fastrtps
[1.026s] -- Up-to-date: /home/han/Desktop/Han_ws/09.ROS/install/my_first_package_msgs/include/my_first_package_msgs/my_first_package_msgs/msg
[1.026s] -- Up-to-date: /home/han/Desktop/Han_ws/09.ROS/install/my_first_package_msgs/include/my_first_package_msgs/my_first_package_msgs/msg/rosidl_typesupport_fastrtps_cpp__visibility_control.h
[1.026s] -- Up-to-date: /home/han/Desktop/Han_ws/09.ROS/install/my_first_package_msgs/include/my_first_package_msgs/my_first_package_msgs/msg/detail
[1.026s] -- Up-to-date: /home/han/Desktop/Han_ws/09.ROS/install/my_first_package_msgs/include/my_first_package_msgs/my_first_package_msgs/msg/detail/cmd_and_pose_vel__rosidl_typesupport_fastrtps_cpp.hpp
[1.026s] -- Up-to-date: /home/han/Desktop/Han_ws/09.ROS/install/my_first_package_msgs/include/my_first_package_msgs/my_first_package_msgs/msg/detail/dds_fastrtps
[1.026s] -- Up-to-date: /home/han/Desktop/Han_ws/09.ROS/install/my_first_package_msgs/lib/libmy_first_package_msgs__rosidl_typesupport_fastrtps_cpp.so
[1.026s] -- Up-to-date: /home/han/Desktop/Han_ws/09.ROS/install/my_first_package_msgs/include/my_first_package_msgs/my_first_package_msgs
[1.026s] -- Up-to-date: /home/han/Desktop/Han_ws/09.ROS/install/my_first_package_msgs/include/my_first_package_msgs/my_first_package_msgs/action
[1.026s] -- Up-to-date: /home/han/Desktop/Han_ws/09.ROS/install/my_first_package_msgs/include/my_first_package_msgs/my_first_package_msgs/action/detail
[1.026s] -- Up-to-date: /home/han/Desktop/Han_ws/09.ROS/install/my_first_package_msgs/include/my_first_package_msgs/my_first_package_msgs/action/detail/dist_turtle__type_support.cpp
[1.026s] -- Up-to-date: /home/han/Desktop/Han_ws/09.ROS/install/my_first_package_msgs/include/my_first_package_msgs/my_first_package_msgs/action/detail/dist_turtle__rosidl_typesupport_introspection_cpp.hpp
[1.026s] -- Up-to-date: /home/han/Desktop/Han_ws/09.ROS/install/my_first_package_msgs/include/my_first_package_msgs/my_first_package_msgs/srv
[1.026s] -- Up-to-date: /home/han/Desktop/Han_ws/09.ROS/install/my_first_package_msgs/include/my_first_package_msgs/my_first_package_msgs/srv/detail
[1.027s] -- Up-to-date: /home/han/Desktop/Han_ws/09.ROS/install/my_first_package_msgs/include/my_first_package_msgs/my_first_package_msgs/srv/detail/multi_spawn__rosidl_typesupport_introspection_cpp.hpp
[1.027s] -- Up-to-date: /home/han/Desktop/Han_ws/09.ROS/install/my_first_package_msgs/include/my_first_package_msgs/my_first_package_msgs/srv/detail/multi_spawn__type_support.cpp
[1.027s] -- Up-to-date: /home/han/Desktop/Han_ws/09.ROS/install/my_first_package_msgs/include/my_first_package_msgs/my_first_package_msgs/msg
[1.027s] -- Up-to-date: /home/han/Desktop/Han_ws/09.ROS/install/my_first_package_msgs/include/my_first_package_msgs/my_first_package_msgs/msg/detail
[1.027s] -- Up-to-date: /home/han/Desktop/Han_ws/09.ROS/install/my_first_package_msgs/include/my_first_package_msgs/my_first_package_msgs/msg/detail/cmd_and_pose_vel__rosidl_typesupport_introspection_cpp.hpp
[1.027s] -- Up-to-date: /home/han/Desktop/Han_ws/09.ROS/install/my_first_package_msgs/include/my_first_package_msgs/my_first_package_msgs/msg/detail/cmd_and_pose_vel__type_support.cpp
[1.027s] -- Up-to-date: /home/han/Desktop/Han_ws/09.ROS/install/my_first_package_msgs/lib/libmy_first_package_msgs__rosidl_typesupport_introspection_cpp.so
[1.027s] -- Up-to-date: /home/han/Desktop/Han_ws/09.ROS/install/my_first_package_msgs/lib/libmy_first_package_msgs__rosidl_typesupport_cpp.so
[1.027s] -- Up-to-date: /home/han/Desktop/Han_ws/09.ROS/install/my_first_package_msgs/share/my_first_package_msgs/environment/pythonpath.sh
[1.027s] -- Up-to-date: /home/han/Desktop/Han_ws/09.ROS/install/my_first_package_msgs/share/my_first_package_msgs/environment/pythonpath.dsv
[1.027s] -- Up-to-date: /home/han/Desktop/Han_ws/09.ROS/install/my_first_package_msgs/local/lib/python3.10/dist-packages/my_first_package_msgs-0.0.0-py3.10.egg-info
[1.027s] -- Installing: /home/han/Desktop/Han_ws/09.ROS/install/my_first_package_msgs/local/lib/python3.10/dist-packages/my_first_package_msgs-0.0.0-py3.10.egg-info/dependency_links.txt
[1.027s] -- Installing: /home/han/Desktop/Han_ws/09.ROS/install/my_first_package_msgs/local/lib/python3.10/dist-packages/my_first_package_msgs-0.0.0-py3.10.egg-info/PKG-INFO
[1.027s] -- Installing: /home/han/Desktop/Han_ws/09.ROS/install/my_first_package_msgs/local/lib/python3.10/dist-packages/my_first_package_msgs-0.0.0-py3.10.egg-info/top_level.txt
[1.027s] -- Installing: /home/han/Desktop/Han_ws/09.ROS/install/my_first_package_msgs/local/lib/python3.10/dist-packages/my_first_package_msgs-0.0.0-py3.10.egg-info/SOURCES.txt
[1.027s] -- Up-to-date: /home/han/Desktop/Han_ws/09.ROS/install/my_first_package_msgs/local/lib/python3.10/dist-packages/my_first_package_msgs
[1.027s] -- Up-to-date: /home/han/Desktop/Han_ws/09.ROS/install/my_first_package_msgs/local/lib/python3.10/dist-packages/my_first_package_msgs/__init__.py
[1.027s] -- Up-to-date: /home/han/Desktop/Han_ws/09.ROS/install/my_first_package_msgs/local/lib/python3.10/dist-packages/my_first_package_msgs/action
[1.027s] -- Up-to-date: /home/han/Desktop/Han_ws/09.ROS/install/my_first_package_msgs/local/lib/python3.10/dist-packages/my_first_package_msgs/action/__init__.py
[1.028s] -- Up-to-date: /home/han/Desktop/Han_ws/09.ROS/install/my_first_package_msgs/local/lib/python3.10/dist-packages/my_first_package_msgs/action/_dist_turtle.py
[1.028s] -- Up-to-date: /home/han/Desktop/Han_ws/09.ROS/install/my_first_package_msgs/local/lib/python3.10/dist-packages/my_first_package_msgs/action/_dist_turtle_s.c
[1.028s] -- Up-to-date: /home/han/Desktop/Han_ws/09.ROS/install/my_first_package_msgs/local/lib/python3.10/dist-packages/my_first_package_msgs/_my_first_package_msgs_s.ep.rosidl_typesupport_introspection_c.c
[1.028s] -- Up-to-date: /home/han/Desktop/Han_ws/09.ROS/install/my_first_package_msgs/local/lib/python3.10/dist-packages/my_first_package_msgs/my_first_package_msgs_s__rosidl_typesupport_introspection_c.cpython-310-x86_64-linux-gnu.so
[1.028s] -- Up-to-date: /home/han/Desktop/Han_ws/09.ROS/install/my_first_package_msgs/local/lib/python3.10/dist-packages/my_first_package_msgs/srv
[1.028s] -- Up-to-date: /home/han/Desktop/Han_ws/09.ROS/install/my_first_package_msgs/local/lib/python3.10/dist-packages/my_first_package_msgs/srv/__init__.py
[1.028s] -- Up-to-date: /home/han/Desktop/Han_ws/09.ROS/install/my_first_package_msgs/local/lib/python3.10/dist-packages/my_first_package_msgs/srv/_multi_spawn.py
[1.028s] -- Up-to-date: /home/han/Desktop/Han_ws/09.ROS/install/my_first_package_msgs/local/lib/python3.10/dist-packages/my_first_package_msgs/srv/_multi_spawn_s.c
[1.028s] -- Up-to-date: /home/han/Desktop/Han_ws/09.ROS/install/my_first_package_msgs/local/lib/python3.10/dist-packages/my_first_package_msgs/my_first_package_msgs_s__rosidl_typesupport_fastrtps_c.cpython-310-x86_64-linux-gnu.so
[1.028s] -- Up-to-date: /home/han/Desktop/Han_ws/09.ROS/install/my_first_package_msgs/local/lib/python3.10/dist-packages/my_first_package_msgs/_my_first_package_msgs_s.ep.rosidl_typesupport_c.c
[1.028s] -- Up-to-date: /home/han/Desktop/Han_ws/09.ROS/install/my_first_package_msgs/local/lib/python3.10/dist-packages/my_first_package_msgs/my_first_package_msgs_s__rosidl_typesupport_c.cpython-310-x86_64-linux-gnu.so
[1.028s] -- Up-to-date: /home/han/Desktop/Han_ws/09.ROS/install/my_first_package_msgs/local/lib/python3.10/dist-packages/my_first_package_msgs/_my_first_package_msgs_s.ep.rosidl_typesupport_fastrtps_c.c
[1.028s] -- Up-to-date: /home/han/Desktop/Han_ws/09.ROS/install/my_first_package_msgs/local/lib/python3.10/dist-packages/my_first_package_msgs/libmy_first_package_msgs__rosidl_generator_py.so
[1.028s] -- Up-to-date: /home/han/Desktop/Han_ws/09.ROS/install/my_first_package_msgs/local/lib/python3.10/dist-packages/my_first_package_msgs/msg
[1.028s] -- Up-to-date: /home/han/Desktop/Han_ws/09.ROS/install/my_first_package_msgs/local/lib/python3.10/dist-packages/my_first_package_msgs/msg/__init__.py
[1.028s] -- Up-to-date: /home/han/Desktop/Han_ws/09.ROS/install/my_first_package_msgs/local/lib/python3.10/dist-packages/my_first_package_msgs/msg/_cmd_and_pose_vel_s.c
[1.028s] -- Up-to-date: /home/han/Desktop/Han_ws/09.ROS/install/my_first_package_msgs/local/lib/python3.10/dist-packages/my_first_package_msgs/msg/_cmd_and_pose_vel.py
[1.070s] Listing '/home/han/Desktop/Han_ws/09.ROS/install/my_first_package_msgs/local/lib/python3.10/dist-packages/my_first_package_msgs'...
[1.070s] Listing '/home/han/Desktop/Han_ws/09.ROS/install/my_first_package_msgs/local/lib/python3.10/dist-packages/my_first_package_msgs/action'...
[1.071s] Listing '/home/han/Desktop/Han_ws/09.ROS/install/my_first_package_msgs/local/lib/python3.10/dist-packages/my_first_package_msgs/msg'...
[1.071s] Listing '/home/han/Desktop/Han_ws/09.ROS/install/my_first_package_msgs/local/lib/python3.10/dist-packages/my_first_package_msgs/srv'...
[1.076s] -- Up-to-date: /home/han/Desktop/Han_ws/09.ROS/install/my_first_package_msgs/local/lib/python3.10/dist-packages/my_first_package_msgs/my_first_package_msgs_s__rosidl_typesupport_fastrtps_c.cpython-310-x86_64-linux-gnu.so
[1.076s] -- Up-to-date: /home/han/Desktop/Han_ws/09.ROS/install/my_first_package_msgs/local/lib/python3.10/dist-packages/my_first_package_msgs/my_first_package_msgs_s__rosidl_typesupport_introspection_c.cpython-310-x86_64-linux-gnu.so
[1.076s] -- Up-to-date: /home/han/Desktop/Han_ws/09.ROS/install/my_first_package_msgs/local/lib/python3.10/dist-packages/my_first_package_msgs/my_first_package_msgs_s__rosidl_typesupport_c.cpython-310-x86_64-linux-gnu.so
[1.076s] -- Up-to-date: /home/han/Desktop/Han_ws/09.ROS/install/my_first_package_msgs/lib/libmy_first_package_msgs__rosidl_generator_py.so
[1.077s] -- Up-to-date: /home/han/Desktop/Han_ws/09.ROS/install/my_first_package_msgs/share/my_first_package_msgs/msg/CmdAndPoseVel.idl
[1.077s] -- Up-to-date: /home/han/Desktop/Han_ws/09.ROS/install/my_first_package_msgs/share/my_first_package_msgs/srv/MultiSpawn.idl
[1.077s] -- Up-to-date: /home/han/Desktop/Han_ws/09.ROS/install/my_first_package_msgs/share/my_first_package_msgs/action/DistTurtle.idl
[1.077s] -- Up-to-date: /home/han/Desktop/Han_ws/09.ROS/install/my_first_package_msgs/share/my_first_package_msgs/msg/CmdAndPoseVel.msg
[1.077s] -- Up-to-date: /home/han/Desktop/Han_ws/09.ROS/install/my_first_package_msgs/share/my_first_package_msgs/srv/MultiSpawn.srv
[1.077s] -- Up-to-date: /home/han/Desktop/Han_ws/09.ROS/install/my_first_package_msgs/share/my_first_package_msgs/srv/MultiSpawn_Request.msg
[1.077s] -- Up-to-date: /home/han/Desktop/Han_ws/09.ROS/install/my_first_package_msgs/share/my_first_package_msgs/srv/MultiSpawn_Response.msg
[1.077s] -- Up-to-date: /home/han/Desktop/Han_ws/09.ROS/install/my_first_package_msgs/share/my_first_package_msgs/action/DistTurtle.action
[1.077s] -- Up-to-date: /home/han/Desktop/Han_ws/09.ROS/install/my_first_package_msgs/share/ament_index/resource_index/package_run_dependencies/my_first_package_msgs
[1.077s] -- Up-to-date: /home/han/Desktop/Han_ws/09.ROS/install/my_first_package_msgs/share/ament_index/resource_index/parent_prefix_path/my_first_package_msgs
[1.077s] -- Up-to-date: /home/han/Desktop/Han_ws/09.ROS/install/my_first_package_msgs/share/my_first_package_msgs/environment/ament_prefix_path.sh
[1.077s] -- Up-to-date: /home/han/Desktop/Han_ws/09.ROS/install/my_first_package_msgs/share/my_first_package_msgs/environment/ament_prefix_path.dsv
[1.077s] -- Up-to-date: /home/han/Desktop/Han_ws/09.ROS/install/my_first_package_msgs/share/my_first_package_msgs/environment/path.sh
[1.078s] -- Up-to-date: /home/han/Desktop/Han_ws/09.ROS/install/my_first_package_msgs/share/my_first_package_msgs/environment/path.dsv
[1.078s] -- Up-to-date: /home/han/Desktop/Han_ws/09.ROS/install/my_first_package_msgs/share/my_first_package_msgs/local_setup.bash
[1.078s] -- Up-to-date: /home/han/Desktop/Han_ws/09.ROS/install/my_first_package_msgs/share/my_first_package_msgs/local_setup.sh
[1.078s] -- Up-to-date: /home/han/Desktop/Han_ws/09.ROS/install/my_first_package_msgs/share/my_first_package_msgs/local_setup.zsh
[1.078s] -- Up-to-date: /home/han/Desktop/Han_ws/09.ROS/install/my_first_package_msgs/share/my_first_package_msgs/local_setup.dsv
[1.078s] -- Installing: /home/han/Desktop/Han_ws/09.ROS/install/my_first_package_msgs/share/my_first_package_msgs/package.dsv
[1.078s] -- Up-to-date: /home/han/Desktop/Han_ws/09.ROS/install/my_first_package_msgs/share/ament_index/resource_index/packages/my_first_package_msgs
[1.078s] -- Up-to-date: /home/han/Desktop/Han_ws/09.ROS/install/my_first_package_msgs/share/my_first_package_msgs/cmake/export_my_first_package_msgs__rosidl_generator_cExport.cmake
[1.078s] -- Up-to-date: /home/han/Desktop/Han_ws/09.ROS/install/my_first_package_msgs/share/my_first_package_msgs/cmake/export_my_first_package_msgs__rosidl_generator_cExport-noconfig.cmake
[1.078s] -- Up-to-date: /home/han/Desktop/Han_ws/09.ROS/install/my_first_package_msgs/share/my_first_package_msgs/cmake/export_my_first_package_msgs__rosidl_typesupport_fastrtps_cExport.cmake
[1.078s] -- Up-to-date: /home/han/Desktop/Han_ws/09.ROS/install/my_first_package_msgs/share/my_first_package_msgs/cmake/export_my_first_package_msgs__rosidl_typesupport_fastrtps_cExport-noconfig.cmake
[1.078s] -- Up-to-date: /home/han/Desktop/Han_ws/09.ROS/install/my_first_package_msgs/share/my_first_package_msgs/cmake/my_first_package_msgs__rosidl_typesupport_introspection_cExport.cmake
[1.078s] -- Up-to-date: /home/han/Desktop/Han_ws/09.ROS/install/my_first_package_msgs/share/my_first_package_msgs/cmake/my_first_package_msgs__rosidl_typesupport_introspection_cExport-noconfig.cmake
[1.078s] -- Up-to-date: /home/han/Desktop/Han_ws/09.ROS/install/my_first_package_msgs/share/my_first_package_msgs/cmake/my_first_package_msgs__rosidl_typesupport_cExport.cmake
[1.078s] -- Up-to-date: /home/han/Desktop/Han_ws/09.ROS/install/my_first_package_msgs/share/my_first_package_msgs/cmake/my_first_package_msgs__rosidl_typesupport_cExport-noconfig.cmake
[1.079s] -- Up-to-date: /home/han/Desktop/Han_ws/09.ROS/install/my_first_package_msgs/share/my_first_package_msgs/cmake/export_my_first_package_msgs__rosidl_generator_cppExport.cmake
[1.079s] -- Up-to-date: /home/han/Desktop/Han_ws/09.ROS/install/my_first_package_msgs/share/my_first_package_msgs/cmake/export_my_first_package_msgs__rosidl_typesupport_fastrtps_cppExport.cmake
[1.079s] -- Up-to-date: /home/han/Desktop/Han_ws/09.ROS/install/my_first_package_msgs/share/my_first_package_msgs/cmake/export_my_first_package_msgs__rosidl_typesupport_fastrtps_cppExport-noconfig.cmake
[1.079s] -- Up-to-date: /home/han/Desktop/Han_ws/09.ROS/install/my_first_package_msgs/share/my_first_package_msgs/cmake/my_first_package_msgs__rosidl_typesupport_introspection_cppExport.cmake
[1.079s] -- Up-to-date: /home/han/Desktop/Han_ws/09.ROS/install/my_first_package_msgs/share/my_first_package_msgs/cmake/my_first_package_msgs__rosidl_typesupport_introspection_cppExport-noconfig.cmake
[1.079s] -- Up-to-date: /home/han/Desktop/Han_ws/09.ROS/install/my_first_package_msgs/share/my_first_package_msgs/cmake/my_first_package_msgs__rosidl_typesupport_cppExport.cmake
[1.079s] -- Up-to-date: /home/han/Desktop/Han_ws/09.ROS/install/my_first_package_msgs/share/my_first_package_msgs/cmake/my_first_package_msgs__rosidl_typesupport_cppExport-noconfig.cmake
[1.079s] -- Up-to-date: /home/han/Desktop/Han_ws/09.ROS/install/my_first_package_msgs/share/my_first_package_msgs/cmake/export_my_first_package_msgs__rosidl_generator_pyExport.cmake
[1.079s] -- Up-to-date: /home/han/Desktop/Han_ws/09.ROS/install/my_first_package_msgs/share/my_first_package_msgs/cmake/export_my_first_package_msgs__rosidl_generator_pyExport-noconfig.cmake
[1.079s] -- Up-to-date: /home/han/Desktop/Han_ws/09.ROS/install/my_first_package_msgs/share/my_first_package_msgs/cmake/rosidl_cmake-extras.cmake
[1.079s] -- Up-to-date: /home/han/Desktop/Han_ws/09.ROS/install/my_first_package_msgs/share/my_first_package_msgs/cmake/ament_cmake_export_dependencies-extras.cmake
[1.079s] -- Up-to-date: /home/han/Desktop/Han_ws/09.ROS/install/my_first_package_msgs/share/my_first_package_msgs/cmake/ament_cmake_export_include_directories-extras.cmake
[1.079s] -- Up-to-date: /home/han/Desktop/Han_ws/09.ROS/install/my_first_package_msgs/share/my_first_package_msgs/cmake/ament_cmake_export_libraries-extras.cmake
[1.079s] -- Up-to-date: /home/han/Desktop/Han_ws/09.ROS/install/my_first_package_msgs/share/my_first_package_msgs/cmake/ament_cmake_export_targets-extras.cmake
[1.079s] -- Up-to-date: /home/han/Desktop/Han_ws/09.ROS/install/my_first_package_msgs/share/my_first_package_msgs/cmake/rosidl_cmake_export_typesupport_targets-extras.cmake
[1.079s] -- Up-to-date: /home/han/Desktop/Han_ws/09.ROS/install/my_first_package_msgs/share/my_first_package_msgs/cmake/rosidl_cmake_export_typesupport_libraries-extras.cmake
[1.079s] -- Up-to-date: /home/han/Desktop/Han_ws/09.ROS/install/my_first_package_msgs/share/my_first_package_msgs/cmake/my_first_package_msgsConfig.cmake
[1.079s] -- Up-to-date: /home/han/Desktop/Han_ws/09.ROS/install/my_first_package_msgs/share/my_first_package_msgs/cmake/my_first_package_msgsConfig-version.cmake
[1.080s] -- Up-to-date: /home/han/Desktop/Han_ws/09.ROS/install/my_first_package_msgs/share/my_first_package_msgs/package.xml
[1.083s] Invoked command in '/home/han/Desktop/Han_ws/09.ROS/build/my_first_package_msgs' returned '0': CMAKE_PREFIX_PATH=${CMAKE_PREFIX_PATH}:/home/han/Desktop/Han_ws/09.ROS/install/my_first_package:/opt/ros/humble /usr/bin/cmake --install /home/han/Desktop/Han_ws/09.ROS/build/my_first_package_msgs
